! Model building for small nodules

new @


names 
IDN	
byear AGE_EXM	AGE_EXP	YEAR_EXM 
SEX_L	
OBL_M	OBL_86	UR_RUR	ur_rur86
thnod_prev	max_size nod_sz nod_sz3 thcount nod_neohc nod_neo
tc	prevcases FA_PREV 
DOSE_GYAV_S		
IODINE	tvolume TSH	TG	atg 
SMOKE_F	VITAM_F		
AIT_TOTF goiter_df_pal NDG_RELF ANY_FHF1
Cytology CytologyRecomend Operat OperatRecomend RefOnko fnb
@


skip 1 @

input 'E:\NCI\IR_Nod_Prev_BelAm\Data\dose_tnprev_belam_exclude1.csv' @

Input from E:\NCI\IR_Nod_Prev_BelAm\Data\dose_tnprev_belam_exclude1.csv

       11422 records read       11421 records used
                                    1 records rejected

40 variables defined  At least 500 additional variables can be created.



tran dgy=dose_gyav_s;
     dgysq=dgy*dgy;
     ex2=(age_exp-2);
     ex4=(age_exp-4);
     ex5=(age_exp-5);
     ex8=(age_exp-8);
     ex8sq=ex8*ex8;
     age21=(age_exm-21);
     age21sq=age21*age21;
     lage21 = log(age_exm/21) ;
     lage21sq = lage21^2 ;
     tvol13=(tvolume-13);
     tvol13sq=tvol13*tvol13;
     yob1983=(byear-1983);

     if any_fhf1==-1 then any_fhf1=2 !2 recoded to missing
     endif; 

     if smoke_f==-1 then smoke_f=2
     endif;
     
     if ismiss(goiter_df_pal)==1 then goiter_df_pal=2
     endif;


     if obl_m==1 then obl_mn=2 !Gomel
     elif obl_m==2 or obl_m==4 then obl_mn=1 !Minsk
     else obl_mn=3 !Mogilev and others
     endif;

     if obl_86==1 then obl_86n=2 !Gomel
     elif obl_86==2 or obl_86==4 then obl_86n=1 !Minsk
     else obl_86n=3 !Mogilev and others
     endif;

     if ur_rur86==1 then ur_rur86n=1 !Rural
     elif ur_rur86==2 or ur_rur86==3 or ur_rur86==4 then ur_rur86n=2 !Urban
     endif;

     if tvolume>=18 and sex_l==1 then tvlarge=1 !Thyroid enlargement for women
     elif tvolume>=25 and sex_l==0 then tvlarge=1  !Thyroid enlargement for men
     else tvlarge=0 !Normal thyroid
     endif;

     iod100=(iodine-100);
     iod60=(iodine-60);
     iodinen=iodine;
     if ismiss(iodine)==1 then iodinen=9999
     endif; 


@

 
levels   
SEX_L	 
OBL_M	obl_mn OBL_86 obl_86n	UR_RUR	ur_rur86 ur_rur86n
thnod_prev nod_sz nod_sz3 thcount nod_neohc nod_neo
tc	prevcases FA_PREV 
SMOKE_F	VITAM_F		
AIT_TOTF goiter_df_pal NDG_RELF ANY_FHF1
Cytology CytologyRecomend Operat OperatRecomend RefOnko fnb
tvlarge 
@

SEX_L has 2 levels from 0 to 1
OBL_M has 5 levels from 1 to 5
obl_mn has 3 levels from 1 to 3
OBL_86 has 8 levels from 1 to 8
obl_86n has 3 levels from 1 to 3
UR_RUR has 2 levels from 0 to 1
ur_rur86 has 4 levels from 1 to 4
ur_rur86n has 2 levels from 1 to 2
thnod_prev has 2 levels from 0 to 1
nod_sz has 3 levels from 0 to 2
nod_sz3 has 4 levels from 0 to 3
thcount has 5 levels from 0 to 4
nod_neohc has 2 levels from 0 to 1
nod_neo has 2 levels from 0 to 1
tc has 4 levels from 0 to 3
prevcases has 2 levels from 0 to 1
FA_PREV has 2 levels from 0 to 1
SMOKE_F has 3 levels from 0 to 2
VITAM_F has 2 levels from 0 to 1
AIT_TOTF has 3 levels from -1 to 1
goiter_df_pal has 3 levels from 0 to 2
NDG_RELF has 3 levels from -1 to 1
ANY_FHF1 has 3 levels from 0 to 2
Cytology has 2 levels from 1 to 2
CytologyRecomend has 2 levels from 0 to 1
Operat has 2 levels from 1 to 2
OperatRecomend has 2 levels from 0 to 1
RefOnko has 4 levels from 0 to 3
fnb has 3 levels from 1 to 3
tvlarge has 2 levels from 0 to 1

categ byear as dobyrct </1973/ 1978/ 1983/ 1987/ > @

dobyrct has 5 levels from 1 to 5

categ age_exm as agect </ 18/ 25/ > @

agect has 3 levels from 1 to 3

categ age_exp as exct </2/5/ > @ 

exct has 3 levels from 1 to 3

categ year_exm as yearexmct </ 1998/ 1999/ 2000/ 2001/> @

yearexmct has 5 levels from 1 to 5

categ tvolume as tvct </ 8/ 10/ 14/ > @

tvct has 4 levels from 1 to 4

categ iodinen as iodct </20/9998> @

iodct has 3 levels from 1 to 3

categ dgy as dct7  </ 0.1000/ 0.2500/ 0.500/ 1.000/ 2.000/ 4.000/> @

dct7 has 7 levels from 1 to 7


tran 
if        dct7==1 then dct7num=1
     elif dct7==2 then dct7num=2
     elif dct7==3 then dct7num=3
     elif dct7==4 then dct7num=4
     elif dct7==5 then dct7num=5
     elif dct7==6 then dct7num=6
     else              dct7num=7
     endif;

@


! Table 3 Cases
cases thnod_prev @
freq nod_sz thnod_prev @

Entries:
         count

             thnod_prev
nod_sz     |         0         1 |  Total
-----------+---------------------+----------
      0    |     10540         0 |     10540
      1    |         0       602 |       602
      2    |         0       279 |       279
-----------+---------------------+----------
     Total |     10540       881 |     11421


select (nod_sz==1 or thnod_prev==0)@

11142 records to be used



freq nod_sz thnod_prev @

Entries:
         count

Using (nod_sz==1 or thnod_prev==0)

             thnod_prev
nod_sz     |         0         1 |  Total
-----------+---------------------+----------
      0    |     10540         0 |     10540
      1    |         0       602 |       602
      2    |         0         0 |         0
-----------+---------------------+----------
     Total |     10540       602 |     11142




! Background
! A priori: sex, attained age, log age at exposure 
! To examine: UR_RUR, oblast, iodine,  tvlarge, goiter_df_pal,any_fhf1, vitam_f

!Urban rural
nomodel @
logl 0 sex_l lage21  ex5 @

line 1 dgy@

fit@ 
          Iter  Step      Deviance

             0     0    15446.092
             1     0     5560.936
             2     0     4657.379
             3     0     4543.323
             4     0     4536.949
             5     0     4536.909
             6     0     4536.909

Binomial odds regression
Additive excess relative risk T0 * (1 + T1 + T2 + ...)

Using (nod_sz==1 or thnod_prev==0)

thnod_prev is used for cases
Bernoulli trials


                            Parameter Summary Table

 # Name                            Estimate     Std.Err.  Test Stat.  P value
-- ----------------------------   ----------   ---------  ----------  --------
Log-linear term 0
 1 %CON.....................         -2.985      0.1309     -22.81    < 0.001
 3 SEX_L_1..................         0.3353     0.08573      3.912    < 0.001
 4 lage21...................          3.752      0.7436      5.046    < 0.001
 5 ex5......................       -0.08919     0.03522     -2.533     0.0113

Linear term 1
 6 dgy......................         0.2583     0.08132      3.176    0.00149

            Records used        11142

                Deviance     4536.909
                     AIC     4546.909
            Pearson Chi2     11021.34      Degrees of freedom   11137



null@
logl 0 +UR_RUR  @ fit@ 
          Iter  Step      Deviance

             0     0     4536.909
             1     0     4526.821
             2     0     4526.793
             3     0     4526.793

Binomial odds regression
Additive excess relative risk T0 * (1 + T1 + T2 + ...)

Using (nod_sz==1 or thnod_prev==0)

thnod_prev is used for cases
Bernoulli trials


                            Parameter Summary Table

 # Name                            Estimate     Std.Err.  Test Stat.  P value
-- ----------------------------   ----------   ---------  ----------  --------
Log-linear term 0
 1 %CON.....................         -3.194      0.1486      -21.5    < 0.001
 3 SEX_L_1..................         0.3287     0.08581      3.831    < 0.001
 5 UR_RUR_1.................         0.2891     0.09223      3.135    0.00172
 6 lage21...................          3.786      0.7456      5.078    < 0.001
 7 ex5......................       -0.08941     0.03529     -2.533     0.0113

Linear term 1
 8 dgy......................         0.3322      0.0967      3.435    < 0.001

            Records used        11142

                Deviance     4526.793
                     AIC     4538.793
            Pearson Chi2     11068.48      Degrees of freedom   11136



lrt@

             LR statistic       10.12      Degrees of freedom      1
                  P value     0.00147

logl 0 -UR_RUR +ur_rur86n  @ fit@ 
          Iter  Step      Deviance

             0     0     4554.766
             1     0     4535.353
             2     0     4535.073
             3     0     4535.073

Binomial odds regression
Additive excess relative risk T0 * (1 + T1 + T2 + ...)

Using (nod_sz==1 or thnod_prev==0)

thnod_prev is used for cases
Bernoulli trials


                            Parameter Summary Table

 # Name                            Estimate     Std.Err.  Test Stat.  P value
-- ----------------------------   ----------   ---------  ----------  --------
Log-linear term 0
 1 %CON.....................         -3.057      0.1425     -21.46    < 0.001
 3 SEX_L_1..................         0.3362     0.08575      3.921    < 0.001
 5 ur_rur86n_2..............         0.1248     0.09244       1.35      0.177
 6 lage21...................          3.769      0.7445      5.063    < 0.001
 7 ex5......................       -0.08794     0.03525     -2.495     0.0126

Linear term 1
 8 dgy......................         0.2949     0.09242      3.191    0.00142

            Records used        11142

                Deviance     4535.073
                     AIC     4547.073
            Pearson Chi2     11040.37      Degrees of freedom   11136



lrt@

!Oblast

             LR statistic       1.836      Degrees of freedom      1
                  P value       0.175

nomodel @
logl 0 sex_l lage21  ex5 UR_RUR@

line 1 dgy@

fit@ 
          Iter  Step      Deviance

             0     0    15446.092
             1     0     5557.459
             2     0     4649.962
             3     0     4533.456
             4     0     4526.830
             5     0     4526.793
             6     0     4526.793

Binomial odds regression
Additive excess relative risk T0 * (1 + T1 + T2 + ...)

Using (nod_sz==1 or thnod_prev==0)

thnod_prev is used for cases
Bernoulli trials


                            Parameter Summary Table

 # Name                            Estimate     Std.Err.  Test Stat.  P value
-- ----------------------------   ----------   ---------  ----------  --------
Log-linear term 0
 1 %CON.....................         -3.194      0.1486      -21.5    < 0.001
 3 SEX_L_1..................         0.3287     0.08581      3.831    < 0.001
 5 UR_RUR_1.................         0.2891     0.09223      3.135    0.00172
 6 lage21...................          3.786      0.7456      5.078    < 0.001
 7 ex5......................       -0.08941     0.03529     -2.533     0.0113

Linear term 1
 8 dgy......................         0.3322      0.0967      3.435    < 0.001

            Records used        11142

                Deviance     4526.793
                     AIC     4538.793
            Pearson Chi2     11068.46      Degrees of freedom   11136



null@
logl 0 +obl_mn  @ fit@ 
          Iter  Step      Deviance

             0     0     4526.793
             1     0     4519.048
             2     0     4518.929
             3     0     4518.929

Binomial odds regression
Additive excess relative risk T0 * (1 + T1 + T2 + ...)

Using (nod_sz==1 or thnod_prev==0)

thnod_prev is used for cases
Bernoulli trials


                            Parameter Summary Table

 # Name                            Estimate     Std.Err.  Test Stat.  P value
-- ----------------------------   ----------   ---------  ----------  --------
Log-linear term 0
 1 %CON.....................         -3.184      0.1715     -18.57    < 0.001
 3 SEX_L_1..................         0.3270     0.08586      3.808    < 0.001
 5 UR_RUR_1.................         0.2890     0.09535      3.031    0.00243
 7 obl_mn_2.................        0.08336      0.1073     0.7766      0.437
 8 obl_mn_3.................        -0.3368      0.1744     -1.931     0.0535
 9 lage21...................          3.886      0.7506      5.177    < 0.001
10 ex5......................       -0.09505     0.03543     -2.683     0.0073

Linear term 1
11 dgy......................         0.3027     0.09423      3.212    0.00132

            Records used        11142

                Deviance     4518.929
                     AIC     4534.929
            Pearson Chi2     11109.05      Degrees of freedom   11134



lrt@

             LR statistic       7.864      Degrees of freedom      2
                  P value      0.0196

logl 0 -obl_mn +obl_86n  @ fit@ 
          Iter  Step      Deviance

             0     0     4527.230
             1     0     4517.814
             2     0     4517.659
             3     0     4517.659

Binomial odds regression
Additive excess relative risk T0 * (1 + T1 + T2 + ...)

Using (nod_sz==1 or thnod_prev==0)

thnod_prev is used for cases
Bernoulli trials


                            Parameter Summary Table

 # Name                            Estimate     Std.Err.  Test Stat.  P value
-- ----------------------------   ----------   ---------  ----------  --------
Log-linear term 0
 1 %CON.....................         -3.228      0.1886     -17.12    < 0.001
 3 SEX_L_1..................         0.3270     0.08584      3.809    < 0.001
 5 UR_RUR_1.................         0.2921     0.09419      3.101    0.00193
 7 obl_86n_2................         0.1416      0.1359      1.042      0.298
 8 obl_86n_3................        -0.3448      0.2073     -1.663     0.0963
 9 lage21...................          3.954      0.7488       5.28    < 0.001
10 ex5......................       -0.09852     0.03544      -2.78    0.00544

Linear term 1
11 dgy......................         0.2818     0.09211      3.059    0.00222

            Records used        11142

                Deviance     4517.659
                     AIC     4533.659
            Pearson Chi2     11099.32      Degrees of freedom   11134



lrt@


!Iodine

             LR statistic       9.135      Degrees of freedom      2
                  P value      0.0104

select  (nod_sz==2 or thnod_prev==0) and ismiss(iodine)==0@

10678 records to be used


nomodel @

select  (nod_sz==1 or thnod_prev==0) and ismiss(iodine)==0@

10999 records to be used


nomodel @
logl 0 sex_l lage21  ex5 ur_rur  @

line 1 dgy@

fit@ 
          Iter  Step      Deviance

             0     0    15247.852
             1     0     5497.342
             2     0     4604.398
             3     0     4490.249
             4     0     4483.847
             5     0     4483.813
             6     0     4483.813

Binomial odds regression
Additive excess relative risk T0 * (1 + T1 + T2 + ...)

Using (nod_sz==1 or thnod_prev==0) and ismiss(iodine)==0

thnod_prev is used for cases
Bernoulli trials


                            Parameter Summary Table

 # Name                            Estimate     Std.Err.  Test Stat.  P value
-- ----------------------------   ----------   ---------  ----------  --------
Log-linear term 0
 1 %CON.....................         -3.199      0.1495      -21.4    < 0.001
 3 SEX_L_1..................         0.3427     0.08621      3.976    < 0.001
 5 UR_RUR_1.................         0.2923     0.09267      3.155    0.00161
 6 lage21...................          3.768      0.7499      5.024    < 0.001
 7 ex5......................       -0.08949     0.03552     -2.519     0.0118

Linear term 1
 8 dgy......................         0.3355     0.09759      3.438    < 0.001

            Records used        10999

                Deviance     4483.813
                     AIC     4495.813
            Pearson Chi2     10922.73      Degrees of freedom   10993



null@
logl 0 +iodine  @ fit@ 
          Iter  Step      Deviance

             0     0     4483.813
             1     0     4483.728
             2     0     4483.728

Binomial odds regression
Additive excess relative risk T0 * (1 + T1 + T2 + ...)

Using (nod_sz==1 or thnod_prev==0) and ismiss(iodine)==0

thnod_prev is used for cases
Bernoulli trials


                            Parameter Summary Table

 # Name                            Estimate     Std.Err.  Test Stat.  P value
-- ----------------------------   ----------   ---------  ----------  --------
Log-linear term 0
 1 %CON.....................         -3.211      0.1551      -20.7    < 0.001
 3 SEX_L_1..................         0.3426     0.08621      3.974    < 0.001
 5 UR_RUR_1.................         0.2888     0.09345       3.09      0.002
 6 lage21...................          3.757       0.751      5.002    < 0.001
 7 ex5......................       -0.08898     0.03557     -2.502     0.0124
 8 IODINE...................      0.0001273   0.0004341     0.2934      > 0.5

Linear term 1
 9 dgy......................         0.3355      0.0976      3.438    < 0.001

            Records used        10999

                Deviance     4483.728
                     AIC     4497.728
            Pearson Chi2     10924.55      Degrees of freedom   10992



lrt@

             LR statistic     0.08491      Degrees of freedom      1
                  P value      > 0.50

select  (nod_sz==1 or thnod_prev==0)@

11142 records to be used



!Thyroid volume enlargement
nomodel @
logl 0 sex_l lage21  ex5 ur_rur@

line 1 dgy@

fit@ 
          Iter  Step      Deviance

             0     0    15446.092
             1     0     5557.459
             2     0     4649.962
             3     0     4533.456
             4     0     4526.830
             5     0     4526.793
             6     0     4526.793

Binomial odds regression
Additive excess relative risk T0 * (1 + T1 + T2 + ...)

Using (nod_sz==1 or thnod_prev==0)

thnod_prev is used for cases
Bernoulli trials


                            Parameter Summary Table

 # Name                            Estimate     Std.Err.  Test Stat.  P value
-- ----------------------------   ----------   ---------  ----------  --------
Log-linear term 0
 1 %CON.....................         -3.194      0.1486      -21.5    < 0.001
 3 SEX_L_1..................         0.3287     0.08581      3.831    < 0.001
 5 UR_RUR_1.................         0.2891     0.09223      3.135    0.00172
 6 lage21...................          3.786      0.7456      5.078    < 0.001
 7 ex5......................       -0.08941     0.03529     -2.533     0.0113

Linear term 1
 8 dgy......................         0.3322      0.0967      3.435    < 0.001

            Records used        11142

                Deviance     4526.793
                     AIC     4538.793
            Pearson Chi2     11068.46      Degrees of freedom   11136



null@
logl 0 +tvlarge @ fit@ 
          Iter  Step      Deviance

             0     0     4526.793
             1     0     4500.790
             2     0     4496.503
             3     0     4496.477
             4     0     4496.477

Binomial odds regression
Additive excess relative risk T0 * (1 + T1 + T2 + ...)

Using (nod_sz==1 or thnod_prev==0)

thnod_prev is used for cases
Bernoulli trials


                            Parameter Summary Table

 # Name                            Estimate     Std.Err.  Test Stat.  P value
-- ----------------------------   ----------   ---------  ----------  --------
Log-linear term 0
 1 %CON.....................         -3.233      0.1491     -21.68    < 0.001
 3 SEX_L_1..................         0.2870     0.08639      3.322    < 0.001
 5 UR_RUR_1.................         0.3174     0.09261      3.428    < 0.001
 7 tvlarge_1................         0.8038      0.1357      5.924    < 0.001
 8 lage21...................          3.767      0.7463      5.047    < 0.001
 9 ex5......................       -0.09471     0.03534      -2.68    0.00736

Linear term 1
10 dgy......................         0.3369     0.09782      3.445    < 0.001

            Records used        11142

                Deviance     4496.477
                     AIC     4510.477
            Pearson Chi2     11036.38      Degrees of freedom   11135



lrt@


!Presence of diffuse goiter as diagnosed at palpation (at 1st screening)

             LR statistic       30.32      Degrees of freedom      1
                  P value     < 0.001

nomodel @
logl 0 sex_l lage21  ex5 ur_rur tvlarge@

line 1 dgy@

fit@ 
          Iter  Step      Deviance

             0     0    15446.092
             1     0     5544.020
             2     0     4623.950
             3     0     4503.333
             4     0     4496.514
             5     0     4496.477
             6     0     4496.477

Binomial odds regression
Additive excess relative risk T0 * (1 + T1 + T2 + ...)

Using (nod_sz==1 or thnod_prev==0)

thnod_prev is used for cases
Bernoulli trials


                            Parameter Summary Table

 # Name                            Estimate     Std.Err.  Test Stat.  P value
-- ----------------------------   ----------   ---------  ----------  --------
Log-linear term 0
 1 %CON.....................         -3.233      0.1491     -21.68    < 0.001
 3 SEX_L_1..................         0.2870     0.08639      3.321    < 0.001
 5 UR_RUR_1.................         0.3174     0.09261      3.428    < 0.001
 7 tvlarge_1................         0.8038      0.1357      5.924    < 0.001
 8 lage21...................          3.767      0.7463      5.047    < 0.001
 9 ex5......................       -0.09471     0.03534      -2.68    0.00736

Linear term 1
10 dgy......................         0.3369     0.09782      3.444    < 0.001

            Records used        11142

                Deviance     4496.477
                     AIC     4510.477
            Pearson Chi2     11036.36      Degrees of freedom   11135



null@
logl 0 +goiter_df_pal @ fit@ 
          Iter  Step      Deviance

             0     0     4496.477
             1     0     4434.836
             2     0     4428.711
             3     0     4428.682
             4     0     4428.682

Binomial odds regression
Additive excess relative risk T0 * (1 + T1 + T2 + ...)

Using (nod_sz==1 or thnod_prev==0)

thnod_prev is used for cases
Bernoulli trials


                            Parameter Summary Table

 # Name                            Estimate     Std.Err.  Test Stat.  P value
-- ----------------------------   ----------   ---------  ----------  --------
Log-linear term 0
 1 %CON.....................         -3.122      0.1496     -20.87    < 0.001
 3 SEX_L_1..................         0.2226      0.0872      2.553     0.0107
 5 UR_RUR_1.................         0.2992      0.0928      3.224    0.00126
 7 tvlarge_1................         0.4493      0.1436      3.128    0.00176
 9 goiter_df_pal_1..........         0.9303      0.1082      8.598    < 0.001
10 goiter_df_pal_2..........        -0.2952       1.027    -0.2873      > 0.5
11 lage21...................          5.538      0.7876      7.032    < 0.001
12 ex5......................        -0.1703     0.03689     -4.616    < 0.001

Linear term 1
13 dgy......................         0.3415     0.09923      3.441    < 0.001

            Records used        11142

                Deviance     4428.682
                     AIC     4446.682
            Pearson Chi2      11098.6      Degrees of freedom   11133



lrt@


!Family history of any thyroid disease

             LR statistic       67.79      Degrees of freedom      2
                  P value     < 0.001

nomodel @
logl 0 sex_l lage21  ex5 ur_rur tvlarge goiter_df_pal@

line 1 dgy@

fit@ 
          Iter  Step      Deviance

             0     0    15446.092
             1     0     5522.875
             2     0     4575.739
             3     0     4438.124
             4     0     4428.757
             5     0     4428.682
             6     0     4428.682

Binomial odds regression
Additive excess relative risk T0 * (1 + T1 + T2 + ...)

Using (nod_sz==1 or thnod_prev==0)

thnod_prev is used for cases
Bernoulli trials


                            Parameter Summary Table

 # Name                            Estimate     Std.Err.  Test Stat.  P value
-- ----------------------------   ----------   ---------  ----------  --------
Log-linear term 0
 1 %CON.....................         -3.122      0.1496     -20.87    < 0.001
 3 SEX_L_1..................         0.2226      0.0872      2.553     0.0107
 5 UR_RUR_1.................         0.2992      0.0928      3.224    0.00127
 7 tvlarge_1................         0.4493      0.1436      3.128    0.00176
 9 goiter_df_pal_1..........         0.9303      0.1082      8.598    < 0.001
10 goiter_df_pal_2..........        -0.2952       1.027    -0.2873      > 0.5
11 lage21...................          5.538      0.7876      7.032    < 0.001
12 ex5......................        -0.1703     0.03689     -4.616    < 0.001

Linear term 1
13 dgy......................         0.3414     0.09922      3.441    < 0.001

            Records used        11142

                Deviance     4428.682
                     AIC     4446.682
            Pearson Chi2     11098.58      Degrees of freedom   11133



null@
logl 0 +any_fhf1 @ fit@ 
          Iter  Step      Deviance

             0     0     4428.682
             1     0     4412.549
             2     0     4411.774
             3     0     4411.772
             4     0     4411.772

Binomial odds regression
Additive excess relative risk T0 * (1 + T1 + T2 + ...)

Using (nod_sz==1 or thnod_prev==0)

thnod_prev is used for cases
Bernoulli trials


                            Parameter Summary Table

 # Name                            Estimate     Std.Err.  Test Stat.  P value
-- ----------------------------   ----------   ---------  ----------  --------
Log-linear term 0
 1 %CON.....................         -3.180      0.1507      -21.1    < 0.001
 3 SEX_L_1..................         0.2068     0.08739      2.367     0.0179
 5 UR_RUR_1.................         0.2877     0.09298      3.094    0.00197
 7 tvlarge_1................         0.4493      0.1437      3.126    0.00177
 9 goiter_df_pal_1..........         0.9081      0.1085      8.372    < 0.001
10 goiter_df_pal_2..........        -0.3505        1.03    -0.3404      > 0.5
12 ANY_FHF1_1...............         0.5365      0.1286      4.173    < 0.001
13 ANY_FHF1_2...............         0.3676      0.2721      1.351      0.177
14 lage21...................          5.457      0.7858      6.944    < 0.001
15 ex5......................        -0.1649     0.03681     -4.479    < 0.001

Linear term 1
16 dgy......................         0.3314      0.0979      3.385    < 0.001

            Records used        11142

                Deviance     4411.772
                     AIC     4433.772
            Pearson Chi2     11111.36      Degrees of freedom   11131



lrt@


!Oblast again

             LR statistic       16.91      Degrees of freedom      2
                  P value     < 0.001

nomodel @
logl 0 sex_l lage21  ex5 ur_rur tvlarge goiter_df_pal any_fhf1@

line 1 dgy@

fit@ 
          Iter  Step      Deviance

             0     0    15446.092
             1     0     5517.146
             2     0     4562.999
             3     0     4421.646
             4     0     4411.854
             5     0     4411.773
             6     0     4411.772

Binomial odds regression
Additive excess relative risk T0 * (1 + T1 + T2 + ...)

Using (nod_sz==1 or thnod_prev==0)

thnod_prev is used for cases
Bernoulli trials


                            Parameter Summary Table

 # Name                            Estimate     Std.Err.  Test Stat.  P value
-- ----------------------------   ----------   ---------  ----------  --------
Log-linear term 0
 1 %CON.....................         -3.180      0.1507      -21.1    < 0.001
 3 SEX_L_1..................         0.2068     0.08739      2.367     0.0179
 5 UR_RUR_1.................         0.2877     0.09298      3.094    0.00197
 7 tvlarge_1................         0.4493      0.1437      3.126    0.00177
 9 goiter_df_pal_1..........         0.9081      0.1085      8.372    < 0.001
10 goiter_df_pal_2..........        -0.3505        1.03    -0.3404      > 0.5
12 ANY_FHF1_1...............         0.5365      0.1286      4.173    < 0.001
13 ANY_FHF1_2...............         0.3676      0.2721      1.351      0.177
14 lage21...................          5.456      0.7858      6.944    < 0.001
15 ex5......................        -0.1649     0.03681     -4.479    < 0.001

Linear term 1
16 dgy......................         0.3314      0.0979      3.385    < 0.001

            Records used        11142

                Deviance     4411.772
                     AIC     4433.772
            Pearson Chi2     11111.34      Degrees of freedom   11131



null@
logl 0 +obl_mn  @ fit@ 
          Iter  Step      Deviance

             0     0     4411.772
             1     0     4399.239
             2     0     4398.991
             3     0     4398.991
             4     0     4398.991

Binomial odds regression
Additive excess relative risk T0 * (1 + T1 + T2 + ...)

Using (nod_sz==1 or thnod_prev==0)

thnod_prev is used for cases
Bernoulli trials


                            Parameter Summary Table

 # Name                            Estimate     Std.Err.  Test Stat.  P value
-- ----------------------------   ----------   ---------  ----------  --------
Log-linear term 0
 1 %CON.....................         -3.194      0.1731     -18.45    < 0.001
 3 SEX_L_1..................         0.2014     0.08751      2.301     0.0214
 5 UR_RUR_1.................         0.2953     0.09607      3.073    0.00212
 7 tvlarge_1................         0.4992      0.1448      3.448    < 0.001
 9 goiter_df_pal_1..........         0.9218      0.1087      8.483    < 0.001
10 goiter_df_pal_2..........        -0.3765       1.031    -0.3653      > 0.5
12 ANY_FHF1_1...............         0.5363      0.1287      4.167    < 0.001
13 ANY_FHF1_2...............         0.3792      0.2722      1.393      0.164
15 obl_mn_2.................         0.1381      0.1082      1.277      0.202
16 obl_mn_3.................        -0.3941      0.1756     -2.244     0.0248
17 lage21...................          5.587      0.7903       7.07    < 0.001
18 ex5......................        -0.1733     0.03697     -4.688    < 0.001

Linear term 1
19 dgy......................         0.2900     0.09341      3.105     0.0019

            Records used        11142

                Deviance     4398.991
                     AIC     4424.991
            Pearson Chi2     11162.99      Degrees of freedom   11129



lrt@

             LR statistic       12.78      Degrees of freedom      2
                  P value     0.00168

logl 0 -obl_mn +obl_86n  @ fit@ 
          Iter  Step      Deviance

             0     0     4413.665
             1     0     4402.177
             2     0     4402.031
             3     0     4402.031

Binomial odds regression
Additive excess relative risk T0 * (1 + T1 + T2 + ...)

Using (nod_sz==1 or thnod_prev==0)

thnod_prev is used for cases
Bernoulli trials


                            Parameter Summary Table

 # Name                            Estimate     Std.Err.  Test Stat.  P value
-- ----------------------------   ----------   ---------  ----------  --------
Log-linear term 0
 1 %CON.....................         -3.211      0.1901     -16.89    < 0.001
 3 SEX_L_1..................         0.2050     0.08743      2.345      0.019
 5 UR_RUR_1.................         0.2918     0.09502      3.071    0.00213
 7 tvlarge_1................         0.4852      0.1443      3.363    < 0.001
 9 goiter_df_pal_1..........         0.9063      0.1086      8.349    < 0.001
10 goiter_df_pal_2..........        -0.3815        1.03    -0.3703      > 0.5
12 ANY_FHF1_1...............         0.5181      0.1287      4.027    < 0.001
13 ANY_FHF1_2...............         0.3372      0.2724      1.238      0.216
15 obl_86n_2................         0.1448      0.1372      1.056      0.291
16 obl_86n_3................        -0.3642      0.2089     -1.743     0.0813
17 lage21...................          5.637      0.7893      7.142    < 0.001
18 ex5......................        -0.1750       0.037      -4.73    < 0.001

Linear term 1
19 dgy......................         0.2796     0.09302      3.005    0.00265

            Records used        11142

                Deviance     4402.031
                     AIC     4428.031
            Pearson Chi2     11117.76      Degrees of freedom   11129



lrt@

!Final background: sex_l lage21  ex5 ur_rur obl_mn tvlarge goiter_df_pal any_fhf1


!Interaction by ex5 and shape of dose response

!Basic linear dose model **** Best model


             LR statistic       9.741      Degrees of freedom      2
                  P value     0.00767

nomodel@
logl 0 sex_l lage21  ex5 ur_rur obl_mn tvlarge goiter_df_pal any_fhf1 @

line 1 dgy@

logl 1 ex5 @

fit@ 
          Iter  Step      Deviance

             0     0    15446.092
             1     0     5513.447
             2     0     4556.726
             3     0     4397.111
             4     0     4382.451
             5     0     4382.176
             6     0     4382.174
             7     0     4382.174

Binomial odds regression
Additive excess relative risk T0 * (1 + T1 + T2 + ...)

Using (nod_sz==1 or thnod_prev==0)

thnod_prev is used for cases
Bernoulli trials


                            Parameter Summary Table

 # Name                            Estimate     Std.Err.  Test Stat.  P value
-- ----------------------------   ----------   ---------  ----------  --------
Log-linear term 0
 1 %CON.....................         -3.162      0.1758     -17.99    < 0.001
 3 SEX_L_1..................         0.1881     0.08739      2.153     0.0313
 5 UR_RUR_1.................         0.2810     0.09571      2.936    0.00333
 7 obl_mn_2.................         0.1177      0.1082      1.089      0.276
 8 obl_mn_3.................        -0.4357      0.1763     -2.471     0.0135
10 tvlarge_1................         0.4995      0.1453      3.437    < 0.001
12 goiter_df_pal_1..........         0.9608      0.1096      8.764    < 0.001
13 goiter_df_pal_2..........        -0.3774       1.031    -0.3659      > 0.5
15 ANY_FHF1_1...............         0.5246      0.1291      4.063    < 0.001
16 ANY_FHF1_2...............         0.3657      0.2729       1.34       0.18
17 lage21...................          6.516      0.8379      7.777    < 0.001
18 ex5......................        -0.1870      0.0373     -5.014    < 0.001

Linear term 1
19 dgy......................         0.3301      0.1563      2.112     0.0347

Log-linear term 1
20 ex5......................        -0.3460      0.1167     -2.965    0.00302

            Records used        11142

                Deviance     4382.174
                     AIC     4410.174
            Pearson Chi2     11175.64      Degrees of freedom   11128



null@


!linear exponential dose-response 

logl 1 +dgy@ 

fit@ 
          Iter  Step      Deviance

             0     0     4382.174
             1     0     4381.520
             2     0     4381.516
             3     0     4381.516

Binomial odds regression
Additive excess relative risk T0 * (1 + T1 + T2 + ...)

Using (nod_sz==1 or thnod_prev==0)

thnod_prev is used for cases
Bernoulli trials


                            Parameter Summary Table

 # Name                            Estimate     Std.Err.  Test Stat.  P value
-- ----------------------------   ----------   ---------  ----------  --------
Log-linear term 0
 1 %CON.....................         -3.153      0.1753     -17.99    < 0.001
 3 SEX_L_1..................         0.1883     0.08743      2.154     0.0313
 5 UR_RUR_1.................         0.2814     0.09574       2.94    0.00328
 7 obl_mn_2.................         0.1248      0.1082      1.153      0.249
 8 obl_mn_3.................        -0.4288      0.1764     -2.431     0.0151
10 tvlarge_1................         0.5001      0.1453      3.441    < 0.001
12 goiter_df_pal_1..........         0.9605      0.1096      8.762    < 0.001
13 goiter_df_pal_2..........        -0.3695       1.031    -0.3583      > 0.5
15 ANY_FHF1_1...............         0.5252      0.1292      4.064    < 0.001
16 ANY_FHF1_2...............         0.3553      0.2746      1.294      0.196
17 lage21...................          6.434      0.8393      7.666    < 0.001
18 ex5......................        -0.1861     0.03735     -4.981    < 0.001

Linear term 1
19 dgy......................         0.2593      0.1475      1.758     0.0788

Log-linear term 1
20 ex5......................        -0.3520      0.1268     -2.777    0.00548
21 dgy......................        0.02828     0.03365     0.8403      0.401

            Records used        11142

                Deviance     4381.516
                     AIC     4411.516
            Pearson Chi2     11204.21      Degrees of freedom   11127



lrt@ 

!linear quadratic dose-response 


             LR statistic      0.6580      Degrees of freedom      1
                  P value       0.417


logl 1 - dgy @

line 1 +dgysq@

fit@  
          Iter  Step      Deviance

             0     0     4382.808
             1     0     4381.928
             2     0     4381.876
             3     0     4381.848
             4     0     4381.839
             5     0     4381.834
             6     0     4381.831
             7     0     4381.830
             8     0     4381.829
             9     0     4381.829
            10     0     4381.829

Binomial odds regression
Additive excess relative risk T0 * (1 + T1 + T2 + ...)

Using (nod_sz==1 or thnod_prev==0)

thnod_prev is used for cases
Bernoulli trials


                            Parameter Summary Table

 # Name                            Estimate     Std.Err.  Test Stat.  P value
-- ----------------------------   ----------   ---------  ----------  --------
Log-linear term 0
 1 %CON.....................         -3.157      0.1758     -17.96    < 0.001
 3 SEX_L_1..................         0.1882     0.08741      2.153     0.0313
 5 UR_RUR_1.................         0.2812     0.09572      2.938    0.00331
 7 obl_mn_2.................         0.1217      0.1084      1.123      0.261
 8 obl_mn_3.................        -0.4317      0.1765     -2.446     0.0145
10 tvlarge_1................         0.4999      0.1453       3.44    < 0.001
12 goiter_df_pal_1..........         0.9604      0.1096      8.761    < 0.001
13 goiter_df_pal_2..........        -0.3727       1.031    -0.3614      > 0.5
15 ANY_FHF1_1...............         0.5248      0.1292      4.063    < 0.001
16 ANY_FHF1_2...............         0.3609      0.2737      1.319      0.187
17 lage21...................          6.471      0.8414      7.691    < 0.001
18 ex5......................        -0.1865     0.03733     -4.997    < 0.001

Linear term 1
19 dgy......................         0.2876      0.1689      1.703     0.0886
20 dgysq....................       0.005320     0.01335     0.3985      > 0.5

Log-linear term 1
21 ex5......................        -0.3493      0.1222     -2.859    0.00425

            Records used        11142

                Deviance     4381.829
                     AIC     4411.829
            Pearson Chi2      11191.2      Degrees of freedom   11127



lrt@


! Final model for Figures 1, 2 


             LR statistic      0.3455      Degrees of freedom      1
                  P value      > 0.50

nomodel@
logl 0 sex_l lage21  ex5 ur_rur obl_mn tvlarge goiter_df_pal any_fhf1 @

line 1 dgy@

logl 1 ex5@

fit@ 

          Iter  Step      Deviance

             0     0    15446.092
             1     0     5513.447
             2     0     4556.726
             3     0     4397.111
             4     0     4382.451
             5     0     4382.176
             6     0     4382.174
             7     0     4382.174

Binomial odds regression
Additive excess relative risk T0 * (1 + T1 + T2 + ...)

Using (nod_sz==1 or thnod_prev==0)

thnod_prev is used for cases
Bernoulli trials


                            Parameter Summary Table

 # Name                            Estimate     Std.Err.  Test Stat.  P value
-- ----------------------------   ----------   ---------  ----------  --------
Log-linear term 0
 1 %CON.....................         -3.162      0.1758     -17.99    < 0.001
 3 SEX_L_1..................         0.1881     0.08739      2.153     0.0313
 5 UR_RUR_1.................         0.2810     0.09571      2.936    0.00333
 7 obl_mn_2.................         0.1177      0.1082      1.089      0.276
 8 obl_mn_3.................        -0.4357      0.1763     -2.471     0.0135
10 tvlarge_1................         0.4995      0.1453      3.437    < 0.001
12 goiter_df_pal_1..........         0.9608      0.1096      8.764    < 0.001
13 goiter_df_pal_2..........        -0.3774       1.031    -0.3659      > 0.5
15 ANY_FHF1_1...............         0.5246      0.1291      4.063    < 0.001
16 ANY_FHF1_2...............         0.3657      0.2729       1.34       0.18
17 lage21...................          6.516      0.8379      7.777    < 0.001
18 ex5......................        -0.1870      0.0373     -5.014    < 0.001

Linear term 1
19 dgy......................         0.3301      0.1563      2.112     0.0347

Log-linear term 1
20 ex5......................        -0.3460      0.1167     -2.965    0.00302

            Records used        11142

                Deviance     4382.174
                     AIC     4410.174
            Pearson Chi2     11175.64      Degrees of freedom   11128




nomodel @
logl 0 sex_l lage21 ex8 ur_rur obl_mn @ 

line 1 dgy @ 

fit@ 
          Iter  Step      Deviance

             0     0    15446.092
             1     0     5555.375
             2     0     4644.692
             3     0     4525.954
             4     0     4518.973
             5     0     4518.929
             6     0     4518.929

Binomial odds regression
Additive excess relative risk T0 * (1 + T1 + T2 + ...)

Using (nod_sz==1 or thnod_prev==0)

thnod_prev is used for cases
Bernoulli trials


                            Parameter Summary Table

 # Name                            Estimate     Std.Err.  Test Stat.  P value
-- ----------------------------   ----------   ---------  ----------  --------
Log-linear term 0
 1 %CON.....................         -3.469      0.1358     -25.55    < 0.001
 3 SEX_L_1..................         0.3270     0.08586      3.808    < 0.001
 5 UR_RUR_1.................         0.2890     0.09535      3.031    0.00243
 7 obl_mn_2.................        0.08336      0.1073     0.7766      0.437
 8 obl_mn_3.................        -0.3368      0.1744     -1.931     0.0535
 9 lage21...................          3.886      0.7506      5.177    < 0.001
10 ex8......................       -0.09505     0.03543     -2.683     0.0073

Linear term 1
11 dgy......................         0.3027     0.09423      3.212    0.00132

            Records used        11142

                Deviance     4518.929
                     AIC     4534.929
            Pearson Chi2     11109.05      Degrees of freedom   11134



null@
logl 1 sex_l@  

fit @ 
          Iter  Step      Deviance

             0     0     4518.929
             1     0     4518.861
             2     0     4518.861
             3     0     4518.861

Binomial odds regression
Additive excess relative risk T0 * (1 + T1 + T2 + ...)

Using (nod_sz==1 or thnod_prev==0)

thnod_prev is used for cases
Bernoulli trials


                            Parameter Summary Table

 # Name                            Estimate     Std.Err.  Test Stat.  P value
-- ----------------------------   ----------   ---------  ----------  --------
Log-linear term 0
 1 %CON.....................         -3.480      0.1424     -24.44    < 0.001
 3 SEX_L_1..................         0.3460      0.1142       3.03    0.00244
 5 UR_RUR_1.................         0.2887     0.09537      3.028    0.00246
 7 obl_mn_2.................        0.08357      0.1073     0.7785      0.436
 8 obl_mn_3.................        -0.3367      0.1744      -1.93     0.0536
 9 lage21...................          3.887      0.7506      5.179    < 0.001
10 ex8......................       -0.09523     0.03543     -2.688     0.0072

Linear term 1
11 dgy......................         0.3027     Aliased

Log-linear term 1
12 SEX_L_0..................        0.07217      0.4078      0.177      > 0.5
13 SEX_L_1..................       -0.07027      0.4323    -0.1625      > 0.5

            Records used        11142

                Deviance     4518.861
                     AIC     4536.861
            Pearson Chi2     11110.04      Degrees of freedom   11133



lrt@

             LR statistic     0.06881      Degrees of freedom      1
                  P value      > 0.50

para 11=1@

fit @ 

          Iter  Step      Deviance

             0     0     4591.826
             1     0     4525.614
             2     0     4518.960
             3     0     4518.861
             4     0     4518.861

Binomial odds regression
Additive excess relative risk T0 * (1 + T1 + T2 + ...)

Using (nod_sz==1 or thnod_prev==0)

thnod_prev is used for cases
Bernoulli trials


                            Parameter Summary Table

 # Name                            Estimate     Std.Err.  Test Stat.  P value
-- ----------------------------   ----------   ---------  ----------  --------
Log-linear term 0
 1 %CON.....................         -3.480      0.1424     -24.44    < 0.001
 3 SEX_L_1..................         0.3460      0.1142       3.03    0.00245
 5 UR_RUR_1.................         0.2888     0.09537      3.028    0.00246
 7 obl_mn_2.................        0.08355      0.1073     0.7784      0.436
 8 obl_mn_3.................        -0.3367      0.1744      -1.93     0.0535
 9 lage21...................          3.887      0.7506      5.179    < 0.001
10 ex8......................       -0.09523     0.03543     -2.688    0.00719

Linear term 1
11 dgy......................          1.000     Aliased

Log-linear term 1
12 SEX_L_0..................         -1.123      0.4078     -2.753     0.0059
13 SEX_L_1..................         -1.265      0.4322     -2.927    0.00342

            Records used        11142

                Deviance     4518.861
                     AIC     4536.861
            Pearson Chi2     11110.09      Degrees of freedom   11133




bounds 12@ 

      Profile likelihood bounds for parameter 12 (SEX_L_0)

                  MLE     -1.123    exp(MLE)     0.3254

               97.5% lower bound      -2.101
                       exp(bound)     0.1224
               97.5% upper bound     -0.4475
                       exp(bound)     0.6392


bounds 13@

      Profile likelihood bounds for parameter 13 (SEX_L_1)

                  MLE     -1.265    exp(MLE)     0.2822

               97.5% lower bound      -2.348
                       exp(bound)    0.09556
               97.5% upper bound     -0.5796
                       exp(bound)     0.5601




! effect modification by age at accident  
nomodel @
logl 0 sex_l lage21 exct ur_rur obl_mn @ 

line 1 dgy @ 

fit@ 
          Iter  Step      Deviance

             0     0    15446.092
             1     0     5554.984
             2     0     4645.576
             3     0     4530.953
             4     0     4525.367
             5     0     4525.344
             6     0     4525.344

Binomial odds regression
Additive excess relative risk T0 * (1 + T1 + T2 + ...)

Using (nod_sz==1 or thnod_prev==0)

thnod_prev is used for cases
Bernoulli trials


                            Parameter Summary Table

 # Name                            Estimate     Std.Err.  Test Stat.  P value
-- ----------------------------   ----------   ---------  ----------  --------
Log-linear term 0
 1 %CON.....................         -3.281      0.2455     -13.36    < 0.001
 3 SEX_L_1..................         0.3307     0.08591      3.849    < 0.001
 5 exct_2...................        -0.1642      0.2055    -0.7989      0.424
 6 exct_3...................        -0.2196      0.2376    -0.9239      0.356
 8 UR_RUR_1.................         0.2885     0.09515      3.032    0.00243
10 obl_mn_2.................        0.07590      0.1078      0.704      0.481
11 obl_mn_3.................        -0.3203      0.1745     -1.836     0.0664
12 lage21...................          2.121      0.2999      7.072    < 0.001

Linear term 1
13 dgy......................         0.2585     0.08545      3.025    0.00249

            Records used        11142

                Deviance     4525.344
                     AIC     4543.344
            Pearson Chi2     10979.58      Degrees of freedom   11133



null@
logl 1 exct@  

fit @ 
          Iter  Step      Deviance

             0     0     4525.344
             1     0     4520.948
             2     0     4517.115
             3     0     4517.051
             4     0     4517.051

Binomial odds regression
Additive excess relative risk T0 * (1 + T1 + T2 + ...)

Using (nod_sz==1 or thnod_prev==0)

thnod_prev is used for cases
Bernoulli trials


                            Parameter Summary Table

 # Name                            Estimate     Std.Err.  Test Stat.  P value
-- ----------------------------   ----------   ---------  ----------  --------
Log-linear term 0
 1 %CON.....................         -3.764      0.3809     -9.881    < 0.001
 3 SEX_L_1..................         0.3200     0.08595      3.723    < 0.001
 5 exct_2...................         0.2249      0.3814     0.5896      > 0.5
 6 exct_3...................         0.3322      0.3814     0.8709      0.384
 8 UR_RUR_1.................         0.2843     0.09516      2.988    0.00281
10 obl_mn_2.................        0.08091      0.1078     0.7504      0.453
11 obl_mn_3.................        -0.3214      0.1747      -1.84     0.0658
12 lage21...................          2.127      0.3005      7.077    < 0.001

Linear term 1
13 dgy......................         0.2585     Aliased

Log-linear term 1
14 exct_1...................          1.365      0.5847      2.334     0.0196
15 exct_2...................         0.5429      0.5239      1.036        0.3
16 exct_3...................        -0.9002      0.7819     -1.151       0.25

            Records used        11142

                Deviance     4517.051
                     AIC     4539.051
            Pearson Chi2     11046.77      Degrees of freedom   11131



lrt@

             LR statistic       8.294      Degrees of freedom      2
                  P value      0.0158

para 13=1@

fit @ 

          Iter  Step      Deviance

             0     0     4606.464
             1     0     4526.394
             2     0     4517.327
             3     0     4517.051
             4     0     4517.051
             5     0     4517.051

Binomial odds regression
Additive excess relative risk T0 * (1 + T1 + T2 + ...)

Using (nod_sz==1 or thnod_prev==0)

thnod_prev is used for cases
Bernoulli trials


                            Parameter Summary Table

 # Name                            Estimate     Std.Err.  Test Stat.  P value
-- ----------------------------   ----------   ---------  ----------  --------
Log-linear term 0
 1 %CON.....................         -3.764      0.3809     -9.881    < 0.001
 3 SEX_L_1..................         0.3200     0.08595      3.723    < 0.001
 5 exct_2...................         0.2248      0.3814     0.5893      > 0.5
 6 exct_3...................         0.3321      0.3814     0.8707      0.384
 8 UR_RUR_1.................         0.2843     0.09516      2.988    0.00281
10 obl_mn_2.................        0.08091      0.1078     0.7504      0.453
11 obl_mn_3.................        -0.3214      0.1747      -1.84     0.0658
12 lage21...................          2.127      0.3005      7.077    < 0.001

Linear term 1
13 dgy......................          1.000     Aliased

Log-linear term 1
14 exct_1...................        0.01160      0.5847    0.01983      > 0.5
15 exct_2...................        -0.8101      0.5239     -1.546      0.122
16 exct_3...................         -2.253      0.7819     -2.882    0.00396

            Records used        11142

                Deviance     4517.051
                     AIC     4539.051
            Pearson Chi2     11046.73      Degrees of freedom   11131




bounds 14@ 

      Profile likelihood bounds for parameter 14 (exct_1)

                  MLE     0.0116    exp(MLE)      1.012

               97.5% lower bound      -1.247
                       exp(bound)     0.2874
               97.5% upper bound        1.29
                       exp(bound)      3.632


bounds 15@ 

      Profile likelihood bounds for parameter 15 (exct_2)

                  MLE    -0.8101    exp(MLE)     0.4448

               97.5% lower bound      -2.166
                       exp(bound)     0.1146
               97.5% upper bound      0.1143
                       exp(bound)      1.121


bounds 16@

      Profile likelihood bounds for parameter 16 (exct_3)

                  MLE     -2.253    exp(MLE)     0.1051

               97.5% lower bound        -205
                       exp(bound)  9.432e-90
               97.5% upper bound      -1.227
                       exp(bound)     0.2932




! effect modification by age at screen 
nomodel @
logl 0 sex_l agect ex8 ur_rur obl_mn @ 

line 1 dgy @ 

fit@ 
          Iter  Step      Deviance

             0     0    15446.092
             1     0     5560.013
             2     0     4657.252
             3     0     4546.941
             4     0     4541.774
             5     0     4541.750
             6     0     4541.750

Binomial odds regression
Additive excess relative risk T0 * (1 + T1 + T2 + ...)

Using (nod_sz==1 or thnod_prev==0)

thnod_prev is used for cases
Bernoulli trials


                            Parameter Summary Table

 # Name                            Estimate     Std.Err.  Test Stat.  P value
-- ----------------------------   ----------   ---------  ----------  --------
Log-linear term 0
 1 %CON.....................         -3.820      0.2014     -18.97    < 0.001
 3 SEX_L_1..................         0.3242     0.08582      3.778    < 0.001
 5 agect_2..................         0.3814      0.1702      2.241      0.025
 6 agect_3..................         0.6138      0.2767      2.218     0.0265
 8 UR_RUR_1.................         0.2951     0.09498      3.107    0.00189
10 obl_mn_2.................         0.1189       0.107      1.111      0.267
11 obl_mn_3.................        -0.2698      0.1739     -1.552      0.121
12 ex8......................        0.04451     0.02104      2.115     0.0344

Linear term 1
13 dgy......................         0.2277     0.07975      2.855     0.0043

            Records used        11142

                Deviance      4541.75
                     AIC      4559.75
            Pearson Chi2     10996.83      Degrees of freedom   11133



null@
logl 1 agect @  

fit @ 
          Iter  Step      Deviance

             0     0     4541.750
             1     0     4536.410
             2     0     4534.281
             3     0     4534.261
             4     0     4534.261

Binomial odds regression
Additive excess relative risk T0 * (1 + T1 + T2 + ...)

Using (nod_sz==1 or thnod_prev==0)

thnod_prev is used for cases
Bernoulli trials


                            Parameter Summary Table

 # Name                            Estimate     Std.Err.  Test Stat.  P value
-- ----------------------------   ----------   ---------  ----------  --------
Log-linear term 0
 1 %CON.....................         -4.024      0.2294     -17.54    < 0.001
 3 SEX_L_1..................         0.3152     0.08597      3.666    < 0.001
 5 agect_2..................         0.6571      0.2127       3.09      0.002
 6 agect_3..................         0.8541      0.3041      2.808    0.00498
 8 UR_RUR_1.................         0.2894     0.09495      3.048     0.0023
10 obl_mn_2.................         0.1252       0.107       1.17      0.242
11 obl_mn_3.................        -0.2699      0.1741      -1.55      0.121
12 ex8......................        0.04846     0.02112      2.294     0.0218

Linear term 1
13 dgy......................         0.2277     Aliased

Log-linear term 1
14 agect_1..................         0.9121      0.3901      2.338     0.0194
15 agect_2..................         -1.122       1.348    -0.8323      0.405
16 agect_3..................        -0.9671       1.311    -0.7376      0.461

            Records used        11142

                Deviance     4534.261
                     AIC     4556.261
            Pearson Chi2     11069.36      Degrees of freedom   11131



lrt@

             LR statistic       7.489      Degrees of freedom      2
                  P value      0.0236

para 13=1@

fit @ 

          Iter  Step      Deviance

             0     0     4635.581
             1     0     4546.011
             2     0     4534.649
             3     0     4534.262
             4     0     4534.261
             5     0     4534.261

Binomial odds regression
Additive excess relative risk T0 * (1 + T1 + T2 + ...)

Using (nod_sz==1 or thnod_prev==0)

thnod_prev is used for cases
Bernoulli trials


                            Parameter Summary Table

 # Name                            Estimate     Std.Err.  Test Stat.  P value
-- ----------------------------   ----------   ---------  ----------  --------
Log-linear term 0
 1 %CON.....................         -4.024      0.2294     -17.54    < 0.001
 3 SEX_L_1..................         0.3152     0.08597      3.666    < 0.001
 5 agect_2..................         0.6571      0.2127       3.09      0.002
 6 agect_3..................         0.8541      0.3041      2.808    0.00498
 8 UR_RUR_1.................         0.2894     0.09495      3.048     0.0023
10 obl_mn_2.................         0.1252       0.107       1.17      0.242
11 obl_mn_3.................        -0.2699      0.1741      -1.55      0.121
12 ex8......................        0.04846     0.02112      2.294     0.0218

Linear term 1
13 dgy......................          1.000     Aliased

Log-linear term 1
14 agect_1..................        -0.5677      0.3901     -1.455      0.146
15 agect_2..................         -2.602       1.348      -1.93     0.0536
16 agect_3..................         -2.447       1.311     -1.866      0.062

            Records used        11142

                Deviance     4534.261
                     AIC     4556.261
            Pearson Chi2     11069.35      Degrees of freedom   11131




bounds 14@ 

      Profile likelihood bounds for parameter 14 (agect_1)

                  MLE    -0.5677    exp(MLE)     0.5668

               97.5% lower bound      -1.431
                       exp(bound)     0.2392
               97.5% upper bound       0.163
                       exp(bound)      1.177


bounds 15@ 

      Profile likelihood bounds for parameter 15 (agect_2)

                  MLE     -2.602    exp(MLE)    0.07412

               97.5% lower bound        -169
                       exp(bound)  3.905e-74
               97.5% upper bound      -1.135
                       exp(bound)     0.3214


bounds 16@

      Profile likelihood bounds for parameter 16 (agect_3)

                  MLE     -2.447    exp(MLE)    0.08656

               97.5% lower bound      -171.9
                       exp(bound)   2.18e-75
               97.5% upper bound      -1.028
                       exp(bound)     0.3578





! effect modification by oblast 1986 
nomodel @
logl 0 sex_l lage21 ex8 ur_rur obl_86n  @ 

line 1 dgy @ 

fit@ 
          Iter  Step      Deviance

             0     0    15446.092
             1     0     5555.016
             2     0     4643.738
             3     0     4524.686
             4     0     4517.704
             5     0     4517.659
             6     0     4517.659

Binomial odds regression
Additive excess relative risk T0 * (1 + T1 + T2 + ...)

Using (nod_sz==1 or thnod_prev==0)

thnod_prev is used for cases
Bernoulli trials


                            Parameter Summary Table

 # Name                            Estimate     Std.Err.  Test Stat.  P value
-- ----------------------------   ----------   ---------  ----------  --------
Log-linear term 0
 1 %CON.....................         -3.524       0.159     -22.16    < 0.001
 3 SEX_L_1..................         0.3270     0.08584      3.809    < 0.001
 5 UR_RUR_1.................         0.2921     0.09419      3.101    0.00193
 7 obl_86n_2................         0.1416      0.1359      1.042      0.298
 8 obl_86n_3................        -0.3448      0.2073     -1.663     0.0963
 9 lage21...................          3.954      0.7488       5.28    < 0.001
10 ex8......................       -0.09853     0.03544      -2.78    0.00543

Linear term 1
11 dgy......................         0.2819     0.09212       3.06    0.00222

            Records used        11142

                Deviance     4517.659
                     AIC     4533.659
            Pearson Chi2     11099.37      Degrees of freedom   11134



null@
logl 1 obl_86n @  

fit @ 
          Iter  Step      Deviance

             0     0     4517.659
             1     0     4516.854
             2     0     4516.740
             3     0     4516.738
             4     0     4516.700
             5     0     4516.700

Binomial odds regression
Additive excess relative risk T0 * (1 + T1 + T2 + ...)

Using (nod_sz==1 or thnod_prev==0)

thnod_prev is used for cases
Bernoulli trials


                            Parameter Summary Table

 # Name                            Estimate     Std.Err.  Test Stat.  P value
-- ----------------------------   ----------   ---------  ----------  --------
Log-linear term 0
 1 %CON.....................         -3.505      0.1578     -22.21    < 0.001
 3 SEX_L_1..................         0.3273     0.08584      3.813    < 0.001
 5 UR_RUR_1.................         0.2949     0.09427      3.128    0.00176
 7 obl_86n_2................         0.1161      0.1382     0.8396      0.401
 8 obl_86n_3................        -0.4197      0.2522     -1.664     0.0961
 9 lage21...................          3.960      0.7486       5.29    < 0.001
10 ex8......................       -0.09868     0.03543     -2.785    0.00535

Linear term 1
11 dgy......................         0.2819     Aliased

Log-linear term 1
12 obl_86n_1................     -2.341e+05           0          0      > 0.5
13 obl_86n_2................        0.02842      0.3291    0.08635      > 0.5
14 obl_86n_3................         0.5989       1.262     0.4746      > 0.5

            Records used        11142

                Deviance       4516.7
                     AIC       4534.7
            Pearson Chi2      11101.1      Degrees of freedom   11133



lrt@

             LR statistic      0.9590      Degrees of freedom      1
                  P value       0.327

para 11=1@

fit @ 

          Iter  Step      Deviance

             0     0     4600.620
             1     0     4525.329
             2     0     4516.852
             3     0     4516.703
             4     0     4516.700
             5     0     4516.700
             6     0     4516.700

Binomial odds regression
Additive excess relative risk T0 * (1 + T1 + T2 + ...)

Using (nod_sz==1 or thnod_prev==0)

thnod_prev is used for cases
Bernoulli trials


                            Parameter Summary Table

 # Name                            Estimate     Std.Err.  Test Stat.  P value
-- ----------------------------   ----------   ---------  ----------  --------
Log-linear term 0
 1 %CON.....................         -3.505      0.1578     -22.21    < 0.001
 3 SEX_L_1..................         0.3274     0.08584      3.813    < 0.001
 5 UR_RUR_1.................         0.2949     0.09427      3.128    0.00176
 7 obl_86n_2................         0.1161      0.1382     0.8396      0.401
 8 obl_86n_3................        -0.4199      0.2522     -1.665     0.0959
 9 lage21...................          3.960      0.7486       5.29    < 0.001
10 ex8......................       -0.09868     0.03543     -2.785    0.00535

Linear term 1
11 dgy......................          1.000     Aliased

Log-linear term 1
12 obl_86n_1................     -2.341e+05           0          0      > 0.5
13 obl_86n_2................         -1.238      0.3291     -3.762    < 0.001
14 obl_86n_3................        -0.6650        1.26    -0.5277      > 0.5

            Records used        11142

                Deviance       4516.7
                     AIC       4534.7
            Pearson Chi2     11101.15      Degrees of freedom   11133




bounds 12@ 

 ***   ERROR: Parameter 12 (obl_86n_1) is fixed or aliased

bounds 13@ 

      Profile likelihood bounds for parameter 13 (obl_86n_2)

                  MLE     -1.238    exp(MLE)       0.29

               97.5% lower bound      -1.957
                       exp(bound)     0.1412
               97.5% upper bound     -0.6973
                       exp(bound)     0.4979


bounds 14@

      Profile likelihood bounds for parameter 14 (obl_86n_3)

                  MLE     -0.665    exp(MLE)     0.5143

               97.5% lower bound      -127.7
                       exp(bound)  3.439e-56
               97.5% upper bound       1.177
                       exp(bound)      3.244





! effect modification by urbanicity at screen 
nomodel @
logl 0 sex_l lage21 ex8 ur_rur obl_mn @ 

line 1 dgy @

fit@ 
          Iter  Step      Deviance

             0     0    15446.092
             1     0     5555.375
             2     0     4644.692
             3     0     4525.954
             4     0     4518.973
             5     0     4518.929
             6     0     4518.929

Binomial odds regression
Additive excess relative risk T0 * (1 + T1 + T2 + ...)

Using (nod_sz==1 or thnod_prev==0)

thnod_prev is used for cases
Bernoulli trials


                            Parameter Summary Table

 # Name                            Estimate     Std.Err.  Test Stat.  P value
-- ----------------------------   ----------   ---------  ----------  --------
Log-linear term 0
 1 %CON.....................         -3.469      0.1358     -25.55    < 0.001
 3 SEX_L_1..................         0.3270     0.08586      3.808    < 0.001
 5 UR_RUR_1.................         0.2890     0.09535      3.031    0.00243
 7 obl_mn_2.................        0.08336      0.1073     0.7766      0.437
 8 obl_mn_3.................        -0.3368      0.1744     -1.931     0.0535
 9 lage21...................          3.886      0.7506      5.177    < 0.001
10 ex8......................       -0.09505     0.03543     -2.683     0.0073

Linear term 1
11 dgy......................         0.3027     0.09423      3.212    0.00132

            Records used        11142

                Deviance     4518.929
                     AIC     4534.929
            Pearson Chi2     11109.05      Degrees of freedom   11134



null@ 
logl 1 ur_rur @  

fit @ 
          Iter  Step      Deviance

             0     0     4518.929
             1     0     4514.364
             2     0     4513.633
             3     0     4513.608
             4     0     4513.608
             5     0     4513.608

Binomial odds regression
Additive excess relative risk T0 * (1 + T1 + T2 + ...)

Using (nod_sz==1 or thnod_prev==0)

thnod_prev is used for cases
Bernoulli trials


                            Parameter Summary Table

 # Name                            Estimate     Std.Err.  Test Stat.  P value
-- ----------------------------   ----------   ---------  ----------  --------
Log-linear term 0
 1 %CON.....................         -3.621      0.1594     -22.71    < 0.001
 3 SEX_L_1..................         0.3224      0.0859      3.753    < 0.001
 5 UR_RUR_1.................         0.4920      0.1359       3.62    < 0.001
 7 obl_mn_2.................         0.1206      0.1078      1.119      0.263
 8 obl_mn_3.................        -0.2829      0.1755     -1.612      0.107
 9 lage21...................          3.750      0.7504      4.998    < 0.001
10 ex8......................       -0.08822     0.03543      -2.49     0.0128

Linear term 1
11 dgy......................         0.3027     Aliased

Log-linear term 1
12 UR_RUR_0.................         0.5046      0.3403      1.483      0.138
13 UR_RUR_1.................         -1.272       1.147     -1.109      0.268

            Records used        11142

                Deviance     4513.608
                     AIC     4531.608
            Pearson Chi2     11106.54      Degrees of freedom   11133



lrt@

             LR statistic       5.322      Degrees of freedom      1
                  P value      0.0211

para 11=1@

fit @ 

          Iter  Step      Deviance

             0     0     4587.212
             1     0     4520.552
             2     0     4513.724
             3     0     4513.608
             4     0     4513.608
             5     0     4513.608

Binomial odds regression
Additive excess relative risk T0 * (1 + T1 + T2 + ...)

Using (nod_sz==1 or thnod_prev==0)

thnod_prev is used for cases
Bernoulli trials


                            Parameter Summary Table

 # Name                            Estimate     Std.Err.  Test Stat.  P value
-- ----------------------------   ----------   ---------  ----------  --------
Log-linear term 0
 1 %CON.....................         -3.621      0.1594     -22.71    < 0.001
 3 SEX_L_1..................         0.3224      0.0859      3.753    < 0.001
 5 UR_RUR_1.................         0.4920      0.1359       3.62    < 0.001
 7 obl_mn_2.................         0.1206      0.1078      1.119      0.263
 8 obl_mn_3.................        -0.2829      0.1755     -1.612      0.107
 9 lage21...................          3.750      0.7504      4.998    < 0.001
10 ex8......................       -0.08822     0.03543      -2.49     0.0128

Linear term 1
11 dgy......................          1.000     Aliased

Log-linear term 1
12 UR_RUR_0.................        -0.6905      0.3403     -2.029     0.0424
13 UR_RUR_1.................         -2.467       1.147      -2.15     0.0315

            Records used        11142

                Deviance     4513.608
                     AIC     4531.608
            Pearson Chi2     11106.54      Degrees of freedom   11133




bounds 12@ 

      Profile likelihood bounds for parameter 12 (UR_RUR_0)

                  MLE    -0.6905    exp(MLE)     0.5013

               97.5% lower bound      -1.422
                       exp(bound)     0.2413
               97.5% upper bound     -0.0808
                       exp(bound)     0.9224


bounds 13@ 

      Profile likelihood bounds for parameter 13 (UR_RUR_1)

                  MLE     -2.467    exp(MLE)    0.08482

               97.5% lower bound      -99.76
                       exp(bound)  4.711e-44
               97.5% upper bound      -1.099
                       exp(bound)     0.3332




! effect modification by iodine concentration
nomodel @
logl 0 sex_l lage21 ex8 ur_rur obl_mn iodct @ 

line 1 dgy @ 

fit@ 
          Iter  Step      Deviance

             0     0    15446.092
             1     0     5554.053
             2     0     4641.644
             3     0     4521.915
             4     0     4514.823
             5     0     4514.778
             6     0     4514.778

Binomial odds regression
Additive excess relative risk T0 * (1 + T1 + T2 + ...)

Using (nod_sz==1 or thnod_prev==0)

thnod_prev is used for cases
Bernoulli trials


                            Parameter Summary Table

 # Name                            Estimate     Std.Err.  Test Stat.  P value
-- ----------------------------   ----------   ---------  ----------  --------
Log-linear term 0
 1 %CON.....................         -3.274      0.1748     -18.73    < 0.001
 3 SEX_L_1..................         0.3332     0.08594      3.877    < 0.001
 5 UR_RUR_1.................         0.3089     0.09622      3.211    0.00132
 7 obl_mn_2.................        0.07917      0.1073     0.7381       0.46
 8 obl_mn_3.................        -0.3691      0.1753     -2.105     0.0353
10 iodct_2..................        -0.2253      0.1333      -1.69      0.091
11 iodct_3..................        -0.7098      0.4747     -1.495      0.135
12 lage21...................          3.871      0.7514      5.153    < 0.001
13 ex8......................       -0.09409     0.03548     -2.652      0.008

Linear term 1
14 dgy......................         0.3002     0.09375      3.202    0.00137

            Records used        11142

                Deviance     4514.778
                     AIC     4534.778
            Pearson Chi2     11114.38      Degrees of freedom   11132



null@
logl 1 iodct @  

fit @ 
          Iter  Step      Deviance

             0     0     4514.778
             1     0     4512.787
             2     0     4512.072
             3     0     4512.062
             4     0     4512.051
             5     0     4512.051

Binomial odds regression
Additive excess relative risk T0 * (1 + T1 + T2 + ...)

Using (nod_sz==1 or thnod_prev==0)

thnod_prev is used for cases
Bernoulli trials


                            Parameter Summary Table

 # Name                            Estimate     Std.Err.  Test Stat.  P value
-- ----------------------------   ----------   ---------  ----------  --------
Log-linear term 0
 1 %CON.....................         -3.459       0.226      -15.3    < 0.001
 3 SEX_L_1..................         0.3334     0.08599      3.877    < 0.001
 5 UR_RUR_1.................         0.3106     0.09648      3.219    0.00129
 7 obl_mn_2.................        0.08744      0.1073     0.8147      0.415
 8 obl_mn_3.................        -0.3545      0.1754     -2.021     0.0433
10 iodct_2..................       -0.02651      0.1999    -0.1326      > 0.5
11 iodct_3..................        -0.4052       0.496    -0.8169      0.414
12 lage21...................          3.864      0.7517       5.14    < 0.001
13 ex8......................       -0.09368     0.03549      -2.64     0.0083

Linear term 1
14 dgy......................         0.3002     Aliased

Log-linear term 1
15 iodct_1..................         0.8266      0.5191      1.592      0.111
16 iodct_2..................        -0.1859      0.3767    -0.4936      > 0.5
17 iodct_3..................         -24.69           0          0      > 0.5

            Records used        11142

                Deviance     4512.051
                     AIC     4534.051
            Pearson Chi2     11110.39      Degrees of freedom   11131



lrt@

             LR statistic       2.727      Degrees of freedom      1
                  P value      0.0987

para 14=1@

fit @ 

          Iter  Step      Deviance

             0     0     4586.192
             1     0     4518.895
             2     0     4512.143
             3     0     4512.051
             4     0     4512.051

Binomial odds regression
Additive excess relative risk T0 * (1 + T1 + T2 + ...)

Using (nod_sz==1 or thnod_prev==0)

thnod_prev is used for cases
Bernoulli trials


                            Parameter Summary Table

 # Name                            Estimate     Std.Err.  Test Stat.  P value
-- ----------------------------   ----------   ---------  ----------  --------
Log-linear term 0
 1 %CON.....................         -3.459       0.226      -15.3    < 0.001
 3 SEX_L_1..................         0.3334     0.08599      3.877    < 0.001
 5 UR_RUR_1.................         0.3106     0.09648      3.219    0.00129
 7 obl_mn_2.................        0.08742      0.1073     0.8145      0.415
 8 obl_mn_3.................        -0.3545      0.1754     -2.021     0.0433
10 iodct_2..................       -0.02654      0.1999    -0.1328      > 0.5
11 iodct_3..................        -0.4052       0.496    -0.8169      0.414
12 lage21...................          3.864      0.7517      5.141    < 0.001
13 ex8......................       -0.09368     0.03549      -2.64    0.00829

Linear term 1
14 dgy......................          1.000     Aliased

Log-linear term 1
15 iodct_1..................        -0.3768      0.5191    -0.7259      0.468
16 iodct_2..................         -1.389      0.3766     -3.688    < 0.001
17 iodct_3..................         -24.69           0          0      > 0.5

            Records used        11142

                Deviance     4512.051
                     AIC     4534.051
            Pearson Chi2     11110.43      Degrees of freedom   11131




bounds 15@ 

      Profile likelihood bounds for parameter 15 (iodct_1)

                  MLE    -0.3768    exp(MLE)      0.686

               97.5% lower bound      -1.618
                       exp(bound)     0.1983
               97.5% upper bound      0.5394
                       exp(bound)      1.715


bounds 16@ 

      Profile likelihood bounds for parameter 16 (iodct_2)

                  MLE     -1.389    exp(MLE)     0.2493

               97.5% lower bound      -2.281
                       exp(bound)     0.1022
               97.5% upper bound     -0.7833
                       exp(bound)     0.4569


!bounds 17@ 


! effect modification by thyroid enlargement
nomodel @
logl 0 sex_l lage21 ex8 ur_rur obl_mn tvlarge @ 

line 1 dgy @

fit@ 
          Iter  Step      Deviance

             0     0    15446.092
             1     0     5540.965
             2     0     4616.405
             3     0     4492.779
             4     0     4485.502
             5     0     4485.456
             6     0     4485.456

Binomial odds regression
Additive excess relative risk T0 * (1 + T1 + T2 + ...)

Using (nod_sz==1 or thnod_prev==0)

thnod_prev is used for cases
Bernoulli trials


                            Parameter Summary Table

 # Name                            Estimate     Std.Err.  Test Stat.  P value
-- ----------------------------   ----------   ---------  ----------  --------
Log-linear term 0
 1 %CON.....................         -3.548       0.137      -25.9    < 0.001
 3 SEX_L_1..................         0.2829     0.08647      3.272    0.00107
 5 UR_RUR_1.................         0.3239     0.09571      3.384    < 0.001
 7 obl_mn_2.................         0.1227      0.1077       1.14      0.254
 8 obl_mn_3.................        -0.3719       0.175     -2.125     0.0336
10 tvlarge_1................         0.8534      0.1368      6.238    < 0.001
11 lage21...................          3.875      0.7515      5.157    < 0.001
12 ex8......................        -0.1017     0.03549     -2.865    0.00417

Linear term 1
13 dgy......................         0.2975     0.09381      3.171    0.00152

            Records used        11142

                Deviance     4485.456
                     AIC     4503.456
            Pearson Chi2     11082.33      Degrees of freedom   11133



null@ 
logl 1 tvlarge @  

fit @ 
          Iter  Step      Deviance

             0     0     4485.456
             1     0     4485.022
             2     0     4484.945
             3     0     4484.935
             4     0     4484.934
             5     0     4484.934

Binomial odds regression
Additive excess relative risk T0 * (1 + T1 + T2 + ...)

Using (nod_sz==1 or thnod_prev==0)

thnod_prev is used for cases
Bernoulli trials


                            Parameter Summary Table

 # Name                            Estimate     Std.Err.  Test Stat.  P value
-- ----------------------------   ----------   ---------  ----------  --------
Log-linear term 0
 1 %CON.....................         -3.553      0.1376     -25.82    < 0.001
 3 SEX_L_1..................         0.2831     0.08648      3.273    0.00106
 5 UR_RUR_1.................         0.3220     0.09565      3.367    < 0.001
 7 obl_mn_2.................         0.1241      0.1077      1.152      0.249
 8 obl_mn_3.................        -0.3778      0.1753     -2.156     0.0311
10 tvlarge_1................         0.9486      0.1725      5.498    < 0.001
11 lage21...................          3.874      0.7513      5.156    < 0.001
12 ex8......................        -0.1014     0.03548     -2.857    0.00427

Linear term 1
13 dgy......................         0.2975     Aliased

Log-linear term 1
14 tvlarge_0................        0.04580      0.3189     0.1437      > 0.5
15 tvlarge_1................         -1.218       2.477     -0.492      > 0.5

            Records used        11142

                Deviance     4484.934
                     AIC     4504.934
            Pearson Chi2      11083.9      Degrees of freedom   11132




 *** WARNING: Parameter tvlarge_1 changed by 1.8% MLE may be infinite or may not exist

lrt@

             LR statistic      0.5218      Degrees of freedom      1
                  P value       0.470

para 13=1@

fit @ 

          Iter  Step      Deviance

             0     0     4557.585
             1     0     4491.851
             2     0     4485.038
             3     0     4484.935
             4     0     4484.934
             5     0     4484.934

Binomial odds regression
Additive excess relative risk T0 * (1 + T1 + T2 + ...)

Using (nod_sz==1 or thnod_prev==0)

thnod_prev is used for cases
Bernoulli trials


                            Parameter Summary Table

 # Name                            Estimate     Std.Err.  Test Stat.  P value
-- ----------------------------   ----------   ---------  ----------  --------
Log-linear term 0
 1 %CON.....................         -3.553      0.1376     -25.82    < 0.001
 3 SEX_L_1..................         0.2831     0.08648      3.273    0.00106
 5 UR_RUR_1.................         0.3220     0.09565      3.367    < 0.001
 7 obl_mn_2.................         0.1241      0.1077      1.152      0.249
 8 obl_mn_3.................        -0.3778      0.1753     -2.156     0.0311
10 tvlarge_1................         0.9486      0.1725      5.498    < 0.001
11 lage21...................          3.874      0.7513      5.156    < 0.001
12 ex8......................        -0.1014     0.03548     -2.857    0.00427

Linear term 1
13 dgy......................          1.000     Aliased

Log-linear term 1
14 tvlarge_0................         -1.167      0.3189     -3.658    < 0.001
15 tvlarge_1................         -2.431       2.478    -0.9812      0.326

            Records used        11142

                Deviance     4484.934
                     AIC     4504.934
            Pearson Chi2     11083.88      Degrees of freedom   11132




bounds 14@ 

      Profile likelihood bounds for parameter 14 (tvlarge_0)

                  MLE     -1.167    exp(MLE)     0.3115

               97.5% lower bound      -1.863
                       exp(bound)     0.1552
               97.5% upper bound     -0.6382
                       exp(bound)     0.5283


bounds 15@ 

      Profile likelihood bounds for parameter 15 (tvlarge_1)

                  MLE     -2.431    exp(MLE)    0.08793

               97.5% lower bound      -180.3
                       exp(bound)  5.108e-79
               97.5% upper bound     -0.1535
                       exp(bound)     0.8577




! effect modification by goiter
nomodel @
logl 0 sex_l lage21 ex8 ur_rur obl_mn goiter_df_pal @ 

line 1 dgy @

fit@ 
          Iter  Step      Deviance

             0     0    15446.092
             1     0     5526.099
             2     0     4578.308
             3     0     4437.172
             4     0     4427.020
             5     0     4426.927
             6     0     4426.927

Binomial odds regression
Additive excess relative risk T0 * (1 + T1 + T2 + ...)

Using (nod_sz==1 or thnod_prev==0)

thnod_prev is used for cases
Bernoulli trials


                            Parameter Summary Table

 # Name                            Estimate     Std.Err.  Test Stat.  P value
-- ----------------------------   ----------   ---------  ----------  --------
Log-linear term 0
 1 %CON.....................         -3.643      0.1384     -26.33    < 0.001
 3 SEX_L_1..................         0.2350     0.08701      2.701    0.00691
 5 UR_RUR_1.................         0.2860     0.09561      2.992    0.00277
 7 obl_mn_2.................         0.1157      0.1078      1.073      0.283
 8 obl_mn_3.................        -0.3757      0.1751     -2.145     0.0319
10 goiter_df_pal_1..........          1.047      0.1034      10.12    < 0.001
11 goiter_df_pal_2..........        -0.3076       1.027    -0.2995      > 0.5
12 lage21...................          5.905      0.7911      7.464    < 0.001
13 ex8......................        -0.1848     0.03706     -4.986    < 0.001

Linear term 1
14 dgy......................         0.3011     0.09489      3.173    0.00151

            Records used        11142

                Deviance     4426.927
                     AIC     4446.927
            Pearson Chi2      11211.9      Degrees of freedom   11132



null@ 
logl 1 goiter_df_pal @  

fit @ 
          Iter  Step      Deviance

             0     0     4426.927
             1     2     4426.581
             2     1     4425.916
             3     0     4424.100
             4     0     4423.908
             5     0     4423.769
             6     0     4423.767
             7     0     4423.767

Binomial odds regression
Additive excess relative risk T0 * (1 + T1 + T2 + ...)

Using (nod_sz==1 or thnod_prev==0)

thnod_prev is used for cases
Bernoulli trials


                            Parameter Summary Table

 # Name                            Estimate     Std.Err.  Test Stat.  P value
-- ----------------------------   ----------   ---------  ----------  --------
Log-linear term 0
 1 %CON.....................         -3.664      0.1409        -26    < 0.001
 3 SEX_L_1..................         0.2334     0.08706      2.681    0.00735
 5 UR_RUR_1.................         0.2877     0.09566      3.007    0.00264
 7 obl_mn_2.................         0.1184      0.1079      1.098      0.272
 8 obl_mn_3.................        -0.3727      0.1752     -2.128     0.0334
10 goiter_df_pal_1..........          1.142      0.1292       8.84    < 0.001
11 goiter_df_pal_2..........         -16.62     Aliased
12 lage21...................          5.835      0.7898      7.388    < 0.001
13 ex8......................        -0.1823     0.03701     -4.925    < 0.001

Linear term 1
14 dgy......................         0.3011     Aliased

Log-linear term 1
15 goiter_df_pal_0..........         0.1550       0.331     0.4684      > 0.5
16 goiter_df_pal_1..........        -0.7145      0.8607    -0.8301      0.406
17 goiter_df_pal_2..........          18.42       1.044      17.63    < 0.001

            Records used        11142

                Deviance     4423.767
                     AIC     4445.767
            Pearson Chi2     11172.26      Degrees of freedom   11131



lrt@

             LR statistic       3.160      Degrees of freedom      1
                  P value      0.0755

para 14=1@

fit @ 

          Iter  Step      Deviance

             0     0     4496.786
             1     0     4430.695
             2     0     4423.852
             3     0     4423.767
             4     0     4423.767

Binomial odds regression
Additive excess relative risk T0 * (1 + T1 + T2 + ...)

Using (nod_sz==1 or thnod_prev==0)

thnod_prev is used for cases
Bernoulli trials


                            Parameter Summary Table

 # Name                            Estimate     Std.Err.  Test Stat.  P value
-- ----------------------------   ----------   ---------  ----------  --------
Log-linear term 0
 1 %CON.....................         -3.664      0.1409        -26    < 0.001
 3 SEX_L_1..................         0.2334     0.08706      2.681    0.00735
 5 UR_RUR_1.................         0.2877     0.09566      3.008    0.00263
 7 obl_mn_2.................         0.1184      0.1079      1.098      0.272
 8 obl_mn_3.................        -0.3727      0.1752     -2.128     0.0334
10 goiter_df_pal_1..........          1.142      0.1292       8.84    < 0.001
11 goiter_df_pal_2..........         -16.62     Aliased
12 lage21...................          5.835      0.7898      7.389    < 0.001
13 ex8......................        -0.1823     0.03701     -4.925    < 0.001

Linear term 1
14 dgy......................          1.000     Aliased

Log-linear term 1
15 goiter_df_pal_0..........         -1.045      0.3309     -3.157    0.00159
16 goiter_df_pal_1..........         -1.915      0.8607     -2.225     0.0261
17 goiter_df_pal_2..........          17.22       1.044      16.48    < 0.001

            Records used        11142

                Deviance     4423.767
                     AIC     4445.767
            Pearson Chi2     11172.31      Degrees of freedom   11131




bounds 15@ 

      Profile likelihood bounds for parameter 15 (goiter_df_pal_0)

                  MLE     -1.045    exp(MLE)     0.3517

               97.5% lower bound      -1.761
                       exp(bound)     0.1719
               97.5% upper bound     -0.5059
                       exp(bound)      0.603


bounds 16@ 

      Profile likelihood bounds for parameter 16 (goiter_df_pal_1)

                  MLE     -1.915    exp(MLE)     0.1474

               97.5% lower bound      -740.4
                       exp(bound)          0
 ***   ERROR: 
               97.5% upper bound not found last estimate     -1.732 Deviance         0

bounds 17@ 

      Profile likelihood bounds for parameter 17 (goiter_df_pal_2)

                  MLE      17.22    exp(MLE)  2.997e+07

               97.5% lower bound       14.31
                       exp(bound)  1.639e+06
               97.5% upper bound       18.84
                       exp(bound)  1.524e+08


! effect modification by family hx of thyroid disease
nomodel @
logl 0 sex_l lage21 ex8 ur_rur obl_mn any_fhf1 @ 

line 1 dgy @ 

fit@ 
          Iter  Step      Deviance

             0     0    15446.092
             1     0     5548.088
             2     0     4628.563
             3     0     4505.431
             4     0     4498.076
             5     0     4498.030
             6     0     4498.030

Binomial odds regression
Additive excess relative risk T0 * (1 + T1 + T2 + ...)

Using (nod_sz==1 or thnod_prev==0)

thnod_prev is used for cases
Bernoulli trials


                            Parameter Summary Table

 # Name                            Estimate     Std.Err.  Test Stat.  P value
-- ----------------------------   ----------   ---------  ----------  --------
Log-linear term 0
 1 %CON.....................         -3.515      0.1362     -25.81    < 0.001
 3 SEX_L_1..................         0.3052     0.08615      3.542    < 0.001
 5 UR_RUR_1.................         0.2736     0.09551      2.864    0.00418
 7 obl_mn_2.................        0.08280      0.1074     0.7711      0.441
 8 obl_mn_3.................        -0.3372      0.1745     -1.933     0.0532
10 ANY_FHF1_1...............         0.5855      0.1275      4.591    < 0.001
11 ANY_FHF1_2...............         0.4751      0.2704      1.757      0.079
12 lage21...................          3.822      0.7463      5.122    < 0.001
13 ex8......................       -0.09050     0.03524     -2.568     0.0102

Linear term 1
14 dgy......................         0.2893     0.09229      3.135    0.00172

            Records used        11142

                Deviance      4498.03
                     AIC      4518.03
            Pearson Chi2     11136.47      Degrees of freedom   11132



null@
logl 1 any_fhf1 @  

fit @ 
          Iter  Step      Deviance

             0     0     4498.030
             1     0     4495.776
             2     0     4495.076
             3     0     4495.071
             4     0     4495.070
             5     0     4495.070

Binomial odds regression
Additive excess relative risk T0 * (1 + T1 + T2 + ...)

Using (nod_sz==1 or thnod_prev==0)

thnod_prev is used for cases
Bernoulli trials


                            Parameter Summary Table

 # Name                            Estimate     Std.Err.  Test Stat.  P value
-- ----------------------------   ----------   ---------  ----------  --------
Log-linear term 0
 1 %CON.....................         -3.504      0.1364     -25.69    < 0.001
 3 SEX_L_1..................         0.3103     0.08622      3.599    < 0.001
 5 UR_RUR_1.................         0.2801     0.09551      2.932    0.00336
 7 obl_mn_2.................        0.07746      0.1075     0.7208      0.471
 8 obl_mn_3.................        -0.3394      0.1745     -1.945     0.0518
10 ANY_FHF1_1...............         0.3535       0.195      1.813     0.0699
11 ANY_FHF1_2...............         0.5193      0.3563      1.458      0.145
12 lage21...................          3.834      0.7466      5.136    < 0.001
13 ex8......................       -0.08998     0.03525     -2.553     0.0107

Linear term 1
14 dgy......................         0.2893     Aliased

Log-linear term 1
15 ANY_FHF1_0...............        -0.1427      0.3747    -0.3808      > 0.5
16 ANY_FHF1_1...............          1.088      0.5101      2.132      0.033
17 ANY_FHF1_2...............        -0.3743       1.647    -0.2273      > 0.5

            Records used        11142

                Deviance      4495.07
                     AIC      4519.07
            Pearson Chi2     11149.35      Degrees of freedom   11130



lrt@

             LR statistic       2.960      Degrees of freedom      2
                  P value       0.228

para 14=1@

fit @ 

          Iter  Step      Deviance

             0     0     4578.647
             1     0     4502.729
             2     0     4495.228
             3     0     4495.074
             4     0     4495.070
             5     0     4495.070
             6     0     4495.070

Binomial odds regression
Additive excess relative risk T0 * (1 + T1 + T2 + ...)

Using (nod_sz==1 or thnod_prev==0)

thnod_prev is used for cases
Bernoulli trials


                            Parameter Summary Table

 # Name                            Estimate     Std.Err.  Test Stat.  P value
-- ----------------------------   ----------   ---------  ----------  --------
Log-linear term 0
 1 %CON.....................         -3.504      0.1364     -25.69    < 0.001
 3 SEX_L_1..................         0.3103     0.08622      3.599    < 0.001
 5 UR_RUR_1.................         0.2801     0.09551      2.933    0.00336
 7 obl_mn_2.................        0.07745      0.1075     0.7207      0.471
 8 obl_mn_3.................        -0.3394      0.1745     -1.945     0.0518
10 ANY_FHF1_1...............         0.3535       0.195      1.812     0.0699
11 ANY_FHF1_2...............         0.5186      0.3565      1.455      0.146
12 lage21...................          3.834      0.7466      5.136    < 0.001
13 ex8......................       -0.08999     0.03525     -2.553     0.0107

Linear term 1
14 dgy......................          1.000     Aliased

Log-linear term 1
15 ANY_FHF1_0...............         -1.383      0.3747     -3.691    < 0.001
16 ANY_FHF1_1...............        -0.1525      0.5101    -0.2989      > 0.5
17 ANY_FHF1_2...............         -1.609       1.643    -0.9795      0.327

            Records used        11142

                Deviance      4495.07
                     AIC      4519.07
            Pearson Chi2     11149.45      Degrees of freedom   11130




bounds 15@ 

      Profile likelihood bounds for parameter 15 (ANY_FHF1_0)

                  MLE     -1.383    exp(MLE)     0.2509

               97.5% lower bound      -2.259
                       exp(bound)     0.1045
               97.5% upper bound     -0.7872
                       exp(bound)     0.4551


bounds 16@  

      Profile likelihood bounds for parameter 16 (ANY_FHF1_1)

                  MLE    -0.1525    exp(MLE)     0.8586

               97.5% lower bound      -1.573
                       exp(bound)     0.2075
               97.5% upper bound      0.8657
                       exp(bound)      2.377


bounds 17@ 

      Profile likelihood bounds for parameter 17 (ANY_FHF1_2)

                  MLE     -1.609    exp(MLE)        0.2

               97.5% lower bound       -5127
                       exp(bound)          0
 ***   ERROR: 
               97.5% upper bound not found last estimate      -1.26 Deviance         0

