! Figure 1 and 2
! Model building for single and multiple nodules, whole dose range

new @

names 
IDN	
byear AGE_EXM	AGE_EXP	YEAR_EXM 
SEX_L	
OBL_M	OBL_86	UR_RUR	ur_rur86
thnod_prev	max_size nod_sz nod_sz3 thcount nod_neohc nod_neo
tc	prevcases FA_PREV 
DOSE_GYAV_S		
IODINE	tvolume TSH	TG	atg 
SMOKE_F	VITAM_F		
AIT_TOTF goiter_df_pal NDG_RELF ANY_FHF1
Cytology CytologyRecomend Operat OperatRecomend RefOnko fnb
@

skip 1 @

input 'C:\REB\chernobyl_thyroid\Data\dose_tnprev_belam_exclude1.csv' @
Input from C:\REB\chernobyl_thyroid\Data\dose_tnprev_belam_exclude1.csv

       11422 records read       11421 records used
                                    1 records rejected

40 variables defined  At least 500 additional variables can be created.



tran dgy=dose_gyav_s;
     dgysq=dgy*dgy;
     ex2=(age_exp-2);
     ex4=(age_exp-4);
     ex5=(age_exp-5);
     ex8=(age_exp-8);
     ex8sq=ex8*ex8;
     age21=(age_exm-21);
     age21sq=age21*age21;
     lage21 = log(age_exm/21) ;
     lage21sq = lage21^2 ;
     tvol13=(tvolume-13);
     tvol13sq=tvol13*tvol13;
     yob1983=(byear-1983);

     if any_fhf1==-1 then any_fhf1=2 !2 recoded to missing
     endif; 

     if smoke_f==-1 then smoke_f=2
     endif;
     
     if ismiss(goiter_df_pal)==1 then goiter_df_pal=2
     endif;


     if obl_m==1 then obl_mn=2 !Gomel
     elif obl_m==2 or obl_m==4 then obl_mn=1 !Minsk
     else obl_mn=3 !Mogilev and others
     endif;

     if obl_86==1 then obl_86n=2 !Gomel
     elif obl_86==2 or obl_86==4 then obl_86n=1 !Minsk
     else obl_86n=3 !Mogilev and others
     endif;

     if ur_rur86==1 then ur_rur86n=1 !Rural
     elif ur_rur86==2 or ur_rur86==3 or ur_rur86==4 then ur_rur86n=2 !Urban
     endif;

     if tvolume>=18 and sex_l==1 then tvlarge=1 !Thyroid enlargement for women
     elif tvolume>=25 and sex_l==0 then tvlarge=1  !Thyroid enlargement for men
     else tvlarge=0 !Normal thyroid
     endif;

     iod100=(iodine-100);
     iod60=(iodine-60);
     iodinen=iodine;
     if ismiss(iodine)==1 then iodinen=9999
     endif; 


@
 
levels   
SEX_L	 
OBL_M	obl_mn OBL_86 obl_86n	UR_RUR	ur_rur86 ur_rur86n
thnod_prev nod_sz nod_sz3 thcount nod_neohc nod_neo
tc	prevcases FA_PREV 
SMOKE_F	VITAM_F		
AIT_TOTF goiter_df_pal NDG_RELF ANY_FHF1
Cytology CytologyRecomend Operat OperatRecomend RefOnko fnb
tvlarge 
@

SEX_L has 2 levels from 0 to 1
OBL_M has 5 levels from 1 to 5
obl_mn has 3 levels from 1 to 3
OBL_86 has 8 levels from 1 to 8
obl_86n has 3 levels from 1 to 3
UR_RUR has 2 levels from 0 to 1
ur_rur86 has 4 levels from 1 to 4
ur_rur86n has 2 levels from 1 to 2
thnod_prev has 2 levels from 0 to 1
nod_sz has 3 levels from 0 to 2
nod_sz3 has 4 levels from 0 to 3
thcount has 5 levels from 0 to 4
nod_neohc has 2 levels from 0 to 1
nod_neo has 2 levels from 0 to 1
tc has 4 levels from 0 to 3
prevcases has 2 levels from 0 to 1
FA_PREV has 2 levels from 0 to 1
SMOKE_F has 3 levels from 0 to 2
VITAM_F has 2 levels from 0 to 1
AIT_TOTF has 3 levels from -1 to 1
goiter_df_pal has 3 levels from 0 to 2
NDG_RELF has 3 levels from -1 to 1
ANY_FHF1 has 3 levels from 0 to 2
Cytology has 2 levels from 1 to 2
CytologyRecomend has 2 levels from 0 to 1
Operat has 2 levels from 1 to 2
OperatRecomend has 2 levels from 0 to 1
RefOnko has 4 levels from 0 to 3
fnb has 3 levels from 1 to 3
tvlarge has 2 levels from 0 to 1

categ byear as dobyrct </1973/ 1978/ 1983/ 1987/ > @
dobyrct has 5 levels from 1 to 5

categ age_exm as agect </ 18/ 25/ > @
agect has 3 levels from 1 to 3

categ age_exp as exct </2/5/ > @ 
exct has 3 levels from 1 to 3

categ age_exp as exct4 </1/2/5 > @ 
exct4 has 4 levels from 1 to 4

categ year_exm as yearexmct </ 1998/ 1999/ 2000/ 2001/> @
yearexmct has 5 levels from 1 to 5

categ tvolume as tvct </ 8/ 10/ 14/ > @
tvct has 4 levels from 1 to 4

categ iodinen as iodct </20/9998> @
iodct has 3 levels from 1 to 3

categ dgy as dct7  </ 0.1000/ 0.2500/ 0.500/ 1.000/ 2.000/ 4.000/> @
dct7 has 7 levels from 1 to 7

categ dgy as dct8  </ 0.1000/ 0.2500/ 0.500/ 1.000/ 2.000/ 4.000/ 6.000/ > @
dct8 has 8 levels from 1 to 8


@

select (thcount==1 or thnod_prev==0)@
11188 records to be used



cases thnod_prev @

freq  thnod_prev @

Using (thcount==1 or thnod_prev==0)

  FOR: thnod_prev
  Level     Freq     %      Cum %
      0       10540   94.21    94.21
      1         648    5.79   100.00
  Total       11188


!Figure 1 points (bounds not needed) but add 1 to estimates
! test dct8
nomodel@
logl 0 sex_l lage21  ex5 ur_rur obl_86n tvlarge goiter_df_pal any_fhf1 @
line 1 dct8@
logl 1 ex5@
para 19=0@
fit@ 
          Iter  Step      Deviance

             0     0    15509.861
             1     0     5706.399
             2     0     4778.571
             3     0     4632.945
             4     0     4621.676
             5     0     4621.486
             6     0     4621.485
             7     0     4621.485

Binomial odds regression
Additive excess relative risk T0 * (1 + T1 + T2 + ...)

Using (thcount==1 or thnod_prev==0)

thnod_prev is used for cases
Bernoulli trials


                            Parameter Summary Table

 # Name                            Estimate     Std.Err.  Test Stat.  P value
-- ----------------------------   ----------   ---------  ----------  --------
Log-linear term 0
 1 %CON.....................         -3.408       0.198     -17.21    < 0.001
 3 SEX_L_1..................         0.3484     0.08559      4.071    < 0.001
 5 UR_RUR_1.................         0.1396     0.09007       1.55      0.121
 7 obl_86n_2................         0.2338      0.1501      1.557      0.119
 8 obl_86n_3................        -0.1427      0.2062    -0.6917      0.489
10 tvlarge_1................         0.4090      0.1407      2.906    0.00366
12 goiter_df_pal_1..........          1.092      0.1018      10.72    < 0.001
13 goiter_df_pal_2..........        -0.4270        1.03    -0.4144      > 0.5
15 ANY_FHF1_1...............         0.4268      0.1272      3.356    < 0.001
16 ANY_FHF1_2...............         0.2131      0.2792     0.7634      0.445
17 lage21...................          5.670      0.7918      7.162    < 0.001
18 ex5......................        -0.1525     0.03548     -4.298    < 0.001

Linear term 1
19 dct8_1...................          0.000       Fixed     -0.1882      > 0.5
20 dct8_2...................        0.09909      0.1846     0.5369      > 0.5
21 dct8_3...................         0.2160      0.2114      1.021      0.307
22 dct8_4...................         0.4232      0.2662       1.59      0.112
23 dct8_5...................          1.343      0.4995      2.689    0.00718
24 dct8_6...................         0.9166      0.4804      1.908     0.0564
25 dct8_7...................          3.697       1.599      2.312     0.0208
26 dct8_8...................          4.779       2.001      2.389     0.0169

Log-linear term 1
27 ex5......................        -0.2586     0.06335     -4.082    < 0.001

            Records used        11188

                Deviance     4621.485
                     AIC     4661.485
            Pearson Chi2     11121.91      Degrees of freedom   11168



