

new @


names 
IDN	
byear AGE_EXM	AGE_EXP	YEAR_EXM 
SEX_L	
OBL_M	OBL_86	UR_RUR	ur_rur86
thnod_prev	max_size nod_sz nod_sz3 thcount nod_neohc nod_neo
tc	prevcases FA_PREV 
DOSE_GYAV_S		
IODINE	tvolume TSH	TG	atg 
SMOKE_F	VITAM_F		
AIT_TOTF goiter_df_pal NDG_RELF ANY_FHF1
Cytology CytologyRecomend Operat OperatRecomend RefOnko fnb
@


skip 1 @

input 'E:\NCI\IR_Nod_Prev_BelAm\Data\dose_tnprev_belam_exclude1.csv' @

Input from E:\NCI\IR_Nod_Prev_BelAm\Data\dose_tnprev_belam_exclude1.csv

       11422 records read       11421 records used
                                    1 records rejected

40 variables defined  At least 500 additional variables can be created.


!input 'C:\REB\chernobyl_thyroid\Data\dose_tnprev_belam_exclude1.csv' @

tran dgy=dose_gyav_s;
     dgysq=dgy*dgy;
     ex2=(age_exp-2);
     ex4=(age_exp-4);
     ex5=(age_exp-5);
     ex8=(age_exp-8);
     ex8sq=ex8*ex8;
     age21=(age_exm-21);
     age21sq=age21*age21;
     lage21 = log(age_exm/21) ;
     lage21sq = lage21^2 ;
     tvol13=(tvolume-13);
     tvol13sq=tvol13*tvol13;
     yob1983=(byear-1983);

     if any_fhf1==-1 then any_fhf1=2 !2 recoded to missing
     endif; 

     if smoke_f==-1 then smoke_f=2
     endif;
     
     if ismiss(goiter_df_pal)==1 then goiter_df_pal=2
     endif;


     if obl_m==1 then obl_mn=2 !Gomel
     elif obl_m==2 or obl_m==4 then obl_mn=1 !Minsk
     else obl_mn=3 !Mogilev and others
     endif;

     if obl_86==1 then obl_86n=2 !Gomel
     elif obl_86==2 or obl_86==4 then obl_86n=1 !Minsk
     else obl_86n=3 !Mogilev and others
     endif;

     if ur_rur86==1 then ur_rur86n=1 !Rural
     elif ur_rur86==2 or ur_rur86==3 or ur_rur86==4 then ur_rur86n=2 !Urban
     endif;

     if tvolume>=18 and sex_l==1 then tvlarge=1 !Thyroid enlargement for women
     elif tvolume>=25 and sex_l==0 then tvlarge=1  !Thyroid enlargement for men
     else tvlarge=0 !Normal thyroid
     endif;

     iod100=(iodine-100);
     iod60=(iodine-60);
     iodinen=iodine;
     if ismiss(iodine)==1 then iodinen=9999
     endif; 


@

 
levels   
SEX_L	 
OBL_M	obl_mn OBL_86 obl_86n	UR_RUR	ur_rur86 ur_rur86n
thnod_prev nod_sz nod_sz3 thcount nod_neohc nod_neo
tc	prevcases FA_PREV 
SMOKE_F	VITAM_F		
AIT_TOTF goiter_df_pal NDG_RELF ANY_FHF1
Cytology CytologyRecomend Operat OperatRecomend RefOnko fnb
tvlarge 
@

SEX_L has 2 levels from 0 to 1
OBL_M has 5 levels from 1 to 5
obl_mn has 3 levels from 1 to 3
OBL_86 has 8 levels from 1 to 8
obl_86n has 3 levels from 1 to 3
UR_RUR has 2 levels from 0 to 1
ur_rur86 has 4 levels from 1 to 4
ur_rur86n has 2 levels from 1 to 2
thnod_prev has 2 levels from 0 to 1
nod_sz has 3 levels from 0 to 2
nod_sz3 has 4 levels from 0 to 3
thcount has 5 levels from 0 to 4
nod_neohc has 2 levels from 0 to 1
nod_neo has 2 levels from 0 to 1
tc has 4 levels from 0 to 3
prevcases has 2 levels from 0 to 1
FA_PREV has 2 levels from 0 to 1
SMOKE_F has 3 levels from 0 to 2
VITAM_F has 2 levels from 0 to 1
AIT_TOTF has 3 levels from -1 to 1
goiter_df_pal has 3 levels from 0 to 2
NDG_RELF has 3 levels from -1 to 1
ANY_FHF1 has 3 levels from 0 to 2
Cytology has 2 levels from 1 to 2
CytologyRecomend has 2 levels from 0 to 1
Operat has 2 levels from 1 to 2
OperatRecomend has 2 levels from 0 to 1
RefOnko has 4 levels from 0 to 3
fnb has 3 levels from 1 to 3
tvlarge has 2 levels from 0 to 1

categ byear as dobyrct </1973/ 1978/ 1983/ 1987/ > @

dobyrct has 5 levels from 1 to 5

categ age_exm as agect </ 18/ 25/ > @

agect has 3 levels from 1 to 3

categ age_exp as exct </2/5/ > @ 

exct has 3 levels from 1 to 3

categ year_exm as yearexmct </ 1998/ 1999/ 2000/ 2001/> @

yearexmct has 5 levels from 1 to 5

categ tvolume as tvct </ 8/ 10/ 14/ > @

tvct has 4 levels from 1 to 4

categ iodinen as iodct </20/9998> @

iodct has 3 levels from 1 to 3

categ dgy as dct8  </ 0.1000/ 0.2500/ 0.500/ 1.000/ 2.000/ 4.000/6.000/> @

dct8 has 8 levels from 1 to 8


new @


names 
IDN	
byear AGE_EXM	AGE_EXP	YEAR_EXM 
SEX_L	
OBL_M	OBL_86	UR_RUR	ur_rur86
thnod_prev	max_size nod_sz nod_sz3 thcount nod_neohc nod_neo
tc	prevcases FA_PREV 
DOSE_GYAV_S		
IODINE	tvolume TSH	TG	atg 
SMOKE_F	VITAM_F		
AIT_TOTF goiter_df_pal NDG_RELF ANY_FHF1
Cytology CytologyRecomend Operat OperatRecomend RefOnko fnb
@


skip 1 @

input 'E:\NCI\IR_Nod_Prev_BelAm\Data\dose_tnprev_belam_exclude1.csv' @

Input from E:\NCI\IR_Nod_Prev_BelAm\Data\dose_tnprev_belam_exclude1.csv

       11422 records read       11421 records used
                                    1 records rejected

40 variables defined  At least 500 additional variables can be created.


!input 'C:\REB\chernobyl_thyroid\Data\dose_tnprev_belam_exclude1.csv' @

tran dgy=dose_gyav_s;
     dgysq=dgy*dgy;
     ex2=(age_exp-2);
     ex4=(age_exp-4);
     ex5=(age_exp-5);
     ex8=(age_exp-8);
     ex8sq=ex8*ex8;
     age21=(age_exm-21);
     age21sq=age21*age21;
     lage21 = log(age_exm/21) ;
     lage21sq = lage21^2 ;
     tvol13=(tvolume-13);
     tvol13sq=tvol13*tvol13;
     yob1983=(byear-1983);

     if any_fhf1==-1 then any_fhf1=2 !2 recoded to missing
     endif; 

     if smoke_f==-1 then smoke_f=2
     endif;
     
     if ismiss(goiter_df_pal)==1 then goiter_df_pal=2
     endif;


     if obl_m==1 then obl_mn=2 !Gomel
     elif obl_m==2 or obl_m==4 then obl_mn=1 !Minsk
     else obl_mn=3 !Mogilev and others
     endif;

     if obl_86==1 then obl_86n=2 !Gomel
     elif obl_86==2 or obl_86==4 then obl_86n=1 !Minsk
     else obl_86n=3 !Mogilev and others
     endif;

     if ur_rur86==1 then ur_rur86n=1 !Rural
     elif ur_rur86==2 or ur_rur86==3 or ur_rur86==4 then ur_rur86n=2 !Urban
     endif;

     if tvolume>=18 and sex_l==1 then tvlarge=1 !Thyroid enlargement for women
     elif tvolume>=25 and sex_l==0 then tvlarge=1  !Thyroid enlargement for men
     else tvlarge=0 !Normal thyroid
     endif;

     iod100=(iodine-100);
     iod60=(iodine-60);
     iodinen=iodine;
     if ismiss(iodine)==1 then iodinen=9999
     endif; 


@

 
levels   
SEX_L	 
OBL_M	obl_mn OBL_86 obl_86n	UR_RUR	ur_rur86 ur_rur86n
thnod_prev nod_sz nod_sz3 thcount nod_neohc nod_neo
tc	prevcases FA_PREV 
SMOKE_F	VITAM_F		
AIT_TOTF goiter_df_pal NDG_RELF ANY_FHF1
Cytology CytologyRecomend Operat OperatRecomend RefOnko fnb
tvlarge 
@

SEX_L has 2 levels from 0 to 1
OBL_M has 5 levels from 1 to 5
obl_mn has 3 levels from 1 to 3
OBL_86 has 8 levels from 1 to 8
obl_86n has 3 levels from 1 to 3
UR_RUR has 2 levels from 0 to 1
ur_rur86 has 4 levels from 1 to 4
ur_rur86n has 2 levels from 1 to 2
thnod_prev has 2 levels from 0 to 1
nod_sz has 3 levels from 0 to 2
nod_sz3 has 4 levels from 0 to 3
thcount has 5 levels from 0 to 4
nod_neohc has 2 levels from 0 to 1
nod_neo has 2 levels from 0 to 1
tc has 4 levels from 0 to 3
prevcases has 2 levels from 0 to 1
FA_PREV has 2 levels from 0 to 1
SMOKE_F has 3 levels from 0 to 2
VITAM_F has 2 levels from 0 to 1
AIT_TOTF has 3 levels from -1 to 1
goiter_df_pal has 3 levels from 0 to 2
NDG_RELF has 3 levels from -1 to 1
ANY_FHF1 has 3 levels from 0 to 2
Cytology has 2 levels from 1 to 2
CytologyRecomend has 2 levels from 0 to 1
Operat has 2 levels from 1 to 2
OperatRecomend has 2 levels from 0 to 1
RefOnko has 4 levels from 0 to 3
fnb has 3 levels from 1 to 3
tvlarge has 2 levels from 0 to 1

categ byear as dobyrct </1973/ 1978/ 1983/ 1987/ > @

dobyrct has 5 levels from 1 to 5

categ age_exm as agect </ 18/ 25/ > @

agect has 3 levels from 1 to 3

categ age_exp as exct </2/5/ > @ 

exct has 3 levels from 1 to 3

categ year_exm as yearexmct </ 1998/ 1999/ 2000/ 2001/> @

yearexmct has 5 levels from 1 to 5

categ tvolume as tvct </ 8/ 10/ 14/ > @

tvct has 4 levels from 1 to 4

categ iodinen as iodct </20/9998> @

iodct has 3 levels from 1 to 3

categ dgy as dct8  </ 0.1000/ 0.2500/ 0.500/ 1.000/ 2.000/ 4.000/6.000/> @

dct8 has 8 levels from 1 to 8


tran 
if        dct8==1 then dct8num=1
     elif dct8==2 then dct8num=2
     elif dct8==3 then dct8num=3
     elif dct8==4 then dct8num=4
     elif dct8==5 then dct8num=5
     elif dct8==6 then dct8num=6
     elif dct8==7 then dct8num=7
     else              dct8num=8
     endif;

@


cases thnod_prev @

!All
freq dct8 thnod_prev @

Entries:
         count

             thnod_prev
dct8       |         0         1 |  Total
-----------+---------------------+----------
      1    |      2972       231 |      3203
      2    |      2138       169 |      2307
      3    |      1961       158 |      2119
      4    |      1682       129 |      1811
      5    |      1076       110 |      1186
      6    |       503        40 |       543
      7    |       118        21 |       139
      8    |        90        23 |       113
-----------+---------------------+----------
     Total |     10540       881 |     11421



nomodel@
logl 0 sex_l lage21 obl_mn ur_rur @ 

line 1 dct8 @ 

logl 1 ex5@

para 10=0@

fit@

          Iter  Step      Deviance

             0     0    15832.868
             1     0     6741.621
             2     0     6039.386
             3     0     5956.331
             4     0     5950.995
             5     0     5950.899
             6     0     5950.896
             7     0     5950.895

Binomial odds regression
Additive excess relative risk T0 * (1 + T1 + T2 + ...)

thnod_prev is used for cases
Bernoulli trials


                            Parameter Summary Table

 # Name                            Estimate     Std.Err.  Test Stat.  P value
-- ----------------------------   ----------   ---------  ----------  --------
Log-linear term 0
 1 %CON.....................         -3.225      0.1245     -25.91    < 0.001
 3 SEX_L_1..................         0.4298     0.07258      5.922    < 0.001
 5 obl_mn_2.................       0.009940     0.09455     0.1051      > 0.5
 6 obl_mn_3.................        -0.1539      0.1394     -1.104       0.27
 8 UR_RUR_1.................         0.2168     0.07905      2.743    0.00609
 9 lage21...................          2.663      0.2771      9.612    < 0.001

Linear term 1
10 dct8_1...................          0.000       Fixed    -0.09689      > 0.5
11 dct8_2...................        0.07153      0.1697     0.4215      > 0.5
12 dct8_3...................         0.4042      0.2272      1.779     0.0752
13 dct8_4...................         0.4811      0.2481      1.939     0.0525
14 dct8_5...................          1.578      0.4562       3.46    < 0.001
15 dct8_6...................          1.195       0.479      2.495     0.0126
16 dct8_7...................          3.939        1.46      2.699    0.00696
17 dct8_8...................          6.347       2.069      3.067    0.00216

Log-linear term 1
18 ex5......................        -0.2046     0.04425     -4.623    < 0.001

            Records used        11421

                Deviance     5950.895
                     AIC     5978.895
            Pearson Chi2     11264.75      Degrees of freedom   11407




bounds 11@

      Profile likelihood bounds for parameter 11 (dct8_2)

                  MLE    0.07153

               97.5% lower bound     -0.2149
               97.5% upper bound      0.5084

