! Figure 3
! Model building for < 4Gy, centered at ex=2


new @


names 
IDN	
byear AGE_EXM	AGE_EXP	YEAR_EXM 
SEX_L	
OBL_M	OBL_86	UR_RUR	ur_rur86
thnod_prev	max_size nod_sz nod_sz3 thcount nod_neohc nod_neo
tc	prevcases FA_PREV 
DOSE_GYAV_S		
IODINE	tvolume TSH	TG	atg 
SMOKE_F	VITAM_F		
AIT_TOTF goiter_df_pal NDG_RELF ANY_FHF1
Cytology CytologyRecomend Operat OperatRecomend RefOnko fnb
@


skip 1 @

input 'E:\NCI\IR_Nod_Prev_BelAm\Data\dose_tnprev_belam_exclude1.csv' @

Input from E:\NCI\IR_Nod_Prev_BelAm\Data\dose_tnprev_belam_exclude1.csv

       11422 records read       11421 records used
                                    1 records rejected

40 variables defined  At least 500 additional variables can be created.



tran dgy=dose_gyav_s;
     dgysq=dgy*dgy;
     ex2=(age_exp-2);
     ex4=(age_exp-4);
     ex5=(age_exp-5);
     ex8=(age_exp-8);
     ex8sq=ex8*ex8;
     age21=(age_exm-21);
     age21sq=age21*age21;
     lage21 = log(age_exm/21) ;
     lage21sq = lage21^2 ;
     tvol13=(tvolume-13);
     tvol13sq=tvol13*tvol13;
     yob1983=(byear-1983);

     if any_fhf1==-1 then any_fhf1=2 !2 recoded to missing
     endif; 

     if smoke_f==-1 then smoke_f=2
     endif;
     
     if ismiss(goiter_df_pal)==1 then goiter_df_pal=2
     endif;


     if obl_m==1 then obl_mn=2 !Gomel
     elif obl_m==2 or obl_m==4 then obl_mn=1 !Minsk
     else obl_mn=3 !Mogilev and others
     endif;

     if obl_86==1 then obl_86n=2 !Gomel
     elif obl_86==2 or obl_86==4 then obl_86n=1 !Minsk
     else obl_86n=3 !Mogilev and others
     endif;

     if ur_rur86==1 then ur_rur86n=1 !Rural
     elif ur_rur86==2 or ur_rur86==3 or ur_rur86==4 then ur_rur86n=2 !Urban
     endif;

     if tvolume>=18 and sex_l==1 then tvlarge=1 !Thyroid enlargement for women
     elif tvolume>=25 and sex_l==0 then tvlarge=1  !Thyroid enlargement for men
     else tvlarge=0 !Normal thyroid
     endif;

     iod100=(iodine-100);
     iod60=(iodine-60);
     iodinen=iodine;
     if ismiss(iodine)==1 then iodinen=9999
     endif; 


@

 
levels   
SEX_L	 
OBL_M	obl_mn OBL_86 obl_86n	UR_RUR	ur_rur86 ur_rur86n
thnod_prev nod_sz nod_sz3 thcount nod_neohc nod_neo
tc	prevcases FA_PREV 
SMOKE_F	VITAM_F		
AIT_TOTF goiter_df_pal NDG_RELF ANY_FHF1
Cytology CytologyRecomend Operat OperatRecomend RefOnko fnb
tvlarge 
@

SEX_L has 2 levels from 0 to 1
OBL_M has 5 levels from 1 to 5
obl_mn has 3 levels from 1 to 3
OBL_86 has 8 levels from 1 to 8
obl_86n has 3 levels from 1 to 3
UR_RUR has 2 levels from 0 to 1
ur_rur86 has 4 levels from 1 to 4
ur_rur86n has 2 levels from 1 to 2
thnod_prev has 2 levels from 0 to 1
nod_sz has 3 levels from 0 to 2
nod_sz3 has 4 levels from 0 to 3
thcount has 5 levels from 0 to 4
nod_neohc has 2 levels from 0 to 1
nod_neo has 2 levels from 0 to 1
tc has 4 levels from 0 to 3
prevcases has 2 levels from 0 to 1
FA_PREV has 2 levels from 0 to 1
SMOKE_F has 3 levels from 0 to 2
VITAM_F has 2 levels from 0 to 1
AIT_TOTF has 3 levels from -1 to 1
goiter_df_pal has 3 levels from 0 to 2
NDG_RELF has 3 levels from -1 to 1
ANY_FHF1 has 3 levels from 0 to 2
Cytology has 2 levels from 1 to 2
CytologyRecomend has 2 levels from 0 to 1
Operat has 2 levels from 1 to 2
OperatRecomend has 2 levels from 0 to 1
RefOnko has 4 levels from 0 to 3
fnb has 3 levels from 1 to 3
tvlarge has 2 levels from 0 to 1

categ byear as dobyrct </1973/ 1978/ 1983/ 1987/ > @

dobyrct has 5 levels from 1 to 5

categ age_exm as agect </ 18/ 25/ > @

agect has 3 levels from 1 to 3

categ age_exp as exct </2/5/ > @ 

exct has 3 levels from 1 to 3

categ year_exm as yearexmct </ 1998/ 1999/ 2000/ 2001/> @

yearexmct has 5 levels from 1 to 5

categ tvolume as tvct </ 8/ 10/ 14/ > @

tvct has 4 levels from 1 to 4

categ iodinen as iodct </20/9998> @

iodct has 3 levels from 1 to 3

categ dgy as dct7  </ 0.1000/ 0.2500/ 0.500/ 1.000/ 2.000/ 4.000/> @

dct7 has 7 levels from 1 to 7



cases thnod_prev@

!!! All

select dgy<4@

11169 records to be used


freq thnod_prev @


Using dgy<4

  FOR: thnod_prev
  Level     Freq     %      Cum %
      0       10332   92.51    92.51
      1         837    7.49   100.00
  Total       11169




!Basic linear dose model 
nomodel@
logl 0 sex_l lage21  ex2 ur_rur obl_86n   @

line 1 dgy@

logl 1 ex2 @

fit@ 
          Iter  Step      Deviance

             0     0    15483.522
             1     0     6512.077
             2     0     5798.520
             3     0     5734.218
             4     0     5724.511
             5     0     5724.349
             6     0     5724.348
             7     0     5724.348

Binomial odds regression
Additive excess relative risk T0 * (1 + T1 + T2 + ...)

Using dgy<4

thnod_prev is used for cases
Bernoulli trials


                            Parameter Summary Table

 # Name                            Estimate     Std.Err.  Test Stat.  P value
-- ----------------------------   ----------   ---------  ----------  --------
Log-linear term 0
 1 %CON.....................         -2.880       0.228     -12.63    < 0.001
 3 SEX_L_1..................         0.4218     0.07432      5.675    < 0.001
 5 UR_RUR_1.................         0.2197     0.08004      2.745    0.00604
 7 obl_86n_2................         0.1148      0.1196     0.9594      0.337
 8 obl_86n_3................        -0.2107      0.1708     -1.233      0.217
 9 lage21...................          3.809      0.6739      5.653    < 0.001
10 ex2......................       -0.06172     0.03018     -2.045     0.0408

Linear term 1
11 dgy......................          1.214      0.3619      3.353    < 0.001

Log-linear term 1
12 ex2......................        -0.2371     0.06757     -3.509    < 0.001

            Records used        11169

                Deviance     5724.348
                     AIC     5742.348
            Pearson Chi2     11020.17      Degrees of freedom   11160



null@

!linear quadratic dose-response 
line 1 +dgysq @ 

fit @ 
          Iter  Step      Deviance

             0     0     5724.348
             1     0     5723.258
             2     0     5723.229
             3     0     5723.229
             4     0     5723.229

Binomial odds regression
Additive excess relative risk T0 * (1 + T1 + T2 + ...)

Using dgy<4

thnod_prev is used for cases
Bernoulli trials


                            Parameter Summary Table

 # Name                            Estimate     Std.Err.  Test Stat.  P value
-- ----------------------------   ----------   ---------  ----------  --------
Log-linear term 0
 1 %CON.....................         -2.915      0.2306     -12.64    < 0.001
 3 SEX_L_1..................         0.4228     0.07431      5.689    < 0.001
 5 UR_RUR_1.................         0.2234     0.08017      2.787    0.00532
 7 obl_86n_2................        0.08756      0.1229     0.7128      0.476
 8 obl_86n_3................        -0.2317      0.1721     -1.346      0.178
 9 lage21...................          3.889      0.6813      5.708    < 0.001
10 ex2......................       -0.05999     0.03016     -1.989     0.0467

Linear term 1
11 dgy......................          1.871      0.8043      2.326       0.02
12 dgysq....................        -0.2541      0.2461     -1.032      0.302

Log-linear term 1
13 ex2......................        -0.2293     0.06062     -3.782    < 0.001

            Records used        11169

                Deviance     5723.229
                     AIC     5743.229
            Pearson Chi2     10993.73      Degrees of freedom   11159



lrt @

!linear exponential dose-response

             LR statistic       1.119      Degrees of freedom      1
                  P value       0.290

line 1 -dgysq@

logl 1 +dgy @

fit@  
          Iter  Step      Deviance

             0     0     5728.989
             1     0     5723.482
             2     0     5723.375
             3     0     5723.375

Binomial odds regression
Additive excess relative risk T0 * (1 + T1 + T2 + ...)

Using dgy<4

thnod_prev is used for cases
Bernoulli trials


                            Parameter Summary Table

 # Name                            Estimate     Std.Err.  Test Stat.  P value
-- ----------------------------   ----------   ---------  ----------  --------
Log-linear term 0
 1 %CON.....................         -2.914      0.2316     -12.58    < 0.001
 3 SEX_L_1..................         0.4228     0.07432       5.69    < 0.001
 5 UR_RUR_1.................         0.2232     0.08016      2.784    0.00536
 7 obl_86n_2................        0.08878      0.1236     0.7185      0.472
 8 obl_86n_3................        -0.2306      0.1725     -1.337      0.181
 9 lage21...................          3.883       0.682      5.693    < 0.001
10 ex2......................       -0.05995      0.0302     -1.985     0.0471

Linear term 1
11 dgy......................          1.874      0.9533      1.966     0.0493

Log-linear term 1
12 ex2......................        -0.2294     0.06097     -3.762    < 0.001
13 dgy......................        -0.1684      0.1699    -0.9914      0.321

            Records used        11169

                Deviance     5723.375
                     AIC     5743.375
            Pearson Chi2     10996.15      Degrees of freedom   11159



lrt@

!Final model Figure 3 <4 Gy

             LR statistic      0.9732      Degrees of freedom      1
                  P value       0.324

nomodel@
logl 0 sex_l lage21  ex2 ur_rur obl_86n @

line 1 dgy@

logl 1 ex2 @

fit@ 

          Iter  Step      Deviance

             0     0    15483.522
             1     0     6512.077
             2     0     5798.520
             3     0     5734.218
             4     0     5724.511
             5     0     5724.349
             6     0     5724.348
             7     0     5724.348

Binomial odds regression
Additive excess relative risk T0 * (1 + T1 + T2 + ...)

Using dgy<4

thnod_prev is used for cases
Bernoulli trials


                            Parameter Summary Table

 # Name                            Estimate     Std.Err.  Test Stat.  P value
-- ----------------------------   ----------   ---------  ----------  --------
Log-linear term 0
 1 %CON.....................         -2.880       0.228     -12.63    < 0.001
 3 SEX_L_1..................         0.4218     0.07432      5.675    < 0.001
 5 UR_RUR_1.................         0.2197     0.08004      2.745    0.00604
 7 obl_86n_2................         0.1148      0.1196     0.9594      0.337
 8 obl_86n_3................        -0.2107      0.1708     -1.233      0.217
 9 lage21...................          3.809      0.6739      5.653    < 0.001
10 ex2......................       -0.06172     0.03018     -2.045     0.0408

Linear term 1
11 dgy......................          1.214      0.3619      3.353    < 0.001

Log-linear term 1
12 ex2......................        -0.2371     0.06757     -3.509    < 0.001

            Records used        11169

                Deviance     5724.348
                     AIC     5742.348
            Pearson Chi2     11020.17      Degrees of freedom   11160




bounds 11 @ !Fig 3 All

      Profile likelihood bounds for parameter 11 (dgy)

                  MLE      1.214

               97.5% lower bound      0.6308
               97.5% upper bound       2.115





!!! Non-neoplastic

select (nod_neo==0 or thnod_prev==0) and dgy<4@

11078 records to be used


freq thnod_prev @


Using (nod_neo==0 or thnod_prev==0) and dgy<4

  FOR: thnod_prev
  Level     Freq     %      Cum %
      0       10332   93.27    93.27
      1         746    6.73   100.00
  Total       11078




!Basic linear dose model 
nomodel@
logl 0 sex_l lage21  ex2 ur_rur obl_86n   @

line 1 dgy@

logl 1 ex2 @

fit@ 
          Iter  Step      Deviance

             0     0    15357.369
             1     0     6120.182
             2     0     5335.918
             3     0     5254.476
             4     0     5241.674
             5     0     5241.430
             6     0     5241.430
             7     0     5241.430

Binomial odds regression
Additive excess relative risk T0 * (1 + T1 + T2 + ...)

Using (nod_neo==0 or thnod_prev==0) and dgy<4

thnod_prev is used for cases
Bernoulli trials


                            Parameter Summary Table

 # Name                            Estimate     Std.Err.  Test Stat.  P value
-- ----------------------------   ----------   ---------  ----------  --------
Log-linear term 0
 1 %CON.....................         -2.918      0.2411      -12.1    < 0.001
 3 SEX_L_1..................         0.4293     0.07853      5.467    < 0.001
 5 UR_RUR_1.................         0.2959     0.08539      3.465    < 0.001
 7 obl_86n_2................        0.09943      0.1233     0.8064       0.42
 8 obl_86n_3................        -0.1836      0.1759     -1.043      0.297
 9 lage21...................          4.197      0.7248      5.791    < 0.001
10 ex2......................       -0.07819     0.03237     -2.416     0.0157

Linear term 1
11 dgy......................         0.9020      0.3242      2.782     0.0054

Log-linear term 1
12 ex2......................        -0.2192     0.08275     -2.649    0.00808

            Records used        11078

                Deviance      5241.43
                     AIC      5259.43
            Pearson Chi2     10938.61      Degrees of freedom   11069



null@

!linear quadratic dose-response 
line 1 +dgysq @ 

fit @ 
          Iter  Step      Deviance

             0     0     5241.430
             1     0     5240.878
             2     0     5240.869
             3     0     5240.869

Binomial odds regression
Additive excess relative risk T0 * (1 + T1 + T2 + ...)

Using (nod_neo==0 or thnod_prev==0) and dgy<4

thnod_prev is used for cases
Bernoulli trials


                            Parameter Summary Table

 # Name                            Estimate     Std.Err.  Test Stat.  P value
-- ----------------------------   ----------   ---------  ----------  --------
Log-linear term 0
 1 %CON.....................         -2.941      0.2432     -12.09    < 0.001
 3 SEX_L_1..................         0.4299     0.07852      5.475    < 0.001
 5 UR_RUR_1.................         0.2993     0.08556      3.498    < 0.001
 7 obl_86n_2................        0.07897      0.1266     0.6236      > 0.5
 8 obl_86n_3................        -0.1990      0.1773     -1.123      0.262
 9 lage21...................          4.264      0.7332      5.816    < 0.001
10 ex2......................       -0.07734     0.03235      -2.39     0.0168

Linear term 1
11 dgy......................          1.336      0.7223      1.849     0.0644
12 dgysq....................        -0.1679      0.2291     -0.733      0.464

Log-linear term 1
13 ex2......................        -0.2130     0.07516     -2.834     0.0046

            Records used        11078

                Deviance     5240.869
                     AIC     5260.869
            Pearson Chi2     10923.13      Degrees of freedom   11068



lrt @

!linear exponential dose-response

             LR statistic      0.5607      Degrees of freedom      1
                  P value       0.454

line 1 -dgysq@

logl 1 +dgy @

fit@  
          Iter  Step      Deviance

             0     0     5243.908
             1     0     5240.977
             2     0     5240.922
             3     0     5240.922

Binomial odds regression
Additive excess relative risk T0 * (1 + T1 + T2 + ...)

Using (nod_neo==0 or thnod_prev==0) and dgy<4

thnod_prev is used for cases
Bernoulli trials


                            Parameter Summary Table

 # Name                            Estimate     Std.Err.  Test Stat.  P value
-- ----------------------------   ----------   ---------  ----------  --------
Log-linear term 0
 1 %CON.....................         -2.942      0.2441     -12.05    < 0.001
 3 SEX_L_1..................         0.4300     0.07853      5.476    < 0.001
 5 UR_RUR_1.................         0.2992     0.08556      3.497    < 0.001
 7 obl_86n_2................        0.07918      0.1274     0.6213      > 0.5
 8 obl_86n_3................        -0.1988      0.1776     -1.119      0.263
 9 lage21...................          4.261      0.7342      5.804    < 0.001
10 ex2......................       -0.07725     0.03238     -2.386      0.017

Linear term 1
11 dgy......................          1.354      0.8613      1.571      0.116

Log-linear term 1
12 ex2......................        -0.2127     0.07529     -2.825    0.00472
13 dgy......................        -0.1582      0.2197      -0.72      0.472

            Records used        11078

                Deviance     5240.922
                     AIC     5260.922
            Pearson Chi2      10924.6      Degrees of freedom   11068



lrt@

!Final model Figure 3 <4 Gy

             LR statistic      0.5078      Degrees of freedom      1
                  P value       0.476

nomodel@
logl 0 sex_l lage21  ex2 ur_rur obl_86n @

line 1 dgy@

logl 1 ex2 @

fit@ 

          Iter  Step      Deviance

             0     0    15357.369
             1     0     6120.182
             2     0     5335.918
             3     0     5254.476
             4     0     5241.674
             5     0     5241.430
             6     0     5241.430
             7     0     5241.430

Binomial odds regression
Additive excess relative risk T0 * (1 + T1 + T2 + ...)

Using (nod_neo==0 or thnod_prev==0) and dgy<4

thnod_prev is used for cases
Bernoulli trials


                            Parameter Summary Table

 # Name                            Estimate     Std.Err.  Test Stat.  P value
-- ----------------------------   ----------   ---------  ----------  --------
Log-linear term 0
 1 %CON.....................         -2.918      0.2411      -12.1    < 0.001
 3 SEX_L_1..................         0.4293     0.07853      5.467    < 0.001
 5 UR_RUR_1.................         0.2959     0.08539      3.465    < 0.001
 7 obl_86n_2................        0.09943      0.1233     0.8064       0.42
 8 obl_86n_3................        -0.1836      0.1759     -1.043      0.297
 9 lage21...................          4.197      0.7248      5.791    < 0.001
10 ex2......................       -0.07819     0.03237     -2.416     0.0157

Linear term 1
11 dgy......................         0.9020      0.3242      2.782     0.0054

Log-linear term 1
12 ex2......................        -0.2192     0.08275     -2.649    0.00808

            Records used        11078

                Deviance      5241.43
                     AIC      5259.43
            Pearson Chi2     10938.61      Degrees of freedom   11069




bounds 11 @ !Fig 3 Non-neoplastic

      Profile likelihood bounds for parameter 11 (dgy)

                  MLE      0.902

               97.5% lower bound      0.3899
               97.5% upper bound       1.717


 


!!! Neoplastic

select (nod_neo==1 or thnod_prev==0) and dgy<4@

10423 records to be used


freq thnod_prev @


Using (nod_neo==1 or thnod_prev==0) and dgy<4

  FOR: thnod_prev
  Level     Freq     %      Cum %
      0       10332   99.13    99.13
      1          91    0.87   100.00
  Total       10423



!Basic linear dose model 
nomodel@
logl 0 sex_l lage21  ex2 ur_rur obl_86n   @

line 1 dgy@

logl 1 ex2 @

fit@ 
          Iter  Step      Deviance

             0     0    14449.346
             1     0     3089.766
             2     0     1525.977
             3     0     1118.287
             4     0     1024.267
             5     0     1010.710
             6     0     1009.216
             7     0     1009.032
             8     0     1009.030
             9     0     1009.030

Binomial odds regression
Additive excess relative risk T0 * (1 + T1 + T2 + ...)

Using (nod_neo==1 or thnod_prev==0) and dgy<4

thnod_prev is used for cases
Bernoulli trials


                            Parameter Summary Table

 # Name                            Estimate     Std.Err.  Test Stat.  P value
-- ----------------------------   ----------   ---------  ----------  --------
Log-linear term 0
 1 %CON.....................         -5.792      0.7083     -8.178    < 0.001
 3 SEX_L_1..................         0.3582      0.2146      1.669     0.0951
 5 UR_RUR_1.................        -0.3433      0.2248     -1.527      0.127
 7 obl_86n_2................         0.3657      0.4606     0.7939      0.427
 8 obl_86n_3................        -0.4106      0.6632    -0.6191      > 0.5
 9 lage21...................          1.299       1.721     0.7551       0.45
10 ex2......................        0.04075     0.08014     0.5085      > 0.5

Linear term 1
11 dgy......................          3.465       2.348      1.476       0.14

Log-linear term 1
12 ex2......................        -0.2461      0.1017     -2.419     0.0155

            Records used        10423

                Deviance      1009.03
                     AIC      1027.03
            Pearson Chi2     10165.16      Degrees of freedom   10414



null@

!linear quadratic dose-response 
line 1 +dgysq @ 

fit @ 
          Iter  Step      Deviance

             0     0     1009.030
             1     0     1008.009
             2     0     1007.842
             3     0     1007.828
             4     0     1007.826
             5     0     1007.826
             6     0     1007.826

Binomial odds regression
Additive excess relative risk T0 * (1 + T1 + T2 + ...)

Using (nod_neo==1 or thnod_prev==0) and dgy<4

thnod_prev is used for cases
Bernoulli trials


                            Parameter Summary Table

 # Name                            Estimate     Std.Err.  Test Stat.  P value
-- ----------------------------   ----------   ---------  ----------  --------
Log-linear term 0
 1 %CON.....................         -5.988      0.7498     -7.985    < 0.001
 3 SEX_L_1..................         0.3623      0.2145      1.689     0.0913
 5 UR_RUR_1.................        -0.3385      0.2247     -1.506      0.132
 7 obl_86n_2................         0.2689      0.4737     0.5678      > 0.5
 8 obl_86n_3................        -0.4884      0.6691    -0.7298      0.465
 9 lage21...................          1.310        1.73     0.7575      0.449
10 ex2......................        0.05744     0.08172     0.7029      0.482

Linear term 1
11 dgy......................          7.221       6.564        1.1      0.271
12 dgysq....................         -1.293       1.575    -0.8212      0.412

Log-linear term 1
13 ex2......................        -0.2344     0.09217     -2.543      0.011

            Records used        10423

                Deviance     1007.826
                     AIC     1027.826
            Pearson Chi2     10109.36      Degrees of freedom   10413



lrt @

!linear exponential dose-response

             LR statistic       1.204      Degrees of freedom      1
                  P value       0.273

line 1 -dgysq@

logl 1 +dgy @

fit@  
          Iter  Step      Deviance

             0     0     1013.415
             1     0     1008.267
             2     0     1008.036
             3     0     1008.035
             4     0     1008.034
             5     0     1008.034

Binomial odds regression
Additive excess relative risk T0 * (1 + T1 + T2 + ...)

Using (nod_neo==1 or thnod_prev==0) and dgy<4

thnod_prev is used for cases
Bernoulli trials


                            Parameter Summary Table

 # Name                            Estimate     Std.Err.  Test Stat.  P value
-- ----------------------------   ----------   ---------  ----------  --------
Log-linear term 0
 1 %CON.....................         -5.980      0.7616     -7.852    < 0.001
 3 SEX_L_1..................         0.3626      0.2145       1.69      0.091
 5 UR_RUR_1.................        -0.3386      0.2247     -1.507      0.132
 7 obl_86n_2................         0.2747      0.4765     0.5765      > 0.5
 8 obl_86n_3................        -0.4830      0.6707    -0.7201      0.471
 9 lage21...................          1.310        1.73     0.7571      0.449
10 ex2......................        0.05681     0.08257      0.688      0.491

Linear term 1
11 dgy......................          7.213       7.583     0.9513      0.341

Log-linear term 1
12 ex2......................        -0.2352     0.09301     -2.529     0.0115
13 dgy......................        -0.2403       0.236     -1.019      0.308

            Records used        10423

                Deviance     1008.034
                     AIC     1028.034
            Pearson Chi2     10115.94      Degrees of freedom   10413



lrt@

!Final model Figure 3 <4 Gy

             LR statistic      0.9953      Degrees of freedom      1
                  P value       0.318

nomodel@
logl 0 sex_l lage21  ex2 ur_rur obl_86n @

line 1 dgy@

logl 1 ex2 @

fit@ 

          Iter  Step      Deviance

             0     0    14449.346
             1     0     3089.766
             2     0     1525.977
             3     0     1118.287
             4     0     1024.267
             5     0     1010.710
             6     0     1009.216
             7     0     1009.032
             8     0     1009.030
             9     0     1009.030

Binomial odds regression
Additive excess relative risk T0 * (1 + T1 + T2 + ...)

Using (nod_neo==1 or thnod_prev==0) and dgy<4

thnod_prev is used for cases
Bernoulli trials


                            Parameter Summary Table

 # Name                            Estimate     Std.Err.  Test Stat.  P value
-- ----------------------------   ----------   ---------  ----------  --------
Log-linear term 0
 1 %CON.....................         -5.792      0.7083     -8.178    < 0.001
 3 SEX_L_1..................         0.3582      0.2146      1.669     0.0951
 5 UR_RUR_1.................        -0.3433      0.2248     -1.527      0.127
 7 obl_86n_2................         0.3657      0.4606     0.7939      0.427
 8 obl_86n_3................        -0.4106      0.6632    -0.6191      > 0.5
 9 lage21...................          1.299       1.721     0.7551       0.45
10 ex2......................        0.04075     0.08014     0.5085      > 0.5

Linear term 1
11 dgy......................          3.465       2.348      1.476       0.14

Log-linear term 1
12 ex2......................        -0.2461      0.1017     -2.419     0.0155

            Records used        10423

                Deviance      1009.03
                     AIC      1027.03
            Pearson Chi2     10165.16      Degrees of freedom   10414




bounds 11 @ ! Fig 3 Neoplastic

      Profile likelihood bounds for parameter 11 (dgy)

                  MLE      3.465

               97.5% lower bound      0.8297
               97.5% upper bound       14.42





!!! Small

select (nod_sz==1 or thnod_prev==0) and dgy<4@

10912 records to be used


freq thnod_prev @


Using (nod_sz==1 or thnod_prev==0) and dgy<4

  FOR: thnod_prev
  Level     Freq     %      Cum %
      0       10332   94.68    94.68
      1         580    5.32   100.00
  Total       10912



!Basic linear dose model 
nomodel@
logl 0 sex_l lage21  ex2 ur_rur obl_86n   @

line 1 dgy@

logl 1 ex2 @

fit@ 
          Iter  Step      Deviance

             0     0    15127.244
             1     0     5406.796
             2     0     4497.713
             3     0     4375.002
             4     0     4366.431
             5     0     4366.329
             6     0     4366.327
             7     0     4366.326
             8     0     4366.326

Binomial odds regression
Additive excess relative risk T0 * (1 + T1 + T2 + ...)

Using (nod_sz==1 or thnod_prev==0) and dgy<4

thnod_prev is used for cases
Bernoulli trials


                            Parameter Summary Table

 # Name                            Estimate     Std.Err.  Test Stat.  P value
-- ----------------------------   ----------   ---------  ----------  --------
Log-linear term 0
 1 %CON.....................         -2.941      0.2704     -10.88    < 0.001
 3 SEX_L_1..................         0.3103     0.08727      3.555    < 0.001
 5 UR_RUR_1.................         0.3113     0.09543      3.262     0.0011
 7 obl_86n_2................         0.1692      0.1352      1.252      0.211
 8 obl_86n_3................        -0.3428       0.208     -1.648     0.0994
 9 lage21...................          4.484       0.816      5.495    < 0.001
10 ex2......................        -0.1012     0.03676     -2.754    0.00589

Linear term 1
11 dgy......................         0.6681      0.3142      2.126     0.0335

Log-linear term 1
12 ex2......................        -0.4658      0.2435     -1.913     0.0558

            Records used        10912

                Deviance     4366.326
                     AIC     4384.326
            Pearson Chi2     10860.35      Degrees of freedom   10903



null@

!linear quadratic dose-response 
line 1 +dgysq @ 

fit @ 
          Iter  Step      Deviance

             0     0     4366.326
             1     0     4365.973
             2     0     4365.845
             3     0     4365.788
             4     0     4365.767
             5     0     4365.761
             6     0     4365.759
             7     0     4365.759
             8     0     4365.758

Binomial odds regression
Additive excess relative risk T0 * (1 + T1 + T2 + ...)

Using (nod_sz==1 or thnod_prev==0) and dgy<4

thnod_prev is used for cases
Bernoulli trials


                            Parameter Summary Table

 # Name                            Estimate     Std.Err.  Test Stat.  P value
-- ----------------------------   ----------   ---------  ----------  --------
Log-linear term 0
 1 %CON.....................         -2.984      0.2739      -10.9    < 0.001
 3 SEX_L_1..................         0.3127     0.08729      3.583    < 0.001
 5 UR_RUR_1.................         0.3194     0.09613      3.323    < 0.001
 7 obl_86n_2................         0.1379      0.1392     0.9905      0.322
 8 obl_86n_3................        -0.3635      0.2093     -1.737     0.0824
 9 lage21...................          4.586      0.8291      5.532    < 0.001
10 ex2......................       -0.09914     0.03679     -2.694    0.00705

Linear term 1
11 dgy......................          1.290       0.766      1.684     0.0922
12 dgysq....................        -0.2200      0.2468    -0.8911      0.373

Log-linear term 1
13 ex2......................        -0.3264      0.1465     -2.228     0.0259

            Records used        10912

                Deviance     4365.758
                     AIC     4385.758
            Pearson Chi2     10832.35      Degrees of freedom   10902



lrt @

!linear exponential dose-response

             LR statistic      0.5679      Degrees of freedom      1
                  P value       0.451

line 1 -dgysq@

logl 1 +dgy @

fit@  
          Iter  Step      Deviance

             0     0     4370.061
             1     0     4366.031
             2     0     4365.909
             3     0     4365.908
             4     0     4365.907

Binomial odds regression
Additive excess relative risk T0 * (1 + T1 + T2 + ...)

Using (nod_sz==1 or thnod_prev==0) and dgy<4

thnod_prev is used for cases
Bernoulli trials


                            Parameter Summary Table

 # Name                            Estimate     Std.Err.  Test Stat.  P value
-- ----------------------------   ----------   ---------  ----------  --------
Log-linear term 0
 1 %CON.....................         -2.978      0.2743     -10.86    < 0.001
 3 SEX_L_1..................         0.3124     0.08729      3.579    < 0.001
 5 UR_RUR_1.................         0.3179     0.09602      3.311    < 0.001
 7 obl_86n_2................         0.1426      0.1395      1.022      0.307
 8 obl_86n_3................        -0.3606      0.2095     -1.721     0.0852
 9 lage21...................          4.576      0.8312      5.506    < 0.001
10 ex2......................       -0.09949     0.03682     -2.702    0.00689

Linear term 1
11 dgy......................          1.251      0.9573      1.307      0.191

Log-linear term 1
12 ex2......................        -0.3422      0.1589     -2.154     0.0313
13 dgy......................        -0.2184      0.2837    -0.7698      0.441

            Records used        10912

                Deviance     4365.907
                     AIC     4385.907
            Pearson Chi2     10835.85      Degrees of freedom   10902



lrt@

!Final model Figure 3 <4 Gy

             LR statistic      0.4188      Degrees of freedom      1
                  P value      > 0.50

nomodel@
logl 0 sex_l lage21  ex2 ur_rur obl_86n @

line 1 dgy@

logl 1 ex2 @

fit@ 

          Iter  Step      Deviance

             0     0    15127.244
             1     0     5406.796
             2     0     4497.713
             3     0     4375.002
             4     0     4366.431
             5     0     4366.329
             6     0     4366.327
             7     0     4366.326
             8     0     4366.326

Binomial odds regression
Additive excess relative risk T0 * (1 + T1 + T2 + ...)

Using (nod_sz==1 or thnod_prev==0) and dgy<4

thnod_prev is used for cases
Bernoulli trials


                            Parameter Summary Table

 # Name                            Estimate     Std.Err.  Test Stat.  P value
-- ----------------------------   ----------   ---------  ----------  --------
Log-linear term 0
 1 %CON.....................         -2.941      0.2704     -10.88    < 0.001
 3 SEX_L_1..................         0.3103     0.08727      3.555    < 0.001
 5 UR_RUR_1.................         0.3113     0.09543      3.262     0.0011
 7 obl_86n_2................         0.1692      0.1352      1.252      0.211
 8 obl_86n_3................        -0.3428       0.208     -1.648     0.0994
 9 lage21...................          4.484       0.816      5.495    < 0.001
10 ex2......................        -0.1012     0.03676     -2.754    0.00589

Linear term 1
11 dgy......................         0.6681      0.3142      2.126     0.0335

Log-linear term 1
12 ex2......................        -0.4658      0.2435     -1.913     0.0558

            Records used        10912

                Deviance     4366.326
                     AIC     4384.326
            Pearson Chi2     10860.35      Degrees of freedom   10903




bounds 11 @ ! Fig 3 Small

      Profile likelihood bounds for parameter 11 (dgy)

                  MLE     0.6681

               97.5% lower bound     0.07515
               97.5% upper bound       1.504




!!! Large

select (nod_sz==2 or thnod_prev==0) and dgy<4@

10589 records to be used


freq thnod_prev @


Using (nod_sz==2 or thnod_prev==0) and dgy<4

  FOR: thnod_prev
  Level     Freq     %      Cum %
      0       10332   97.57    97.57
      1         257    2.43   100.00
  Total       10589




!Basic linear dose model 
nomodel@
logl 0 sex_l lage21  ex2 ur_rur obl_86n   @

line 1 dgy@

logl 1 ex2 @

fit@ 
          Iter  Step      Deviance

             0     0    14679.471
             1     0     3909.226
             2     0     2617.473
             3     0     2473.403
             4     0     2343.153
             5     0     2330.269
             6     0     2329.253
             7     0     2329.244
             8     0     2329.244

Binomial odds regression
Additive excess relative risk T0 * (1 + T1 + T2 + ...)

Using (nod_sz==2 or thnod_prev==0) and dgy<4

thnod_prev is used for cases
Bernoulli trials


                            Parameter Summary Table

 # Name                            Estimate     Std.Err.  Test Stat.  P value
-- ----------------------------   ----------   ---------  ----------  --------
Log-linear term 0
 1 %CON.....................         -4.725      0.4084     -11.57    < 0.001
 3 SEX_L_1..................         0.6781      0.1342      5.052    < 0.001
 5 UR_RUR_1.................       0.007177      0.1367    0.05252      > 0.5
 7 obl_86n_2................        0.01721       0.229    0.07515      > 0.5
 8 obl_86n_3................        0.06024      0.2923     0.2061      > 0.5
 9 lage21...................          2.434       1.136      2.142     0.0322
10 ex2......................        0.01754     0.05089     0.3447      > 0.5

Linear term 1
11 dgy......................          2.655       1.196       2.22     0.0264

Log-linear term 1
12 ex2......................        -0.1924     0.06269     -3.069    0.00215

            Records used        10589

                Deviance     2329.244
                     AIC     2347.244
            Pearson Chi2     10512.85      Degrees of freedom   10580



null@

!linear quadratic dose-response 
line 1 +dgysq @ 

fit @ 
          Iter  Step      Deviance

             0     0     2329.244
             1     0     2329.104
             2     0     2329.103
             3     0     2329.103

Binomial odds regression
Additive excess relative risk T0 * (1 + T1 + T2 + ...)

Using (nod_sz==2 or thnod_prev==0) and dgy<4

thnod_prev is used for cases
Bernoulli trials


                            Parameter Summary Table

 # Name                            Estimate     Std.Err.  Test Stat.  P value
-- ----------------------------   ----------   ---------  ----------  --------
Log-linear term 0
 1 %CON.....................         -4.755      0.4175     -11.39    < 0.001
 3 SEX_L_1..................         0.6780      0.1342      5.052    < 0.001
 5 UR_RUR_1.................       0.008033      0.1367    0.05878      > 0.5
 7 obl_86n_2................     -0.0002376      0.2342  -0.001014      > 0.5
 8 obl_86n_3................        0.04562      0.2951     0.1546      > 0.5
 9 lage21...................          2.462       1.141      2.157      0.031
10 ex2......................        0.01974     0.05119     0.3856      > 0.5

Linear term 1
11 dgy......................          3.235       2.142       1.51      0.131
12 dgysq....................        -0.2081      0.5731    -0.3632      > 0.5

Log-linear term 1
13 ex2......................        -0.1942      0.0623     -3.117    0.00183

            Records used        10589

                Deviance     2329.103
                     AIC     2349.103
            Pearson Chi2     10488.96      Degrees of freedom   10579



lrt @

!linear exponential dose-response

             LR statistic      0.1409      Degrees of freedom      1
                  P value      > 0.50

line 1 -dgysq@

logl 1 +dgy @

fit@  
          Iter  Step      Deviance

             0     0     2329.807
             1     0     2329.112
             2     0     2329.107
             3     0     2329.107

Binomial odds regression
Additive excess relative risk T0 * (1 + T1 + T2 + ...)

Using (nod_sz==2 or thnod_prev==0) and dgy<4

thnod_prev is used for cases
Bernoulli trials


                            Parameter Summary Table

 # Name                            Estimate     Std.Err.  Test Stat.  P value
-- ----------------------------   ----------   ---------  ----------  --------
Log-linear term 0
 1 %CON.....................         -4.756       0.419     -11.35    < 0.001
 3 SEX_L_1..................         0.6781      0.1342      5.053    < 0.001
 5 UR_RUR_1.................       0.008050      0.1367     0.0589      > 0.5
 7 obl_86n_2................     -0.0003736      0.2348  -0.001591      > 0.5
 8 obl_86n_3................        0.04557      0.2955     0.1542      > 0.5
 9 lage21...................          2.462       1.141      2.157      0.031
10 ex2......................        0.01978     0.05126     0.3859      > 0.5

Linear term 1
11 dgy......................          3.250       2.282      1.424      0.154

Log-linear term 1
12 ex2......................        -0.1941     0.06232     -3.115    0.00184
13 dgy......................       -0.07207      0.1926    -0.3743      > 0.5

            Records used        10589

                Deviance     2329.107
                     AIC     2349.107
            Pearson Chi2     10489.34      Degrees of freedom   10579



lrt@

!Final model Figure 3 <4 Gy

             LR statistic      0.1366      Degrees of freedom      1
                  P value      > 0.50

nomodel@
logl 0 sex_l lage21  ex2 ur_rur obl_86n @

line 1 dgy@

logl 1 ex2 @

fit@ 

          Iter  Step      Deviance

             0     0    14679.471
             1     0     3909.226
             2     0     2617.473
             3     0     2473.403
             4     0     2343.153
             5     0     2330.269
             6     0     2329.253
             7     0     2329.244
             8     0     2329.244

Binomial odds regression
Additive excess relative risk T0 * (1 + T1 + T2 + ...)

Using (nod_sz==2 or thnod_prev==0) and dgy<4

thnod_prev is used for cases
Bernoulli trials


                            Parameter Summary Table

 # Name                            Estimate     Std.Err.  Test Stat.  P value
-- ----------------------------   ----------   ---------  ----------  --------
Log-linear term 0
 1 %CON.....................         -4.725      0.4084     -11.57    < 0.001
 3 SEX_L_1..................         0.6781      0.1342      5.052    < 0.001
 5 UR_RUR_1.................       0.007177      0.1367    0.05252      > 0.5
 7 obl_86n_2................        0.01721       0.229    0.07515      > 0.5
 8 obl_86n_3................        0.06024      0.2923     0.2061      > 0.5
 9 lage21...................          2.434       1.136      2.142     0.0322
10 ex2......................        0.01754     0.05089     0.3447      > 0.5

Linear term 1
11 dgy......................          2.655       1.196       2.22     0.0264

Log-linear term 1
12 ex2......................        -0.1924     0.06269     -3.069    0.00215

            Records used        10589

                Deviance     2329.244
                     AIC     2347.244
            Pearson Chi2     10512.85      Degrees of freedom   10580




bounds 11 @ ! Fig 3 Large

      Profile likelihood bounds for parameter 11 (dgy)

                  MLE      2.655

               97.5% lower bound       1.024
               97.5% upper bound       6.386





!!! Small, non-neoplastic

select ((nod_sz==1 and nod_neo==0) or thnod_prev==0) and dgy<4@

10888 records to be used


freq thnod_prev @


Using ((nod_sz==1 and nod_neo==0) or thnod_prev==0) and dgy<4

  FOR: thnod_prev
  Level     Freq     %      Cum %
      0       10332   94.89    94.89
      1         556    5.11   100.00
  Total       10888



!Basic linear dose model 
nomodel@
logl 0 sex_l lage21  ex2 ur_rur obl_86n   @

line 1 dgy@

logl 1 ex2 @

fit@ 
          Iter  Step      Deviance

             0     0    15093.973
             1     0     5296.330
             2     0     4360.346
             3     0     4227.594
             4     0     4217.528
             5     0     4217.426
             6     0     4217.426

Binomial odds regression
Additive excess relative risk T0 * (1 + T1 + T2 + ...)

Using ((nod_sz==1 and nod_neo==0) or thnod_prev==0) and dgy<4

thnod_prev is used for cases
Bernoulli trials


                            Parameter Summary Table

 # Name                            Estimate     Std.Err.  Test Stat.  P value
-- ----------------------------   ----------   ---------  ----------  --------
Log-linear term 0
 1 %CON.....................         -2.895      0.2758      -10.5    < 0.001
 3 SEX_L_1..................         0.3003     0.08901      3.373    < 0.001
 5 UR_RUR_1.................         0.3416     0.09773      3.495    < 0.001
 7 obl_86n_2................         0.1552      0.1357      1.144      0.253
 8 obl_86n_3................        -0.3201      0.2085     -1.535      0.125
 9 lage21...................          4.820       0.844      5.712    < 0.001
10 ex2......................        -0.1152     0.03791      -3.04    0.00237

Linear term 1
11 dgy......................         0.5133      0.3027      1.696       0.09

Log-linear term 1
12 ex2......................        -0.5757      0.3575      -1.61      0.107

            Records used        10888

                Deviance     4217.426
                     AIC     4235.426
            Pearson Chi2     10827.69      Degrees of freedom   10879



null@

!linear quadratic dose-response 
line 1 +dgysq @ 

fit @ 
          Iter  Step      Deviance

             0     0     4217.426
             1     0     4217.356
             2     0     4217.336
             3     0     4217.328
             4     0     4217.325
             5     0     4217.324
             6     0     4217.323
             7     0     4217.323

Binomial odds regression
Additive excess relative risk T0 * (1 + T1 + T2 + ...)

Using ((nod_sz==1 and nod_neo==0) or thnod_prev==0) and dgy<4

thnod_prev is used for cases
Bernoulli trials


                            Parameter Summary Table

 # Name                            Estimate     Std.Err.  Test Stat.  P value
-- ----------------------------   ----------   ---------  ----------  --------
Log-linear term 0
 1 %CON.....................         -2.889      0.2752      -10.5    < 0.001
 3 SEX_L_1..................         0.2993     0.08902      3.362    < 0.001
 5 UR_RUR_1.................         0.3406      0.0976       3.49    < 0.001
 7 obl_86n_2................         0.1628      0.1356      1.201       0.23
 8 obl_86n_3................        -0.3143      0.2087     -1.506      0.132
 9 lage21...................          4.772      0.8493      5.618    < 0.001
10 ex2......................        -0.1151     0.03794     -3.035    0.00241

Linear term 1
11 dgy......................         0.3119      0.4649      0.671      > 0.5
12 dgysq....................        0.06424      0.1652      0.389      > 0.5

Log-linear term 1
13 ex2......................        -0.7015      0.4425     -1.585      0.113

            Records used        10888

                Deviance     4217.323
                     AIC     4237.323
            Pearson Chi2     10843.84      Degrees of freedom   10878



lrt @

!linear exponential dose-response

             LR statistic      0.1028      Degrees of freedom      1
                  P value      > 0.50

line 1 -dgysq@

logl 1 +dgy @

fit@  
          Iter  Step      Deviance

             0     0     4218.181
             1     0     4217.407
             2     0     4217.350
             3     0     4217.350
             4     0     4217.350

Binomial odds regression
Additive excess relative risk T0 * (1 + T1 + T2 + ...)

Using ((nod_sz==1 and nod_neo==0) or thnod_prev==0) and dgy<4

thnod_prev is used for cases
Bernoulli trials


                            Parameter Summary Table

 # Name                            Estimate     Std.Err.  Test Stat.  P value
-- ----------------------------   ----------   ---------  ----------  --------
Log-linear term 0
 1 %CON.....................         -2.890      0.2753      -10.5    < 0.001
 3 SEX_L_1..................         0.2995     0.08902      3.364    < 0.001
 5 UR_RUR_1.................         0.3406     0.09762      3.489    < 0.001
 7 obl_86n_2................         0.1613      0.1357      1.189      0.234
 8 obl_86n_3................        -0.3156      0.2087     -1.512      0.131
 9 lage21...................          4.783      0.8491      5.633    < 0.001
10 ex2......................        -0.1152     0.03794     -3.037    0.00239

Linear term 1
11 dgy......................         0.3625      0.4345     0.8343      0.404

Log-linear term 1
12 ex2......................        -0.6787      0.4285     -1.584      0.113
13 dgy......................         0.1092      0.3856     0.2832      > 0.5

            Records used        10888

                Deviance      4217.35
                     AIC      4237.35
            Pearson Chi2     10839.68      Degrees of freedom   10878



lrt@

!Final model Figure 3 <4 Gy

             LR statistic     0.07609      Degrees of freedom      1
                  P value      > 0.50

nomodel@
logl 0 sex_l lage21  ex2 ur_rur obl_86n @

line 1 dgy@

logl 1 ex2 @

fit@ 

          Iter  Step      Deviance

             0     0    15093.973
             1     0     5296.330
             2     0     4360.346
             3     0     4227.594
             4     0     4217.528
             5     0     4217.426
             6     0     4217.426

Binomial odds regression
Additive excess relative risk T0 * (1 + T1 + T2 + ...)

Using ((nod_sz==1 and nod_neo==0) or thnod_prev==0) and dgy<4

thnod_prev is used for cases
Bernoulli trials


                            Parameter Summary Table

 # Name                            Estimate     Std.Err.  Test Stat.  P value
-- ----------------------------   ----------   ---------  ----------  --------
Log-linear term 0
 1 %CON.....................         -2.895      0.2758      -10.5    < 0.001
 3 SEX_L_1..................         0.3003     0.08901      3.373    < 0.001
 5 UR_RUR_1.................         0.3416     0.09773      3.495    < 0.001
 7 obl_86n_2................         0.1552      0.1357      1.144      0.253
 8 obl_86n_3................        -0.3201      0.2085     -1.535      0.125
 9 lage21...................          4.820       0.844      5.712    < 0.001
10 ex2......................        -0.1152     0.03791      -3.04    0.00237

Linear term 1
11 dgy......................         0.5133      0.3027      1.696       0.09

Log-linear term 1
12 ex2......................        -0.5757      0.3575      -1.61      0.107

            Records used        10888

                Deviance     4217.426
                     AIC     4235.426
            Pearson Chi2     10827.69      Degrees of freedom   10879




bounds 11 @ ! Fig 3 Small, non-neoplastic

      Profile likelihood bounds for parameter 11 (dgy)

                  MLE     0.5133

               97.5% lower bound     0.02648
               97.5% upper bound       1.344


 


!!! Large, non-neoplastic

select ((nod_sz==2 and nod_neo==0) or thnod_prev==0) and dgy<4@

10522 records to be used


freq thnod_prev @


Using ((nod_sz==2 and nod_neo==0) or thnod_prev==0) and dgy<4

  FOR: thnod_prev
  Level     Freq     %      Cum %
      0       10332   98.19    98.19
      1         190    1.81   100.00
  Total       10522




!Basic linear dose model 
nomodel@
logl 0 sex_l lage21  ex2 ur_rur obl_86n   @

line 1 dgy@

logl 1 ex2 @

fit@ 
          Iter  Step      Deviance

             0     0    14586.589
             1     0     3582.406
             2     0     2190.001
             3     1     2080.207
             4     0     1860.383
             5     0     1826.298
             6     0     1823.674
             7     0     1823.483
             8     0     1823.479
             9     0     1823.479

Binomial odds regression
Additive excess relative risk T0 * (1 + T1 + T2 + ...)

Using ((nod_sz==2 and nod_neo==0) or thnod_prev==0) and dgy<4

thnod_prev is used for cases
Bernoulli trials


                            Parameter Summary Table

 # Name                            Estimate     Std.Err.  Test Stat.  P value
-- ----------------------------   ----------   ---------  ----------  --------
Log-linear term 0
 1 %CON.....................         -5.119      0.4745     -10.79    < 0.001
 3 SEX_L_1..................         0.8199      0.1597      5.133    < 0.001
 5 UR_RUR_1.................         0.1333      0.1602     0.8323      0.405
 7 obl_86n_2................       -0.01050      0.2545   -0.04126      > 0.5
 8 obl_86n_3................         0.1592      0.3208     0.4962      > 0.5
 9 lage21...................          2.615       1.355      1.929     0.0537
10 ex2......................        0.01301     0.06038     0.2155      > 0.5

Linear term 1
11 dgy......................          2.022        1.13      1.789     0.0736

Log-linear term 1
12 ex2......................        -0.1772     0.08009     -2.212     0.0269

            Records used        10522

                Deviance     1823.479
                     AIC     1841.479
            Pearson Chi2     10629.46      Degrees of freedom   10513



null@

!linear quadratic dose-response 
line 1 +dgysq @ 

fit @ 
          Iter  Step      Deviance

             0     0     1823.479
             1     0     1823.325
             2     0     1823.324
             3     0     1823.324

Binomial odds regression
Additive excess relative risk T0 * (1 + T1 + T2 + ...)

Using ((nod_sz==2 and nod_neo==0) or thnod_prev==0) and dgy<4

thnod_prev is used for cases
Bernoulli trials


                            Parameter Summary Table

 # Name                            Estimate     Std.Err.  Test Stat.  P value
-- ----------------------------   ----------   ---------  ----------  --------
Log-linear term 0
 1 %CON.....................         -5.151      0.4836     -10.65    < 0.001
 3 SEX_L_1..................         0.8195      0.1597      5.131    < 0.001
 5 UR_RUR_1.................         0.1344      0.1602     0.8392      0.401
 7 obl_86n_2................       -0.03069      0.2608    -0.1177      > 0.5
 8 obl_86n_3................         0.1420      0.3241     0.4382      > 0.5
 9 lage21...................          2.666       1.364      1.955     0.0506
10 ex2......................        0.01506      0.0606     0.2485      > 0.5

Linear term 1
11 dgy......................          2.647       2.162      1.225      0.221
12 dgysq....................        -0.2256       0.609    -0.3705      > 0.5

Log-linear term 1
13 ex2......................        -0.1821     0.07933     -2.295     0.0217

            Records used        10522

                Deviance     1823.324
                     AIC     1843.324
            Pearson Chi2     10602.74      Degrees of freedom   10512



lrt @

!linear exponential dose-response

             LR statistic      0.1554      Degrees of freedom      1
                  P value      > 0.50

line 1 -dgysq@

logl 1 +dgy @

fit@  
          Iter  Step      Deviance

             0     0     1824.070
             1     0     1823.329
             2     0     1823.317
             3     0     1823.317

Binomial odds regression
Additive excess relative risk T0 * (1 + T1 + T2 + ...)

Using ((nod_sz==2 and nod_neo==0) or thnod_prev==0) and dgy<4

thnod_prev is used for cases
Bernoulli trials


                            Parameter Summary Table

 # Name                            Estimate     Std.Err.  Test Stat.  P value
-- ----------------------------   ----------   ---------  ----------  --------
Log-linear term 0
 1 %CON.....................         -5.155      0.4861      -10.6    < 0.001
 3 SEX_L_1..................         0.8195      0.1597      5.132    < 0.001
 5 UR_RUR_1.................         0.1345      0.1602     0.8396      0.401
 7 obl_86n_2................       -0.03269      0.2621    -0.1247      > 0.5
 8 obl_86n_3................         0.1404      0.3247     0.4323      > 0.5
 9 lage21...................          2.669       1.365      1.955     0.0505
10 ex2......................        0.01534      0.0607     0.2528      > 0.5

Linear term 1
11 dgy......................          2.734       2.421      1.129      0.259

Log-linear term 1
12 ex2......................        -0.1823     0.07924       -2.3     0.0214
13 dgy......................        -0.1084      0.2601    -0.4169      > 0.5

            Records used        10522

                Deviance     1823.317
                     AIC     1843.317
            Pearson Chi2     10601.53      Degrees of freedom   10512



lrt@

!Final model Figure 3 <4 Gy

             LR statistic      0.1619      Degrees of freedom      1
                  P value      > 0.50

nomodel@
logl 0 sex_l lage21  ex2 ur_rur obl_86n @

line 1 dgy@

logl 1 ex2 @

fit@ 

          Iter  Step      Deviance

             0     0    14586.589
             1     0     3582.406
             2     0     2190.001
             3     1     2080.207
             4     0     1860.383
             5     0     1826.298
             6     0     1823.674
             7     0     1823.483
             8     0     1823.479
             9     0     1823.479

Binomial odds regression
Additive excess relative risk T0 * (1 + T1 + T2 + ...)

Using ((nod_sz==2 and nod_neo==0) or thnod_prev==0) and dgy<4

thnod_prev is used for cases
Bernoulli trials


                            Parameter Summary Table

 # Name                            Estimate     Std.Err.  Test Stat.  P value
-- ----------------------------   ----------   ---------  ----------  --------
Log-linear term 0
 1 %CON.....................         -5.119      0.4745     -10.79    < 0.001
 3 SEX_L_1..................         0.8199      0.1597      5.133    < 0.001
 5 UR_RUR_1.................         0.1333      0.1602     0.8323      0.405
 7 obl_86n_2................       -0.01050      0.2545   -0.04126      > 0.5
 8 obl_86n_3................         0.1592      0.3208     0.4962      > 0.5
 9 lage21...................          2.615       1.355      1.929     0.0537
10 ex2......................        0.01301     0.06038     0.2155      > 0.5

Linear term 1
11 dgy......................          2.022        1.13      1.789     0.0736

Log-linear term 1
12 ex2......................        -0.1772     0.08009     -2.212     0.0269

            Records used        10522

                Deviance     1823.479
                     AIC     1841.479
            Pearson Chi2     10629.46      Degrees of freedom   10513




bounds 11 @ ! Fig 3 Large, non-neoplastic

      Profile likelihood bounds for parameter 11 (dgy)

                  MLE      2.022

               97.5% lower bound      0.5369
               97.5% upper bound       5.972





!!! Small, neoplastic

select ((nod_sz==1 and nod_neo==1) or thnod_prev==0) and dgy<4@

10356 records to be used


freq thnod_prev @


Using ((nod_sz==1 and nod_neo==1) or thnod_prev==0) and dgy<4

  FOR: thnod_prev
  Level     Freq     %      Cum %
      0       10332   99.77    99.77
      1          24    0.23   100.00
  Total       10356




!Final model Figure 3 <4 Gy
nomodel@
logl 0 sex_l lage21  ex2 ur_rur obl_86n @

line 1 dgy@

logl 1 ex2 @

fit@ 

          Iter  Step      Deviance

             0     0    14356.464
             1     0     2747.321
             2     0     1056.280
             3     0      571.408
             4     0      386.288
             5     0      386.288
             6     0      386.288
             7     0      386.288
             8     0      386.288
             9     0      386.288
            10     0      386.288
            11     0      386.288
            12     0      386.288
            13     0      386.288
            14     0      386.288
            15     0      386.288
            16     0      386.288
            17     0      386.288
            18     0      386.288
            19     0      386.288
            20     0      386.288
            21     0      386.288

Binomial odds regression
Additive excess relative risk T0 * (1 + T1 + T2 + ...)

Using ((nod_sz==1 and nod_neo==1) or thnod_prev==0) and dgy<4

thnod_prev is used for cases
Bernoulli trials


                            Parameter Summary Table

 # Name                            Estimate     Std.Err.  Test Stat.  P value
-- ----------------------------   ----------   ---------  ----------  --------
Log-linear term 0
 1 %CON.....................         -5.188      0.7144     -7.262    < 0.001
 3 SEX_L_1..................         0.1098      0.2298     0.4779      > 0.5
 5 UR_RUR_1.................       -0.09309       0.246    -0.3784      > 0.5
 7 obl_86n_2................         0.1588      0.3801     0.4178      > 0.5
 8 obl_86n_3................       -0.09338      0.5446    -0.1715      > 0.5
 9 lage21...................        -0.4334        1.75    -0.2476      > 0.5
10 ex2......................        0.01444     0.09486     0.1522      > 0.5

Linear term 1
11 dgy......................        0.02539      0.1044     0.2432      > 0.5

Log-linear term 1
12 ex2......................         0.2402      0.3038     0.7905      0.429

            Records used        10356

                Deviance      386.288
                     AIC      404.288
            Pearson Chi2       3013.4      Degrees of freedom   10347



 *** WARNING: The total score at the last iteration is 39.7153

 *** WARNING: Parameter %CON changed by 17.7% MLE may be infinite or may not exist


bounds 11 @ ! Fig 3 Small, neoplastic model did not converge

      Profile likelihood bounds for parameter 11 (dgy)

                  MLE    0.02539

               97.5% lower bound not found last estimate   -0.02048 Deviance   217.331
               97.5% upper bound not found last estimate    0.09665 Deviance   327.424


 *** WARNING: Parameter obl_86n_3 changed by 5.0% MLE may be infinite or may not exist


 


!!! Large, neoplastic

select ((nod_sz==2 and nod_neo==1) or thnod_prev==0) and dgy<4@

10399 records to be used


freq thnod_prev @


Using ((nod_sz==2 and nod_neo==1) or thnod_prev==0) and dgy<4

  FOR: thnod_prev
  Level     Freq     %      Cum %
      0       10332   99.36    99.36
      1          67    0.64   100.00
  Total       10399




!Basic linear dose model 
nomodel@
logl 0 sex_l lage21  ex2 ur_rur obl_86n   @

line 1 dgy@

logl 1 ex2 @

fit@ 
          Iter  Step      Deviance

             0     0    14416.075
             1     0     2967.749
             2     0     1357.853
             3     0      918.454
             4     0      804.147
             5     0      785.942
             6     0      784.160
             7     0      783.866
             8     0      783.862
             9     0      783.861

Binomial odds regression
Additive excess relative risk T0 * (1 + T1 + T2 + ...)

Using ((nod_sz==2 and nod_neo==1) or thnod_prev==0) and dgy<4

thnod_prev is used for cases
Bernoulli trials


                            Parameter Summary Table

 # Name                            Estimate     Std.Err.  Test Stat.  P value
-- ----------------------------   ----------   ---------  ----------  --------
Log-linear term 0
 1 %CON.....................         -5.878      0.8129     -7.231    < 0.001
 3 SEX_L_1..................         0.3060      0.2488       1.23      0.219
 5 UR_RUR_1.................        -0.3375      0.2632     -1.283        0.2
 7 obl_86n_2................         0.1477       0.516     0.2863      > 0.5
 8 obl_86n_3................        -0.2753      0.6946    -0.3964      > 0.5
 9 lage21...................          1.865       2.028     0.9199      0.358
10 ex2......................        0.02335     0.09399     0.2484      > 0.5

Linear term 1
11 dgy......................          3.872       3.208      1.207      0.227

Log-linear term 1
12 ex2......................        -0.1910      0.1021     -1.871     0.0613

            Records used        10399

                Deviance      783.861
                     AIC      801.861
            Pearson Chi2      10064.8      Degrees of freedom   10390



null@

!linear quadratic dose-response 
line 1 +dgysq @ 

fit @ 
          Iter  Step      Deviance

             0     0      783.861
             1     0      783.819
             2     0      783.815
             3     0      783.814
             4     0      783.814

Binomial odds regression
Additive excess relative risk T0 * (1 + T1 + T2 + ...)

Using ((nod_sz==2 and nod_neo==1) or thnod_prev==0) and dgy<4

thnod_prev is used for cases
Bernoulli trials


                            Parameter Summary Table

 # Name                            Estimate     Std.Err.  Test Stat.  P value
-- ----------------------------   ----------   ---------  ----------  --------
Log-linear term 0
 1 %CON.....................         -5.925      0.8418     -7.038    < 0.001
 3 SEX_L_1..................         0.3070      0.2488      1.234      0.217
 5 UR_RUR_1.................        -0.3354      0.2631     -1.275      0.202
 7 obl_86n_2................         0.1216      0.5273     0.2306      > 0.5
 8 obl_86n_3................        -0.2953      0.7009    -0.4213      > 0.5
 9 lage21...................          1.863       2.032     0.9164      0.359
10 ex2......................        0.02698     0.09545     0.2827      > 0.5

Linear term 1
11 dgy......................          4.683       5.545     0.8446      0.398
12 dgysq....................        -0.2698       1.249     -0.216      > 0.5

Log-linear term 1
13 ex2......................        -0.1887      0.1029     -1.834     0.0666

            Records used        10399

                Deviance      783.814
                     AIC      803.814
            Pearson Chi2      10046.7      Degrees of freedom   10389



lrt @

!linear exponential dose-response

             LR statistic     0.04706      Degrees of freedom      1
                  P value      > 0.50

line 1 -dgysq@

logl 1 +dgy @

fit@  
          Iter  Step      Deviance

             0     0      784.080
             1     0      783.820
             2     0      783.820
             3     0      783.820

Binomial odds regression
Additive excess relative risk T0 * (1 + T1 + T2 + ...)

Using ((nod_sz==2 and nod_neo==1) or thnod_prev==0) and dgy<4

thnod_prev is used for cases
Bernoulli trials


                            Parameter Summary Table

 # Name                            Estimate     Std.Err.  Test Stat.  P value
-- ----------------------------   ----------   ---------  ----------  --------
Log-linear term 0
 1 %CON.....................         -5.922      0.8445     -7.012    < 0.001
 3 SEX_L_1..................         0.3070      0.2488      1.234      0.217
 5 UR_RUR_1.................        -0.3355      0.2631     -1.275      0.202
 7 obl_86n_2................         0.1234      0.5282     0.2336      > 0.5
 8 obl_86n_3................        -0.2938      0.7014    -0.4188      > 0.5
 9 lage21...................          1.863       2.033     0.9165      0.359
10 ex2......................        0.02673     0.09563     0.2795      > 0.5

Linear term 1
11 dgy......................          4.632       5.743     0.8066       0.42

Log-linear term 1
12 ex2......................        -0.1888      0.1031     -1.832      0.067
13 dgy......................       -0.05874      0.2794    -0.2102      > 0.5

            Records used        10399

                Deviance       783.82
                     AIC       803.82
            Pearson Chi2      10048.5      Degrees of freedom   10389



lrt@

!Final model Figure 3 <4 Gy

             LR statistic     0.04185      Degrees of freedom      1
                  P value      > 0.50

nomodel@
logl 0 sex_l lage21  ex2 ur_rur obl_86n @

line 1 dgy@

logl 1 ex2 @

fit@ 

          Iter  Step      Deviance

             0     0    14416.075
             1     0     2967.749
             2     0     1357.853
             3     0      918.454
             4     0      804.147
             5     0      785.942
             6     0      784.160
             7     0      783.866
             8     0      783.862
             9     0      783.861

Binomial odds regression
Additive excess relative risk T0 * (1 + T1 + T2 + ...)

Using ((nod_sz==2 and nod_neo==1) or thnod_prev==0) and dgy<4

thnod_prev is used for cases
Bernoulli trials


                            Parameter Summary Table

 # Name                            Estimate     Std.Err.  Test Stat.  P value
-- ----------------------------   ----------   ---------  ----------  --------
Log-linear term 0
 1 %CON.....................         -5.878      0.8129     -7.231    < 0.001
 3 SEX_L_1..................         0.3060      0.2488       1.23      0.219
 5 UR_RUR_1.................        -0.3375      0.2632     -1.283        0.2
 7 obl_86n_2................         0.1477       0.516     0.2863      > 0.5
 8 obl_86n_3................        -0.2753      0.6946    -0.3964      > 0.5
 9 lage21...................          1.865       2.028     0.9199      0.358
10 ex2......................        0.02335     0.09399     0.2484      > 0.5

Linear term 1
11 dgy......................          3.872       3.208      1.207      0.227

Log-linear term 1
12 ex2......................        -0.1910      0.1021     -1.871     0.0613

            Records used        10399

                Deviance      783.861
                     AIC      801.861
            Pearson Chi2      10064.8      Degrees of freedom   10390




bounds 11 @ ! Fig 3 Large, neoplastic

      Profile likelihood bounds for parameter 11 (dgy)

                  MLE      3.872

               97.5% lower bound      0.7471
               97.5% upper bound       20.87



 

!!! Single

select (thcount==1 or thnod_prev==0) and dgy<4@

10947 records to be used


freq thnod_prev @


Using (thcount==1 or thnod_prev==0) and dgy<4

  FOR: thnod_prev
  Level     Freq     %      Cum %
      0       10332   94.38    94.38
      1         615    5.62   100.00
  Total       10947



!Basic linear dose model 
nomodel@
logl 0 sex_l lage21  ex2 ur_rur obl_86n   @

line 1 dgy@

logl 1 ex2 @

fit@ 
          Iter  Step      Deviance

             0     0    15175.764
             1     0     5568.221
             2     0     4699.971
             3     1     4661.151
             4     0     4596.494
             5     0     4591.928
             6     0     4591.827
             7     0     4591.823
             8     0     4591.823

Binomial odds regression
Additive excess relative risk T0 * (1 + T1 + T2 + ...)

Using (thcount==1 or thnod_prev==0) and dgy<4

thnod_prev is used for cases
Bernoulli trials


                            Parameter Summary Table

 # Name                            Estimate     Std.Err.  Test Stat.  P value
-- ----------------------------   ----------   ---------  ----------  --------
Log-linear term 0
 1 %CON.....................         -3.369      0.2641     -12.76    < 0.001
 3 SEX_L_1..................         0.4721     0.08609      5.484    < 0.001
 5 UR_RUR_1.................         0.1607     0.09118      1.763     0.0779
 7 obl_86n_2................         0.2486      0.1435      1.733     0.0832
 8 obl_86n_3................       -0.08851      0.2014    -0.4396      > 0.5
 9 lage21...................          3.018      0.7576      3.984    < 0.001
10 ex2......................       -0.04195     0.03433     -1.222      0.222

Linear term 1
11 dgy......................         0.9041      0.3344      2.704    0.00686

Log-linear term 1
12 ex2......................        -0.1903     0.07609       -2.5     0.0124

            Records used        10947

                Deviance     4591.823
                     AIC     4609.823
            Pearson Chi2     10829.95      Degrees of freedom   10938



null@

!linear quadratic dose-response 
line 1 +dgysq @ 

fit @ 
          Iter  Step      Deviance

             0     0     4591.823
             1     0     4589.145
             2     0     4588.924
             3     0     4588.915
             4     0     4588.915
             5     0     4588.914

Binomial odds regression
Additive excess relative risk T0 * (1 + T1 + T2 + ...)

Using (thcount==1 or thnod_prev==0) and dgy<4

thnod_prev is used for cases
Bernoulli trials


                            Parameter Summary Table

 # Name                            Estimate     Std.Err.  Test Stat.  P value
-- ----------------------------   ----------   ---------  ----------  --------
Log-linear term 0
 1 %CON.....................         -3.430      0.2674     -12.83    < 0.001
 3 SEX_L_1..................         0.4726     0.08605      5.492    < 0.001
 5 UR_RUR_1.................         0.1676     0.09141      1.834     0.0667
 7 obl_86n_2................         0.1970      0.1482      1.329      0.184
 8 obl_86n_3................        -0.1289      0.2031    -0.6346      > 0.5
 9 lage21...................          3.160      0.7697      4.106    < 0.001
10 ex2......................       -0.03885     0.03428     -1.133      0.257

Linear term 1
11 dgy......................          2.015      0.8948      2.252     0.0243
12 dgysq....................        -0.4324      0.2641     -1.637      0.102

Log-linear term 1
13 ex2......................        -0.1892     0.06456     -2.931    0.00338

            Records used        10947

                Deviance     4588.914
                     AIC     4608.914
            Pearson Chi2      10794.2      Degrees of freedom   10937



lrt @

!linear exponential dose-response

             LR statistic       2.909      Degrees of freedom      1
                  P value      0.0881

line 1 -dgysq@

logl 1 +dgy @

fit@  
          Iter  Step      Deviance

             0     0     4604.048
             1     0     4590.544
             2     0     4589.853
             3     0     4589.851
             4     0     4589.851

Binomial odds regression
Additive excess relative risk T0 * (1 + T1 + T2 + ...)

Using (thcount==1 or thnod_prev==0) and dgy<4

thnod_prev is used for cases
Bernoulli trials


                            Parameter Summary Table

 # Name                            Estimate     Std.Err.  Test Stat.  P value
-- ----------------------------   ----------   ---------  ----------  --------
Log-linear term 0
 1 %CON.....................         -3.421      0.2694      -12.7    < 0.001
 3 SEX_L_1..................         0.4730     0.08606      5.496    < 0.001
 5 UR_RUR_1.................         0.1668     0.09141      1.824     0.0681
 7 obl_86n_2................         0.2052      0.1497      1.371       0.17
 8 obl_86n_3................        -0.1219      0.2039    -0.5979      > 0.5
 9 lage21...................          3.138      0.7703      4.074    < 0.001
10 ex2......................       -0.03931     0.03437     -1.144      0.253

Linear term 1
11 dgy......................          1.886       1.142      1.652     0.0986

Log-linear term 1
12 ex2......................        -0.1883     0.06648     -2.833    0.00461
13 dgy......................        -0.2812       0.205     -1.372       0.17

            Records used        10947

                Deviance     4589.851
                     AIC     4609.851
            Pearson Chi2     10802.77      Degrees of freedom   10937



lrt@

!Final model Figure 3 <4 Gy

             LR statistic       1.972      Degrees of freedom      1
                  P value       0.160

nomodel@
logl 0 sex_l lage21  ex2 ur_rur obl_86n @

line 1 dgy@

logl 1 ex2 @

fit@ 

          Iter  Step      Deviance

             0     0    15175.764
             1     0     5568.221
             2     0     4699.971
             3     1     4661.151
             4     0     4596.494
             5     0     4591.928
             6     0     4591.827
             7     0     4591.823
             8     0     4591.823

Binomial odds regression
Additive excess relative risk T0 * (1 + T1 + T2 + ...)

Using (thcount==1 or thnod_prev==0) and dgy<4

thnod_prev is used for cases
Bernoulli trials


                            Parameter Summary Table

 # Name                            Estimate     Std.Err.  Test Stat.  P value
-- ----------------------------   ----------   ---------  ----------  --------
Log-linear term 0
 1 %CON.....................         -3.369      0.2641     -12.76    < 0.001
 3 SEX_L_1..................         0.4721     0.08609      5.484    < 0.001
 5 UR_RUR_1.................         0.1607     0.09118      1.763     0.0779
 7 obl_86n_2................         0.2486      0.1435      1.733     0.0832
 8 obl_86n_3................       -0.08851      0.2014    -0.4396      > 0.5
 9 lage21...................          3.018      0.7576      3.984    < 0.001
10 ex2......................       -0.04195     0.03433     -1.222      0.222

Linear term 1
11 dgy......................         0.9041      0.3344      2.704    0.00686

Log-linear term 1
12 ex2......................        -0.1903     0.07609       -2.5     0.0124

            Records used        10947

                Deviance     4591.823
                     AIC     4609.823
            Pearson Chi2     10829.95      Degrees of freedom   10938




bounds 11 @ ! Fig 3 Single

      Profile likelihood bounds for parameter 11 (dgy)

                  MLE     0.9041

               97.5% lower bound      0.3728
               97.5% upper bound       1.777





!!! Multiple

select (thcount>1 or thnod_prev==0) and dgy<4@

10554 records to be used


freq thnod_prev @


Using (thcount>1 or thnod_prev==0) and dgy<4

  FOR: thnod_prev
  Level     Freq     %      Cum %
      0       10332   97.90    97.90
      1         222    2.10   100.00
  Total       10554



!Basic linear dose model 
nomodel@
logl 0 sex_l lage21  ex2 ur_rur obl_86n   @

line 1 dgy@

logl 1 ex2 @

fit@ 
          Iter  Step      Deviance

             0     0    14630.951
             1     0     3738.523
             2     0     2393.240
             3     0     2104.348
             4     0     2054.830
             5     0     2050.339
             6     0     2050.227
             7     0     2050.226
             8     0     2050.225

Binomial odds regression
Additive excess relative risk T0 * (1 + T1 + T2 + ...)

Using (thcount>1 or thnod_prev==0) and dgy<4

thnod_prev is used for cases
Bernoulli trials


                            Parameter Summary Table

 # Name                            Estimate     Std.Err.  Test Stat.  P value
-- ----------------------------   ----------   ---------  ----------  --------
Log-linear term 0
 1 %CON.....................         -3.633      0.4301     -8.448    < 0.001
 3 SEX_L_1..................         0.2753      0.1382      1.992     0.0463
 5 UR_RUR_1.................         0.3806      0.1546      2.461     0.0139
 7 obl_86n_2................        -0.1696      0.2014    -0.8422        0.4
 8 obl_86n_3................        -0.4745      0.3069     -1.546      0.122
 9 lage21...................          6.390       1.386      4.609    < 0.001
10 ex2......................        -0.1392     0.06033     -2.307      0.021

Linear term 1
11 dgy......................          2.108       1.107      1.904     0.0569

Log-linear term 1
12 ex2......................        -0.5277      0.2269     -2.326       0.02

            Records used        10554

                Deviance     2050.225
                     AIC     2068.225
            Pearson Chi2     10026.88      Degrees of freedom   10545



null@

!linear quadratic dose-response 
line 1 +dgysq @ 

fit @ 
          Iter  Step      Deviance

             0     0     2050.225
             1     0     2049.587
             2     0     2049.529
             3     0     2049.523
             4     0     2049.521
             5     0     2049.521
             6     0     2049.521

Binomial odds regression
Additive excess relative risk T0 * (1 + T1 + T2 + ...)

Using (thcount>1 or thnod_prev==0) and dgy<4

thnod_prev is used for cases
Bernoulli trials


                            Parameter Summary Table

 # Name                            Estimate     Std.Err.  Test Stat.  P value
-- ----------------------------   ----------   ---------  ----------  --------
Log-linear term 0
 1 %CON.....................         -3.603      0.4269     -8.442    < 0.001
 3 SEX_L_1..................         0.2722      0.1382       1.97     0.0489
 5 UR_RUR_1.................         0.3808      0.1545      2.464     0.0137
 7 obl_86n_2................        -0.1444      0.2003     -0.721      0.471
 8 obl_86n_3................        -0.4520       0.307     -1.472      0.141
 9 lage21...................          6.214       1.384      4.489    < 0.001
10 ex2......................        -0.1392     0.06026      -2.31     0.0209

Linear term 1
11 dgy......................         0.8413       1.312      0.641      > 0.5
12 dgysq....................         0.4691      0.5479     0.8561      0.392

Log-linear term 1
13 ex2......................        -0.6165      0.2869     -2.149     0.0316

            Records used        10554

                Deviance     2049.521
                     AIC     2069.521
            Pearson Chi2     10099.82      Degrees of freedom   10544



lrt @

!linear exponential dose-response

             LR statistic      0.7043      Degrees of freedom      1
                  P value       0.401

line 1 -dgysq@

logl 1 +dgy @

fit@  
          Iter  Step      Deviance

             0     0     2054.093
             1     0     2053.265
             2     0     2049.524
             3     0     2049.317
             4     0     2049.313
             5     0     2049.313
             6     0     2049.313

Binomial odds regression
Additive excess relative risk T0 * (1 + T1 + T2 + ...)

Using (thcount>1 or thnod_prev==0) and dgy<4

thnod_prev is used for cases
Bernoulli trials


                            Parameter Summary Table

 # Name                            Estimate     Std.Err.  Test Stat.  P value
-- ----------------------------   ----------   ---------  ----------  --------
Log-linear term 0
 1 %CON.....................         -3.601      0.4264     -8.446    < 0.001
 3 SEX_L_1..................         0.2715      0.1382      1.964     0.0495
 5 UR_RUR_1.................         0.3812      0.1545      2.467     0.0136
 7 obl_86n_2................        -0.1393      0.1996     -0.698      0.485
 8 obl_86n_3................        -0.4472      0.3067     -1.458      0.145
 9 lage21...................          6.171       1.378      4.479    < 0.001
10 ex2......................        -0.1387     0.06027     -2.302     0.0213

Linear term 1
11 dgy......................         0.7865      0.8431     0.9329      0.351

Log-linear term 1
12 ex2......................        -0.6439      0.3021     -2.132      0.033
13 dgy......................         0.3546      0.3429      1.034      0.301

            Records used        10554

                Deviance     2049.313
                     AIC     2069.313
            Pearson Chi2     10120.57      Degrees of freedom   10544



lrt@

!Final model Figure 3 <4 Gy

             LR statistic      0.9129      Degrees of freedom      1
                  P value       0.339

nomodel@
logl 0 sex_l lage21  ex2 ur_rur obl_86n @

line 1 dgy@

logl 1 ex2 @

fit@ 

          Iter  Step      Deviance

             0     0    14630.951
             1     0     3738.523
             2     0     2393.240
             3     0     2104.348
             4     0     2054.830
             5     0     2050.339
             6     0     2050.227
             7     0     2050.226
             8     0     2050.225

Binomial odds regression
Additive excess relative risk T0 * (1 + T1 + T2 + ...)

Using (thcount>1 or thnod_prev==0) and dgy<4

thnod_prev is used for cases
Bernoulli trials


                            Parameter Summary Table

 # Name                            Estimate     Std.Err.  Test Stat.  P value
-- ----------------------------   ----------   ---------  ----------  --------
Log-linear term 0
 1 %CON.....................         -3.633      0.4301     -8.448    < 0.001
 3 SEX_L_1..................         0.2753      0.1382      1.992     0.0463
 5 UR_RUR_1.................         0.3806      0.1546      2.461     0.0139
 7 obl_86n_2................        -0.1696      0.2014    -0.8422        0.4
 8 obl_86n_3................        -0.4745      0.3069     -1.546      0.122
 9 lage21...................          6.390       1.386      4.609    < 0.001
10 ex2......................        -0.1392     0.06033     -2.307      0.021

Linear term 1
11 dgy......................          2.108       1.107      1.904     0.0569

Log-linear term 1
12 ex2......................        -0.5277      0.2269     -2.326       0.02

            Records used        10554

                Deviance     2050.225
                     AIC     2068.225
            Pearson Chi2     10026.88      Degrees of freedom   10545




bounds 11 @ ! Fig 3 Multiple

      Profile likelihood bounds for parameter 11 (dgy)

                  MLE      2.108

               97.5% lower bound      0.4228
               97.5% upper bound       5.604



