! Table 3 categorical dose response ORs
! remember to add 1 to estimate and lower and upper cis


names 
IDN	byear AGE_EXM AGE_EXP	YEAR_EXM SEX_L	
OBL_M	OBL_86	UR_RUR	ur_rur86
thnod_prev	max_size bigestnodule 
nod_sz2 thcount mult
non_nofnb non_yesfnb sus_fnb nod_neo type_neo
tc	prevcases FA_PREV 	
DOSE_GYAV_S	IODINE	tvolume TSH	TG	atg 
SMOKE_F	VITAM_F		
AIT_TOTF goiter_df_pal cyst NDG_RELF ANY_FHF1
surg_per surg_ref fnb_per fnb_ref concl_cyt
NewDiagnosisRN2
@


skip 1 @

input 'E:\NCI\IR_Nod_Prev_BelAm\Data\dose_tnprev_belam_exclude2.csv' @

Input from E:\NCI\IR_Nod_Prev_BelAm\Data\dose_tnprev_belam_exclude2.csv

       11422 records read       11421 records used
                                    1 records rejected

45 variables defined  At least 500 additional variables can be created.



tran dgy=dose_gyav_s;
     dgysq=dgy*dgy;
     ex2=(age_exp-2);
     ex4=(age_exp-4);
     ex5=(age_exp-5);
     ex8=(age_exp-8);
     ex8sq=ex8*ex8;
     age21=(age_exm-21);
     age21sq=age21*age21;
     lage21 = log(age_exm/21) ;
     lage21sq = lage21^2 ;
     tvol13=(tvolume-13);
     tvol13sq=tvol13*tvol13;
     yob1983=(byear-1983);

     if any_fhf1==-1 then any_fhf1=2 !2 recoded to missing
     endif; 

     if smoke_f==-1 then smoke_f=2
     endif;
     
     if ismiss(goiter_df_pal)==1 then goiter_df_pal=2
     endif;


     if obl_m==1 then obl_mn=2 !Gomel
     elif obl_m==2 or obl_m==4 then obl_mn=1 !Minsk
     else obl_mn=3 !Mogilev and others
     endif;

     if obl_86==1 then obl_86n=2 !Gomel
     elif obl_86==2 or obl_86==4 then obl_86n=1 !Minsk
     else obl_86n=3 !Mogilev and others
     endif;

     if ur_rur86==1 then ur_rur86n=1 !Rural
     elif ur_rur86==2 or ur_rur86==3 or ur_rur86==4 then ur_rur86n=2 !Urban
     endif;

     if tvolume>=18 and sex_l==1 then tvlarge=1 !Thyroid enlargement for women
     elif tvolume>=25 and sex_l==0 then tvlarge=1  !Thyroid enlargement for men
     else tvlarge=0 !Normal thyroid
     endif;

     iod100=(iodine-100);
     iod60=(iodine-60);
     iodinen=iodine;
     if ismiss(iodine)==1 then iodinen=9999
     endif; 


@

 
levels   

SEX_L	
OBL_M	OBL_86 obl_mn obl_86n 	UR_RUR ur_rur86n	ur_rur86 ur_rur86n
thnod_prev	nod_sz2 mult
non_nofnb non_yesfnb sus_fnb nod_neo type_neo
tc	prevcases FA_PREV 	
SMOKE_F	VITAM_F		
AIT_TOTF goiter_df_pal cyst NDG_RELF ANY_FHF1
surg_per surg_ref fnb_per fnb_ref concl_cyt
NewDiagnosisRN2
tvlarge


@

SEX_L has 2 levels from 0 to 1
OBL_M has 5 levels from 1 to 5
OBL_86 has 8 levels from 1 to 8
obl_mn has 3 levels from 1 to 3
obl_86n has 3 levels from 1 to 3
UR_RUR has 2 levels from 0 to 1
ur_rur86n has 2 levels from 1 to 2
ur_rur86 has 4 levels from 1 to 4
ur_rur86n has 2 levels from 1 to 2
thnod_prev has 2 levels from 0 to 1
nod_sz2 has 3 levels from 0 to 2
mult has 3 levels from 0 to 2
non_nofnb has 2 levels from 0 to 1
non_yesfnb has 2 levels from 0 to 1
sus_fnb has 2 levels from 0 to 1
nod_neo has 2 levels from 0 to 1
type_neo has 4 levels from 0 to 3
tc has 4 levels from 0 to 3
prevcases has 2 levels from 0 to 1
FA_PREV has 2 levels from 0 to 1
SMOKE_F has 3 levels from 0 to 2
VITAM_F has 2 levels from 0 to 1
AIT_TOTF has 3 levels from -1 to 1
goiter_df_pal has 3 levels from 0 to 2
cyst has 2 levels from 0 to 1
NDG_RELF has 10 levels from 0 to 9
ANY_FHF1 has 3 levels from 0 to 2
surg_per has 2 levels from 0 to 1
surg_ref has 2 levels from 0 to 1
fnb_per has 2 levels from 0 to 1
fnb_ref has 2 levels from 0 to 1
concl_cyt has 4 levels from 0 to 3
NewDiagnosisRN2 has 1 levels from 1 to 1
tvlarge has 2 levels from 0 to 1

categ byear as dobyrct </1973/ 1978/ 1983/ 1987/ > @

dobyrct has 5 levels from 1 to 5

categ age_exm as agect </ 18/ 25/ > @

agect has 3 levels from 1 to 3

categ age_exp as exct </2/5/ > @ 

exct has 3 levels from 1 to 3

categ year_exm as yearexmct </ 1998/ 1999/ 2000/ 2001/> @

yearexmct has 5 levels from 1 to 5

categ tvolume as tvct </ 8/ 10/ 14/ > @

tvct has 4 levels from 1 to 4

categ iodinen as iodct </20/9998> @

iodct has 3 levels from 1 to 3

categ dgy as dct6  </ 0.1000/ 0.2500/ 0.500/ 1.000/ 2.000/> @

dct6 has 6 levels from 1 to 6

categ dgy as dct7  </ 0.1000/ 0.2500/ 0.500/ 1.000/ 2.000/ 4.000/> @

dct7 has 7 levels from 1 to 7

categ dgy as dct8  </ 0.1000/ 0.2500/ 0.500/ 1.000/ 2.000/ 4.000/6.000> @

dct8 has 8 levels from 1 to 8


tran 
if        dct7==1 then dct7num=1
     elif dct7==2 then dct7num=2
     elif dct7==3 then dct7num=3
     elif dct7==4 then dct7num=4
     elif dct7==5 then dct7num=5
     elif dct7==6 then dct7num=6
     else              dct7num=7
     endif;

@


cases thnod_prev@
freq thnod_prev @


  FOR: thnod_prev
  Level     Freq     %      Cum %
      0       10540   92.29    92.29
      1         881    7.71   100.00
  Total       11421



!!!!!!!!!!!!!!!!!!!!!!!!!
!                       !
! All nodules           !
!                       !
!!!!!!!!!!!!!!!!!!!!!!!!!

freq dct7 thnod_prev @

Entries:
         count

             thnod_prev
dct7       |         0         1 |  Total
-----------+---------------------+----------
      1    |      2972       231 |      3203
      2    |      2138       169 |      2307
      3    |      1961       158 |      2119
      4    |      1682       129 |      1811
      5    |      1076       110 |      1186
      6    |       503        40 |       543
      7    |       208        44 |       252
-----------+---------------------+----------
     Total |     10540       881 |     11421



nomodel@
logl 0 sex_l lage21 obl_mn ur_rur @ 

line 1 dct7 @ 

logl 1 ex5@

para 10=0@

fit@

          Iter  Step      Deviance

             0     0    15832.868
             1     0     6742.461
             2     0     6040.120
             3     0     5957.594
             4     0     5952.321
             5     0     5952.228
             6     0     5952.226
             7     0     5952.226

Binomial odds regression
Additive excess relative risk T0 * (1 + T1 + T2 + ...)

thnod_prev is used for cases
Bernoulli trials


                            Parameter Summary Table

 # Name                            Estimate     Std.Err.  Test Stat.  P value
-- ----------------------------   ----------   ---------  ----------  --------
Log-linear term 0
 1 %CON.....................         -3.226      0.1245     -25.91    < 0.001
 3 SEX_L_1..................         0.4324     0.07256      5.959    < 0.001
 5 obl_mn_2.................       0.006102     0.09455    0.06453      > 0.5
 6 obl_mn_3.................        -0.1573      0.1394     -1.128      0.259
 8 UR_RUR_1.................         0.2148     0.07896       2.72    0.00653
 9 lage21...................          2.670      0.2774      9.627    < 0.001

Linear term 1
10 dct7_1...................          0.000       Fixed    -0.01509      > 0.5
11 dct7_2...................        0.07775      0.1715     0.4535      > 0.5
12 dct7_3...................         0.4114      0.2289      1.797     0.0723
13 dct7_4...................         0.4894        0.25      1.957     0.0503
14 dct7_5...................          1.594      0.4588      3.475    < 0.001
15 dct7_6...................          1.208      0.4821      2.506     0.0122
16 dct7_7...................          5.172       1.423      3.634    < 0.001

Log-linear term 1
17 ex5......................        -0.2030      0.0434     -4.677    < 0.001

            Records used        11421

                Deviance     5952.226
                     AIC     5978.226
            Pearson Chi2     11269.32      Degrees of freedom   11408




bounds 11@

      Profile likelihood bounds for parameter 11 (dct7_2)

                  MLE    0.07775

               97.5% lower bound     -0.2119
               97.5% upper bound      0.5166


bounds 12@  

      Profile likelihood bounds for parameter 12 (dct7_3)

                  MLE     0.4114

               97.5% lower bound     0.03851
               97.5% upper bound      0.9545


bounds 13@

      Profile likelihood bounds for parameter 13 (dct7_4)

                  MLE     0.4894

               97.5% lower bound     0.07635
               97.5% upper bound       1.096


bounds 14@

      Profile likelihood bounds for parameter 14 (dct7_5)

                  MLE      1.594

               97.5% lower bound      0.8217
               97.5% upper bound       2.687


bounds 15@

      Profile likelihood bounds for parameter 15 (dct7_6)

                  MLE      1.208

               97.5% lower bound      0.4753
               97.5% upper bound       2.344


bounds 16@

      Profile likelihood bounds for parameter 16 (dct7_7)

                  MLE      5.172

               97.5% lower bound       2.789
               97.5% upper bound       8.757



!categorical dose response p-value
nomodel@
logl 0 sex_l lage21 obl_mn ur_rur @

logl 1 ex5 @

fit@ 
          Iter  Step      Deviance

             0     0    23873.177
             1     0     6389.610
             2     0     6070.312
             3     0     6047.295
             4     0     6046.376
             5     0     6043.329
             6     0     6043.215
             7     0     6043.215

Binomial odds regression
Additive excess relative risk T0 * (1 + T1 + T2 + ...)

thnod_prev is used for cases
Bernoulli trials


                            Parameter Summary Table

 # Name                            Estimate     Std.Err.  Test Stat.  P value
-- ----------------------------   ----------   ---------  ----------  --------
Log-linear term 0
 1 %CON.....................         -3.434      0.1088     -31.57    < 0.001
 3 SEX_L_1..................         0.4103     0.07217      5.685    < 0.001
 5 obl_mn_2.................         0.1550     0.08999      1.722     0.0851
 6 obl_mn_3.................        -0.1017      0.1375    -0.7399      0.459
 8 UR_RUR_1.................        0.08787     0.07675      1.145      0.252
 9 lage21...................          2.859      0.2733      10.46    < 0.001

Log-linear term 1
10 ex5......................        -0.1988     0.05317     -3.738    < 0.001

            Records used        11421

                Deviance     6043.215
                     AIC     6057.215
            Pearson Chi2     11409.08      Degrees of freedom   11414



null@
line 1 +dct7num@ 

fit@ 
          Iter  Step      Deviance

             0     0     6226.483
             1     0     6040.483
             2     0     5988.709
             3     0     5983.450
             4     0     5983.410
             5     0     5983.407
             6     0     5983.407
             7     0     5983.407

Binomial odds regression
Additive excess relative risk T0 * (1 + T1 + T2 + ...)

thnod_prev is used for cases
Bernoulli trials


                            Parameter Summary Table

 # Name                            Estimate     Std.Err.  Test Stat.  P value
-- ----------------------------   ----------   ---------  ----------  --------
Log-linear term 0
 1 %CON.....................         -3.529      0.1758     -20.08    < 0.001
 3 SEX_L_1..................         0.4278     0.07237      5.911    < 0.001
 5 obl_mn_2.................       -0.01203     0.09328    -0.1289      > 0.5
 6 obl_mn_3.................        -0.2017      0.1386     -1.455      0.146
 8 UR_RUR_1.................         0.1870     0.07818      2.391     0.0168
 9 lage21...................          3.408      0.4179      8.155    < 0.001

Linear term 1
10 dct7num..................         0.5011      0.1756      2.854    0.00432

Log-linear term 1
11 ex5......................        -0.2142     0.03751     -5.711    < 0.001

            Records used        11421

                Deviance     5983.407
                     AIC     5999.407
            Pearson Chi2     11141.76      Degrees of freedom   11413



lrt@


!!!!!!!!!!!!!!!!!!!!!!!!!
!                       !
! Non-neoplastic        !
!                       !
!!!!!!!!!!!!!!!!!!!!!!!!!


             LR statistic       59.81      Degrees of freedom      1
                  P value     < 0.001

select (non_nofnb==1 or non_yesfnb==1 or thnod_prev==0) @

11116 records to be used



freq dct7 thnod_prev @

Entries:
         count

Using (non_nofnb==1 or non_yesfnb==1 or thnod_prev==0) 

             thnod_prev
dct7       |         0         1 |  Total
-----------+---------------------+----------
      1    |      2972       174 |      3146
      2    |      2138       114 |      2252
      3    |      1961        99 |      2060
      4    |      1682        77 |      1759
      5    |      1076        71 |      1147
      6    |       503        16 |       519
      7    |       208        25 |       233
-----------+---------------------+----------
     Total |     10540       576 |     11116



nomodel@
logl 0 sex_l lage21 obl_mn ur_rur @ 

line 1 dct7 @ 

logl 1 ex5@

para 10=0@

fit@

          Iter  Step      Deviance

             0     0    15410.048
             1     0     5440.271
             2     0     4503.608
             3     0     4376.443
             4     0     4367.416
             5     0     4366.941
             6     0     4366.800
             7     0     4366.753
             8     0     4366.739
             9     0     4366.735
            10     0     4366.734
            11     0     4366.734
            12     0     4366.734

Binomial odds regression
Additive excess relative risk T0 * (1 + T1 + T2 + ...)

Using (non_nofnb==1 or non_yesfnb==1 or thnod_prev==0) 

thnod_prev is used for cases
Bernoulli trials


                            Parameter Summary Table

 # Name                            Estimate     Std.Err.  Test Stat.  P value
-- ----------------------------   ----------   ---------  ----------  --------
Log-linear term 0
 1 %CON.....................         -3.499      0.1479     -23.66    < 0.001
 3 SEX_L_1..................         0.3363     0.08766      3.836    < 0.001
 5 obl_mn_2.................       -0.01567      0.1143    -0.1372      > 0.5
 6 obl_mn_3.................        -0.1301      0.1667    -0.7804      0.435
 8 UR_RUR_1.................         0.3229     0.09796      3.296    < 0.001
 9 lage21...................          2.255      0.2872      7.852    < 0.001

Linear term 1
10 dct7_1...................          0.000       Fixed         1.1      0.271
11 dct7_2...................       -0.06939      0.1769    -0.3923      > 0.5
12 dct7_3...................         0.1040      0.2123     0.4901      > 0.5
13 dct7_4...................        0.08516      0.2214     0.3846      > 0.5
14 dct7_5...................         0.9498      0.4024       2.36     0.0183
15 dct7_6...................         0.1892      0.3523     0.5371      > 0.5
16 dct7_7...................          3.741       1.276      2.931    0.00338

Log-linear term 1
17 ex5......................        -0.1143     0.05497      -2.08     0.0376

            Records used        11116

                Deviance     4366.734
                     AIC     4392.734
            Pearson Chi2     11023.68      Degrees of freedom   11103




bounds 11@

      Profile likelihood bounds for parameter 11 (dct7_2)

                  MLE   -0.06939

               97.5% lower bound     -0.3723
               97.5% upper bound      0.3631


bounds 12@  

      Profile likelihood bounds for parameter 12 (dct7_3)

                  MLE      0.104

               97.5% lower bound       -0.25
               97.5% upper bound      0.6206


bounds 13@

      Profile likelihood bounds for parameter 13 (dct7_4)

                  MLE    0.08516

               97.5% lower bound     -0.2819
               97.5% upper bound        0.64


bounds 14@

      Profile likelihood bounds for parameter 14 (dct7_5)

                  MLE     0.9498

               97.5% lower bound      0.2823
               97.5% upper bound       1.957


bounds 15@

      Profile likelihood bounds for parameter 15 (dct7_6)

                  MLE     0.1892

               97.5% lower bound     -0.4013
               97.5% upper bound       1.064


bounds 16@

      Profile likelihood bounds for parameter 16 (dct7_7)

                  MLE      3.741

               97.5% lower bound       1.742
               97.5% upper bound       6.966



!categorical dose response p-value
nomodel@
logl 0 sex_l lage21 obl_mn ur_rur @

logl 1 ex5 @

fit@ 
          Iter  Step      Deviance

             0     0    23625.843
             1     0     4981.487
             2     0     4467.570
             3     0     4410.701
             4     0     4408.244
             5     0     4407.881
             6     0     4407.855
             7     0     4407.855

Binomial odds regression
Additive excess relative risk T0 * (1 + T1 + T2 + ...)

Using (non_nofnb==1 or non_yesfnb==1 or thnod_prev==0) 

thnod_prev is used for cases
Bernoulli trials


                            Parameter Summary Table

 # Name                            Estimate     Std.Err.  Test Stat.  P value
-- ----------------------------   ----------   ---------  ----------  --------
Log-linear term 0
 1 %CON.....................         -3.887      0.1457     -26.68    < 0.001
 3 SEX_L_1..................         0.3185     0.08738      3.645    < 0.001
 5 obl_mn_2.................        0.06218      0.1068     0.5821      > 0.5
 6 obl_mn_3.................        -0.1235      0.1641    -0.7523      0.452
 8 UR_RUR_1.................         0.2294     0.09538      2.405     0.0162
 9 lage21...................          2.710      0.5297      5.116    < 0.001

Log-linear term 1
10 ex5......................        -0.1197     0.08618     -1.389      0.165

            Records used        11116

                Deviance     4407.855
                     AIC     4421.855
            Pearson Chi2     11084.49      Degrees of freedom   11109



null@
line 1 +dct7num@ 

fit@ 
          Iter  Step      Deviance

             0     0     4530.595
             1     0     4397.302
             2     0     4391.690
             3     0     4389.799
             4     0     4389.795
             5     0     4389.795

Binomial odds regression
Additive excess relative risk T0 * (1 + T1 + T2 + ...)

Using (non_nofnb==1 or non_yesfnb==1 or thnod_prev==0) 

thnod_prev is used for cases
Bernoulli trials


                            Parameter Summary Table

 # Name                            Estimate     Std.Err.  Test Stat.  P value
-- ----------------------------   ----------   ---------  ----------  --------
Log-linear term 0
 1 %CON.....................         -3.693      0.1864     -19.81    < 0.001
 3 SEX_L_1..................         0.3308     0.08752       3.78    < 0.001
 5 obl_mn_2.................       -0.05487      0.1113    -0.4929      > 0.5
 6 obl_mn_3.................        -0.1907      0.1651     -1.155      0.248
 8 UR_RUR_1.................         0.2953     0.09729      3.036     0.0024
 9 lage21...................          2.896      0.4222       6.86    < 0.001

Linear term 1
10 dct7num..................         0.2399      0.1154      2.078     0.0377

Log-linear term 1
11 ex5......................        -0.1893      0.0625     -3.029    0.00245

            Records used        11116

                Deviance     4389.795
                     AIC     4405.795
            Pearson Chi2     10902.41      Degrees of freedom   11108



lrt@

!!!!!!!!!!!!!!!!!!!!!!!!!
!                       !
! Suspicous             !
!                       !
!!!!!!!!!!!!!!!!!!!!!!!!!


             LR statistic       18.06      Degrees of freedom      1
                  P value     < 0.001

select (sus_fnb==1 or thnod_prev==0)@

10744 records to be used



freq dct7 thnod_prev @

Entries:
         count

Using (sus_fnb==1 or thnod_prev==0)

             thnod_prev
dct7       |         0         1 |  Total
-----------+---------------------+----------
      1    |      2972        45 |      3017
      2    |      2138        40 |      2178
      3    |      1961        42 |      2003
      4    |      1682        32 |      1714
      5    |      1076        21 |      1097
      6    |       503        15 |       518
      7    |       208         9 |       217
-----------+---------------------+----------
     Total |     10540       204 |     10744



nomodel@
logl 0 sex_l lage21 obl_mn ur_rur @ 

line 1 dct7 @ 

logl 1 ex5@

para 10=0@

fit@

          Iter  Step      Deviance

             0     0    14894.347
             1     0     3701.425
             2     0     2301.327
             3     0     1978.973
             4     0     1917.807
             5     0     1911.483
             6     0     1909.442
             7     0     1909.334
             8     0     1909.318
             9     0     1909.317
            10     0     1909.316
            11     0     1909.316

Binomial odds regression
Additive excess relative risk T0 * (1 + T1 + T2 + ...)

Using (sus_fnb==1 or thnod_prev==0)

thnod_prev is used for cases
Bernoulli trials


                            Parameter Summary Table

 # Name                            Estimate     Std.Err.  Test Stat.  P value
-- ----------------------------   ----------   ---------  ----------  --------
Log-linear term 0
 1 %CON.....................         -5.588      0.3004      -18.6    < 0.001
 3 SEX_L_1..................         0.7587      0.1521      4.989    < 0.001
 5 obl_mn_2.................         0.2377      0.2033      1.169      0.242
 6 obl_mn_3.................       -0.04864      0.2956    -0.1645      > 0.5
 8 UR_RUR_1.................         0.2754      0.1552      1.775     0.0759
 9 lage21...................          4.218      0.7006      6.021    < 0.001

Linear term 1
10 dct7_1...................          0.000       Fixed     -0.1286      > 0.5
11 dct7_2...................          1.169      0.8748      1.337      0.181
12 dct7_3...................          2.216       1.261      1.757      0.079
13 dct7_4...................          1.913       1.217      1.572      0.116
14 dct7_5...................          3.797       2.051      1.851     0.0642
15 dct7_6...................          5.328       2.965      1.797     0.0723
16 dct7_7...................          12.11       6.692       1.81     0.0703

Log-linear term 1
17 ex5......................        -0.2478     0.06226      -3.98    < 0.001

            Records used        10744

                Deviance     1909.316
                     AIC     1935.316
            Pearson Chi2     10165.21      Degrees of freedom   10731




bounds 11@

      Profile likelihood bounds for parameter 11 (dct7_2)

                  MLE      1.169

               97.5% lower bound   -0.009746
               97.5% upper bound       4.004


bounds 12@  

      Profile likelihood bounds for parameter 12 (dct7_3)

                  MLE      2.216

               97.5% lower bound      0.3588
               97.5% upper bound       6.425


bounds 13@

      Profile likelihood bounds for parameter 13 (dct7_4)

                  MLE      1.913

               97.5% lower bound      0.2386
               97.5% upper bound       6.023


bounds 14@

      Profile likelihood bounds for parameter 14 (dct7_5)

                  MLE      3.797

               97.5% lower bound        1.18
               97.5% upper bound        10.1


bounds 15@

      Profile likelihood bounds for parameter 15 (dct7_6)

                  MLE      5.328

               97.5% lower bound       1.271
               97.5% upper bound       15.57


bounds 16@

      Profile likelihood bounds for parameter 16 (dct7_7)

                  MLE      12.11

               97.5% lower bound        3.59
               97.5% upper bound        35.2



!categorical dose response p-value
nomodel@
logl 0 sex_l lage21 obl_mn ur_rur @

logl 1 ex5 @

fit@ 
          Iter  Step      Deviance

             0     0    23324.177
             1     0     3109.500
             2     0     2174.330
             3     0     1978.067
             4     0     1942.789
             5     0     1940.464
             6     0     1940.452
             7     0     1940.452

Binomial odds regression
Additive excess relative risk T0 * (1 + T1 + T2 + ...)

Using (sus_fnb==1 or thnod_prev==0)

thnod_prev is used for cases
Bernoulli trials


                            Parameter Summary Table

 # Name                            Estimate     Std.Err.  Test Stat.  P value
-- ----------------------------   ----------   ---------  ----------  --------
Log-linear term 0
 1 %CON.....................         -5.416      0.2373     -22.83    < 0.001
 3 SEX_L_1..................         0.7222      0.1516      4.763    < 0.001
 5 obl_mn_2.................         0.5206      0.1976      2.635    0.00841
 6 obl_mn_3.................         0.1231      0.2935     0.4195      > 0.5
 8 UR_RUR_1.................         0.1230      0.1517      0.811      0.417
 9 lage21...................          3.255      0.4869      6.685    < 0.001

Log-linear term 1
10 ex5......................        -0.2330      0.1019     -2.286     0.0223

            Records used        10744

                Deviance     1940.452
                     AIC     1954.452
            Pearson Chi2     10733.16      Degrees of freedom   10737



null@
line 1 +dct7num@ 

fit@ 
          Iter  Step      Deviance

             0     0     1983.995
             1     0     1948.587
             2     0     1920.933
             3     0     1915.869
             4     0     1914.823
             5     0     1914.798
             6     0     1914.797
             7     0     1914.797

Binomial odds regression
Additive excess relative risk T0 * (1 + T1 + T2 + ...)

Using (sus_fnb==1 or thnod_prev==0)

thnod_prev is used for cases
Bernoulli trials


                            Parameter Summary Table

 # Name                            Estimate     Std.Err.  Test Stat.  P value
-- ----------------------------   ----------   ---------  ----------  --------
Log-linear term 0
 1 %CON.....................         -6.198      0.4863     -12.74    < 0.001
 3 SEX_L_1..................         0.7559      0.1519      4.977    < 0.001
 5 obl_mn_2.................         0.2658      0.1994      1.333      0.182
 6 obl_mn_3.................       -0.05203      0.2943    -0.1768      > 0.5
 8 UR_RUR_1.................         0.2534       0.153      1.656     0.0978
 9 lage21...................          5.415       1.166      4.644    < 0.001

Linear term 1
10 dct7num..................          1.983       1.441      1.376      0.169

Log-linear term 1
11 ex5......................        -0.2672     0.06512     -4.103    < 0.001

            Records used        10744

                Deviance     1914.797
                     AIC     1930.797
            Pearson Chi2     10237.66      Degrees of freedom   10736



lrt@


!!!!!!!!!!!!!!!!!!!!!!!!!
!                       !
! Neoplastic            !
!                       !
!!!!!!!!!!!!!!!!!!!!!!!!!


             LR statistic       25.65      Degrees of freedom      1
                  P value     < 0.001

select (nod_neo==1 or thnod_prev==0)@

10641 records to be used



freq dct7 thnod_prev @

Entries:
         count

Using (nod_neo==1 or thnod_prev==0)

             thnod_prev
dct7       |         0         1 |  Total
-----------+---------------------+----------
      1    |      2972        12 |      2984
      2    |      2138        15 |      2153
      3    |      1961        17 |      1978
      4    |      1682        20 |      1702
      5    |      1076        18 |      1094
      6    |       503         9 |       512
      7    |       208        10 |       218
-----------+---------------------+----------
     Total |     10540       101 |     10641



nomodel@
logl 0 sex_l lage21 obl_mn ur_rur @ 

line 1 dct7 @ 

logl 1 ex5@

para 10=0@

fit@

          Iter  Step      Deviance

             0     0    14751.558
             1     0     3190.635
             2     0     1611.822
             3     0     1196.442
             4     0     1104.488
             5     0     1092.113
             6     0     1090.458
             7     0     1090.378
             8     0     1090.375
             9     0     1090.374
            10     0     1090.373
            11     0     1090.373
            12     0     1090.373

Binomial odds regression
Additive excess relative risk T0 * (1 + T1 + T2 + ...)

Using (nod_neo==1 or thnod_prev==0)

thnod_prev is used for cases
Bernoulli trials


                            Parameter Summary Table

 # Name                            Estimate     Std.Err.  Test Stat.  P value
-- ----------------------------   ----------   ---------  ----------  --------
Log-linear term 0
 1 %CON.....................         -5.083      0.3733     -13.62    < 0.001
 3 SEX_L_1..................         0.3500      0.2033      1.721     0.0852
 5 obl_mn_2.................        -0.3230      0.2696     -1.198      0.231
 6 obl_mn_3.................        -0.4543      0.4098     -1.109      0.268
 8 UR_RUR_1.................        -0.4521      0.2229     -2.028     0.0425
 9 lage21...................          2.371      0.9054      2.619    0.00881

Linear term 1
10 dct7_1...................          0.000       Fixed      -1.364      0.173
11 dct7_2...................         0.4177      0.7289     0.5731      > 0.5
12 dct7_3...................         0.9932       1.003     0.9905      0.322
13 dct7_4...................          2.186       1.556      1.405       0.16
14 dct7_5...................          4.413       2.693      1.639      0.101
15 dct7_6...................          4.963       3.276      1.515       0.13
16 dct7_7...................          12.86        7.96      1.615      0.106

Log-linear term 1
17 ex5......................        -0.2219     0.08011      -2.77    0.00561

            Records used        10641

                Deviance     1090.373
                     AIC     1116.373
            Pearson Chi2     10076.74      Degrees of freedom   10628




bounds 11@

      Profile likelihood bounds for parameter 11 (dct7_2)

                  MLE     0.4177

               97.5% lower bound not found last estimate     -1.307 Deviance  1057.803
               97.5% upper bound       3.837


 *** WARNING: Parameter dct7_4 changed by 1.1% MLE may be infinite or may not exist


bounds 12@  

      Profile likelihood bounds for parameter 12 (dct7_3)

                  MLE     0.9932

               97.5% lower bound     -0.2196
               97.5% upper bound       5.069


bounds 13@

      Profile likelihood bounds for parameter 13 (dct7_4)

                  MLE      2.186

               97.5% lower bound      0.2184
               97.5% upper bound       8.153


 *** WARNING: Parameter dct7_7 changed by 4.5% MLE may be infinite or may not exist


bounds 14@

      Profile likelihood bounds for parameter 14 (dct7_5)

                  MLE      4.413

               97.5% lower bound not found last estimate    -0.3767 Deviance  1081.181
               97.5% upper bound       14.27


 *** WARNING: Parameter dct7_7 changed by 10.0% MLE may be infinite or may not exist


bounds 15@

      Profile likelihood bounds for parameter 15 (dct7_6)

                  MLE      4.963

               97.5% lower bound not found last estimate    -0.3943 Deviance  1052.852
               97.5% upper bound       17.22


 *** WARNING: Parameter dct7_7 changed by 17.6% MLE may be infinite or may not exist


bounds 16@

      Profile likelihood bounds for parameter 16 (dct7_7)

                  MLE      12.86

               97.5% lower bound not found last estimate      -1.42 Deviance  1030.684
               97.5% upper bound       46.13


 *** WARNING: Parameter dct7_4 changed by 1.7% MLE may be infinite or may not exist



!categorical dose response p-value
nomodel@
logl 0 sex_l lage21 obl_mn ur_rur @

logl 1 ex5 @

fit@ 
          Iter  Step      Deviance

             0     0    23240.651
             1     0     2560.861
             2     0     1459.347
             3     0     1180.956
             4     0     1128.666
             5     0     1123.501
             6     0     1123.387
             7     0     1123.387

Binomial odds regression
Additive excess relative risk T0 * (1 + T1 + T2 + ...)

Using (nod_neo==1 or thnod_prev==0)

thnod_prev is used for cases
Bernoulli trials


                            Parameter Summary Table

 # Name                            Estimate     Std.Err.  Test Stat.  P value
-- ----------------------------   ----------   ---------  ----------  --------
Log-linear term 0
 1 %CON.....................         -5.569      0.3657     -15.23    < 0.001
 3 SEX_L_1..................         0.3287      0.2028      1.621      0.105
 5 obl_mn_2.................      -0.003367      0.2631    -0.0128      > 0.5
 6 obl_mn_3.................        -0.3027      0.4086     -0.741      0.459
 8 UR_RUR_1.................        -0.6844      0.2186     -3.132    0.00174
 9 lage21...................         -2.196      0.9762      -2.25     0.0244

Log-linear term 1
10 ex5......................         0.1774     0.06718      2.641    0.00828

            Records used        10641

                Deviance     1123.387
                     AIC     1137.387
            Pearson Chi2     10580.95      Degrees of freedom   10634



null@
line 1 +dct7num@ 

fit@ 
          Iter  Step      Deviance

             0     0     1222.828
             1     0     1114.602
             2     1     1108.839
             3     1     1105.178
             4     1     1103.140
             5     1     1102.355
             6     1     1102.314
             7     2     1102.162
             8     2     1102.021
             9     2     1101.890
            10     2     1101.768
            11     2     1101.655

Binomial odds regression
Additive excess relative risk T0 * (1 + T1 + T2 + ...)

Using (nod_neo==1 or thnod_prev==0)

thnod_prev is used for cases
Bernoulli trials


                            Parameter Summary Table

 # Name                            Estimate     Std.Err.  Test Stat.  P value
-- ----------------------------   ----------   ---------  ----------  --------
Log-linear term 0
 1 %CON.....................         -6.770       1.778     -3.808    < 0.001
 3 SEX_L_1..................         0.3936      0.2152      1.829     0.0673
 5 obl_mn_2.................        -0.3565        0.28     -1.273      0.203
 6 obl_mn_3.................        -0.4266      0.4228     -1.009      0.313
 8 UR_RUR_1.................        -0.3973      0.2318     -1.714     0.0866
 9 lage21...................        -0.2110       1.539    -0.1371      > 0.5

Linear term 1
10 dct7num..................          2.817       5.813     0.4846      > 0.5

Log-linear term 1
11 ex5......................        0.03095     0.08878     0.3487      > 0.5

            Records used        10641

                Deviance     1101.655
                     AIC     1117.655
            Pearson Chi2     11127.84      Degrees of freedom   10633



 ***   ERROR: No convergence: Too much step halving

 *** WARNING: Parameter dct7num changed by 4.5% MLE may be infinite or may not exist

lrt@

!!!!!!!!!!!!!!!!!!!!!!!!!
!                       !
! Small                 !
!                       !
!!!!!!!!!!!!!!!!!!!!!!!!!



             LR statistic       21.73      Degrees of freedom      1
                  P value     < 0.001

select (nod_sz2==1 or thnod_prev==0) @

11150 records to be used



freq dct7 thnod_prev @

Entries:
         count

Using (nod_sz2==1 or thnod_prev==0) 

             thnod_prev
dct7       |         0         1 |  Total
-----------+---------------------+----------
      1    |      2972       171 |      3143
      2    |      2138       130 |      2268
      3    |      1961       100 |      2061
      4    |      1682        95 |      1777
      5    |      1076        70 |      1146
      6    |       503        21 |       524
      7    |       208        23 |       231
-----------+---------------------+----------
     Total |     10540       610 |     11150



nomodel@
logl 0 sex_l lage21 obl_mn ur_rur @ 

line 1 dct7 @ 

logl 1 ex5@

para 10=0@

fit@

          Iter  Step      Deviance

             0     0    15457.182
             1     0     5592.185
             2     0     4687.306
             3     0     4565.559
             4     0     4557.006
             5     0     4556.592
             6     0     4556.526
             7     0     4556.513
             8     0     4556.510
             9     0     4556.510
            10     0     4556.509

Binomial odds regression
Additive excess relative risk T0 * (1 + T1 + T2 + ...)

Using (nod_sz2==1 or thnod_prev==0) 

thnod_prev is used for cases
Bernoulli trials


                            Parameter Summary Table

 # Name                            Estimate     Std.Err.  Test Stat.  P value
-- ----------------------------   ----------   ---------  ----------  --------
Log-linear term 0
 1 %CON.....................         -3.552      0.1466     -24.23    < 0.001
 3 SEX_L_1..................         0.3251     0.08525      3.814    < 0.001
 5 obl_mn_2.................        0.04605      0.1111     0.4146      > 0.5
 6 obl_mn_3.................        -0.3422      0.1753     -1.952     0.0509
 8 UR_RUR_1.................         0.3156     0.09485      3.328    < 0.001
 9 lage21...................          2.603      0.3208      8.114    < 0.001

Linear term 1
10 dct7_1...................          0.000       Fixed      0.8543      0.393
11 dct7_2...................         0.1300      0.2117     0.6142      > 0.5
12 dct7_3...................         0.2199      0.2373     0.9266      0.354
13 dct7_4...................         0.5531      0.3057       1.81     0.0704
14 dct7_5...................          1.104      0.4498      2.455     0.0141
15 dct7_6...................         0.5757      0.4331      1.329      0.184
16 dct7_7...................          3.497       1.302      2.685    0.00725

Log-linear term 1
17 ex5......................        -0.1841     0.06176     -2.981    0.00288

            Records used        11150

                Deviance     4556.509
                     AIC     4582.509
            Pearson Chi2      11035.5      Degrees of freedom   11137




bounds 11@

      Profile likelihood bounds for parameter 11 (dct7_2)

                  MLE       0.13

               97.5% lower bound     -0.2276
               97.5% upper bound      0.6839


bounds 12@  

      Profile likelihood bounds for parameter 12 (dct7_3)

                  MLE     0.2199

               97.5% lower bound     -0.1558
               97.5% upper bound      0.7882


bounds 13@

      Profile likelihood bounds for parameter 13 (dct7_4)

                  MLE     0.5531

               97.5% lower bound     0.06186
               97.5% upper bound       1.305


bounds 14@

      Profile likelihood bounds for parameter 14 (dct7_5)

                  MLE      1.104

               97.5% lower bound      0.3916
               97.5% upper bound       2.198


bounds 15@

      Profile likelihood bounds for parameter 15 (dct7_6)

                  MLE     0.5757

               97.5% lower bound    -0.04715
               97.5% upper bound       1.625


bounds 16@

      Profile likelihood bounds for parameter 16 (dct7_7)

                  MLE      3.497

               97.5% lower bound       1.405
               97.5% upper bound       6.869




!categorical dose response p-value
nomodel@
logl 0 sex_l lage21 obl_mn ur_rur @

logl 1 ex5 @

fit@ 
          Iter  Step      Deviance

             0     0    23653.414
             1     0     5140.108
             2     0     4647.560
             3     0     4596.066
             4     0     4589.313
             5     0     4589.297
             6     0     4589.297

Binomial odds regression
Additive excess relative risk T0 * (1 + T1 + T2 + ...)

Using (nod_sz2==1 or thnod_prev==0) 

thnod_prev is used for cases
Bernoulli trials


                            Parameter Summary Table

 # Name                            Estimate     Std.Err.  Test Stat.  P value
-- ----------------------------   ----------   ---------  ----------  --------
Log-linear term 0
 1 %CON.....................         -3.846      0.1326        -29    < 0.001
 3 SEX_L_1..................         0.3093     0.08504      3.637    < 0.001
 5 obl_mn_2.................         0.1630      0.1053      1.548      0.122
 6 obl_mn_3.................        -0.2964      0.1732     -1.711     0.0871
 8 UR_RUR_1.................         0.2203     0.09239      2.384     0.0171
 9 lage21...................          2.920      0.3858      7.568    < 0.001

Log-linear term 1
10 ex5......................        -0.1614     0.07113      -2.27     0.0232

            Records used        11150

                Deviance     4589.297
                     AIC     4603.297
            Pearson Chi2     11153.72      Degrees of freedom   11143



null@
line 1 +dct7num@ 

fit@ 
          Iter  Step      Deviance

             0     0     4713.275
             1     0     4576.316
             2     0     4568.370
             3     0     4567.857
             4     0     4567.843
             5     0     4567.842
             6     0     4567.842

Binomial odds regression
Additive excess relative risk T0 * (1 + T1 + T2 + ...)

Using (nod_sz2==1 or thnod_prev==0) 

thnod_prev is used for cases
Bernoulli trials


                            Parameter Summary Table

 # Name                            Estimate     Std.Err.  Test Stat.  P value
-- ----------------------------   ----------   ---------  ----------  --------
Log-linear term 0
 1 %CON.....................         -3.770      0.1926     -19.57    < 0.001
 3 SEX_L_1..................         0.3240      0.0852      3.803    < 0.001
 5 obl_mn_2.................        0.02825      0.1095      0.258      > 0.5
 6 obl_mn_3.................        -0.3745      0.1743     -2.149     0.0317
 8 UR_RUR_1.................         0.2990     0.09425      3.173    0.00151
 9 lage21...................          3.182      0.4453      7.147    < 0.001

Linear term 1
10 dct7num..................         0.3255      0.1441      2.259     0.0239

Log-linear term 1
11 ex5......................        -0.2035     0.05266     -3.865    < 0.001

            Records used        11150

                Deviance     4567.842
                     AIC     4583.842
            Pearson Chi2        10972      Degrees of freedom   11142



lrt@


!!!!!!!!!!!!!!!!!!!!!!!!!
!                       !
! Large                 !
!                       !
!!!!!!!!!!!!!!!!!!!!!!!!!


             LR statistic       21.46      Degrees of freedom      1
                  P value     < 0.001

select (nod_sz2==2 or thnod_prev==0)@

10811 records to be used



freq dct7 thnod_prev @

Entries:
         count

Using (nod_sz2==2 or thnod_prev==0)

             thnod_prev
dct7       |         0         1 |  Total
-----------+---------------------+----------
      1    |      2972        60 |      3032
      2    |      2138        39 |      2177
      3    |      1961        58 |      2019
      4    |      1682        34 |      1716
      5    |      1076        40 |      1116
      6    |       503        19 |       522
      7    |       208        21 |       229
-----------+---------------------+----------
     Total |     10540       271 |     10811



nomodel@
logl 0 sex_l lage21 obl_mn ur_rur @ 

line 1 dct7 @ 

logl 1 ex5@

para 10=0@

fit@

          Iter  Step      Deviance

             0     0    14987.228
             1     0     4022.163
             2     0     2717.606
             3     0     2451.811
             4     0     2411.402
             5     0     2407.364
             6     0     2407.175
             7     0     2407.175

Binomial odds regression
Additive excess relative risk T0 * (1 + T1 + T2 + ...)

Using (nod_sz2==2 or thnod_prev==0)

thnod_prev is used for cases
Bernoulli trials


                            Parameter Summary Table

 # Name                            Estimate     Std.Err.  Test Stat.  P value
-- ----------------------------   ----------   ---------  ----------  --------
Log-linear term 0
 1 %CON.....................         -4.572      0.2291     -19.96    < 0.001
 3 SEX_L_1..................         0.6827      0.1305       5.23    < 0.001
 5 obl_mn_2.................        -0.1006      0.1697    -0.5925      > 0.5
 6 obl_mn_3.................         0.1683      0.2237      0.752      0.452
 8 UR_RUR_1.................       0.004380       0.135    0.03246      > 0.5
 9 lage21...................          2.767      0.5203      5.318    < 0.001

Linear term 1
10 dct7_1...................          0.000       Fixed     -0.8015      0.423
11 dct7_2...................       0.009429      0.3171    0.02973      > 0.5
12 dct7_3...................          1.074      0.6031      1.781     0.0749
13 dct7_4...................         0.3915      0.4507     0.8686      0.385
14 dct7_5...................          3.106       1.245      2.495     0.0126
15 dct7_6...................          3.215       1.483      2.167     0.0302
16 dct7_7...................          11.13       4.344      2.563     0.0104

Log-linear term 1
17 ex5......................        -0.1915     0.05211     -3.675    < 0.001

            Records used        10811

                Deviance     2407.175
                     AIC     2433.175
            Pearson Chi2     10962.08      Degrees of freedom   10798




bounds 11@

      Profile likelihood bounds for parameter 11 (dct7_2)

                  MLE   0.009429

               97.5% lower bound     -0.4291
               97.5% upper bound      0.9121


bounds 12@  

      Profile likelihood bounds for parameter 12 (dct7_3)

                  MLE      1.074

               97.5% lower bound      0.1735
               97.5% upper bound       2.734


bounds 13@

      Profile likelihood bounds for parameter 13 (dct7_4)

                  MLE     0.3915

               97.5% lower bound     -0.2464
               97.5% upper bound       1.654


bounds 14@

      Profile likelihood bounds for parameter 14 (dct7_5)

                  MLE      3.106

               97.5% lower bound       1.286
               97.5% upper bound       6.483


bounds 15@

      Profile likelihood bounds for parameter 15 (dct7_6)

                  MLE      3.215

               97.5% lower bound       1.128
               97.5% upper bound        7.34


bounds 16@

      Profile likelihood bounds for parameter 16 (dct7_7)

                  MLE      11.13

               97.5% lower bound       4.907
               97.5% upper bound       23.65



!categorical dose response p-value
nomodel@
logl 0 sex_l lage21 obl_mn ur_rur @

logl 1 ex5 @

fit@ 
          Iter  Step      Deviance

             0     0    23378.509
             1     0     3466.763
             2     0     2639.453
             3     0     2495.061
             4     0     2481.700
             5     0     2481.433
             6     0     2481.432
             7     0     2481.432

Binomial odds regression
Additive excess relative risk T0 * (1 + T1 + T2 + ...)

Using (nod_sz2==2 or thnod_prev==0)

thnod_prev is used for cases
Bernoulli trials


                            Parameter Summary Table

 # Name                            Estimate     Std.Err.  Test Stat.  P value
-- ----------------------------   ----------   ---------  ----------  --------
Log-linear term 0
 1 %CON.....................         -5.038      0.2326     -21.66    < 0.001
 3 SEX_L_1..................         0.6440      0.1298       4.96    < 0.001
 5 obl_mn_2.................         0.1487      0.1625     0.9147       0.36
 6 obl_mn_3.................         0.2945      0.2207      1.334      0.182
 8 UR_RUR_1.................        -0.1718      0.1316     -1.306      0.192
 9 lage21...................        -0.3524       0.706    -0.4991      > 0.5

Log-linear term 1
10 ex5......................         0.1175     0.04892      2.403     0.0163

            Records used        10811

                Deviance     2481.432
                     AIC     2495.432
            Pearson Chi2     10978.14      Degrees of freedom   10804



null@
line 1 +dct7num@ 

fit@ 
          Iter  Step      Deviance

             0     0     2700.711
             1     0     2523.440
             2     0     2451.578
             3     0     2446.970
             4     1     2444.488
             5     0     2441.363
             6     0     2441.283
             7     0     2441.240
             8     0     2441.193
             9     0     2441.179
            10     0     2441.163
            11     0     2441.159
            12     0     2441.153
            13     0     2441.151
            14     0     2441.149
            15     0     2441.148
            16     0     2441.147
            17     0     2441.147
            18     0     2441.146
            19     0     2441.146

Binomial odds regression
Additive excess relative risk T0 * (1 + T1 + T2 + ...)

Using (nod_sz2==2 or thnod_prev==0)

thnod_prev is used for cases
Bernoulli trials


                            Parameter Summary Table

 # Name                            Estimate     Std.Err.  Test Stat.  P value
-- ----------------------------   ----------   ---------  ----------  --------
Log-linear term 0
 1 %CON.....................         -4.939      0.3496     -14.13    < 0.001
 3 SEX_L_1..................         0.6625        0.13      5.095    < 0.001
 5 obl_mn_2.................       -0.07583       0.167    -0.4541      > 0.5
 6 obl_mn_3.................         0.1190      0.2224     0.5351      > 0.5
 8 UR_RUR_1.................       -0.06533      0.1332    -0.4904      > 0.5
 9 lage21...................          3.503      0.8385      4.177    < 0.001

Linear term 1
10 dct7num..................         0.8749      0.5238       1.67     0.0949

Log-linear term 1
11 ex5......................        -0.2168     0.05843      -3.71    < 0.001

            Records used        10811

                Deviance     2441.146
                     AIC     2457.146
            Pearson Chi2      10366.5      Degrees of freedom   10803



lrt@


!!!!!!!!!!!!!!!!!!!!!!!!!
!                       !
! Non-neoplastic, small !
!                       !
!!!!!!!!!!!!!!!!!!!!!!!!!


             LR statistic       40.29      Degrees of freedom      1
                  P value     < 0.001

select (non_nofnb==0 and non_yesfnb==0 and nod_sz2==1) or thnod_prev==0@

10683 records to be used



freq dct7 thnod_prev @

Entries:
         count

Using (non_nofnb==0 and non_yesfnb==0 and nod_sz2==1) or thnod_prev==0

             thnod_prev
dct7       |         0         1 |  Total
-----------+---------------------+----------
      1    |      2972        23 |      2995
      2    |      2138        25 |      2163
      3    |      1961        26 |      1987
      4    |      1682        33 |      1715
      5    |      1076        18 |      1094
      6    |       503         9 |       512
      7    |       208         9 |       217
-----------+---------------------+----------
     Total |     10540       143 |     10683



nomodel@
logl 0 sex_l lage21 obl_mn ur_rur @ 

line 1 dct7 @ 

logl 1 ex5@

para 10=0@

fit@

          Iter  Step      Deviance

             0     0    14809.783
             1     0     3402.014
             2     0     1907.720
             3     0     1539.786
             4     0     1459.516
             5     0     1450.137
             6     0     1447.391
             7     0     1447.081
             8     0     1447.074
             9     0     1447.074
            10     0     1447.074

Binomial odds regression
Additive excess relative risk T0 * (1 + T1 + T2 + ...)

Using (non_nofnb==0 and non_yesfnb==0 and nod_sz2==1) or thnod_prev==0

thnod_prev is used for cases
Bernoulli trials


                            Parameter Summary Table

 # Name                            Estimate     Std.Err.  Test Stat.  P value
-- ----------------------------   ----------   ---------  ----------  --------
Log-linear term 0
 1 %CON.....................         -5.705      0.3594     -15.87    < 0.001
 3 SEX_L_1..................         0.5359      0.1747      3.068    0.00215
 5 obl_mn_2.................        0.03325      0.2316     0.1436      > 0.5
 6 obl_mn_3.................        -0.7382      0.4115     -1.794     0.0728
 8 UR_RUR_1.................        0.09219      0.1826     0.5048      > 0.5
 9 lage21...................          4.192       0.881      4.759    < 0.001

Linear term 1
10 dct7_1...................          0.000       Fixed     -0.6755      0.499
11 dct7_2...................          1.750        1.37      1.278      0.201
12 dct7_3...................          2.924       1.916      1.526      0.127
13 dct7_4...................          5.988       3.267      1.833     0.0668
14 dct7_5...................          6.642       3.843      1.728     0.0839
15 dct7_6...................          5.384       3.771      1.427      0.153
16 dct7_7...................          20.66       12.45       1.66      0.097

Log-linear term 1
17 ex5......................        -0.2634     0.06553      -4.02    < 0.001

            Records used        10683

                Deviance     1447.074
                     AIC     1473.074
            Pearson Chi2      10314.2      Degrees of freedom   10670




bounds 11@

      Profile likelihood bounds for parameter 11 (dct7_2)

                  MLE       1.75

               97.5% lower bound     0.02135
               97.5% upper bound       6.723


bounds 12@  

      Profile likelihood bounds for parameter 12 (dct7_3)

                  MLE      2.924

               97.5% lower bound      0.3667
               97.5% upper bound       10.03


bounds 13@

      Profile likelihood bounds for parameter 13 (dct7_4)

                  MLE      5.988

               97.5% lower bound       1.678
               97.5% upper bound       17.88


bounds 14@

      Profile likelihood bounds for parameter 14 (dct7_5)

                  MLE      6.642

               97.5% lower bound        1.99
               97.5% upper bound       19.96


bounds 15@

      Profile likelihood bounds for parameter 15 (dct7_6)

                  MLE      5.384

               97.5% lower bound      0.8179
               97.5% upper bound       20.19


bounds 16@

      Profile likelihood bounds for parameter 16 (dct7_7)

                  MLE      20.66

               97.5% lower bound       5.883
               97.5% upper bound       68.06



!categorical dose response p-value
nomodel@
logl 0 sex_l lage21 obl_mn ur_rur @

logl 1 ex5 @

fit@ 
          Iter  Step      Deviance

             0     0    23274.710
             1     0     2787.801
             2     0     1761.433
             3     0     1526.744
             4     0     1490.383
             5     0     1487.962
             6     0     1485.825
             7     0     1485.814
             8     0     1485.814

Binomial odds regression
Additive excess relative risk T0 * (1 + T1 + T2 + ...)

Using (non_nofnb==0 and non_yesfnb==0 and nod_sz2==1) or thnod_prev==0

thnod_prev is used for cases
Bernoulli trials


                            Parameter Summary Table

 # Name                            Estimate     Std.Err.  Test Stat.  P value
-- ----------------------------   ----------   ---------  ----------  --------
Log-linear term 0
 1 %CON.....................         -5.287      0.2661     -19.87    < 0.001
 3 SEX_L_1..................         0.4982      0.1741      2.862    0.00422
 5 obl_mn_2.................         0.4020      0.2281      1.762     0.0781
 6 obl_mn_3.................        -0.5181      0.4108     -1.261      0.207
 8 UR_RUR_1.................        -0.1233      0.1791    -0.6882      0.491
 9 lage21...................          2.616      0.5434      4.815    < 0.001

Log-linear term 1
10 ex5......................        -0.2715       0.109     -2.491     0.0127

            Records used        10683

                Deviance     1485.814
                     AIC     1499.814
            Pearson Chi2     10836.11      Degrees of freedom   10676



null@
line 1 +dct7num@ 

fit@ 
          Iter  Step      Deviance

             0     0     1526.167
             1     0     1489.544
             2     0     1474.331
             3     0     1459.210
             4     0     1457.138
             5     0     1457.130
             6     0     1457.129
             7     0     1457.129

Binomial odds regression
Additive excess relative risk T0 * (1 + T1 + T2 + ...)

Using (non_nofnb==0 and non_yesfnb==0 and nod_sz2==1) or thnod_prev==0

thnod_prev is used for cases
Bernoulli trials


                            Parameter Summary Table

 # Name                            Estimate     Std.Err.  Test Stat.  P value
-- ----------------------------   ----------   ---------  ----------  --------
Log-linear term 0
 1 %CON.....................         -6.148      0.5753     -10.69    < 0.001
 3 SEX_L_1..................         0.5273      0.1743      3.025    0.00249
 5 obl_mn_2.................         0.1430      0.2285     0.6256      > 0.5
 6 obl_mn_3.................        -0.6819      0.4108      -1.66      0.097
 8 UR_RUR_1.................        0.03632      0.1805     0.2013      > 0.5
 9 lage21...................          4.679       1.358      3.445    < 0.001

Linear term 1
10 dct7num..................          2.179       1.844      1.181      0.238

Log-linear term 1
11 ex5......................        -0.2588     0.07688     -3.367    < 0.001

            Records used        10683

                Deviance     1457.129
                     AIC     1473.129
            Pearson Chi2     10035.31      Degrees of freedom   10675




 *** WARNING: Parameter dct7num changed by 1.3% MLE may be infinite or may not exist

lrt@

!!!!!!!!!!!!!!!!!!!!!!!!!
!                       !
! Non-neoplastic, large !
!                       !
!!!!!!!!!!!!!!!!!!!!!!!!!


             LR statistic       28.69      Degrees of freedom      1
                  P value     < 0.001

select (non_nofnb==0 and non_yesfnb==0 and nod_sz2==2) or thnod_prev==0@

10702 records to be used



freq dct7 thnod_prev @

Entries:
         count

Using (non_nofnb==0 and non_yesfnb==0 and nod_sz2==2) or thnod_prev==0

             thnod_prev
dct7       |         0         1 |  Total
-----------+---------------------+----------
      1    |      2972        34 |      3006
      2    |      2138        30 |      2168
      3    |      1961        33 |      1994
      4    |      1682        19 |      1701
      5    |      1076        21 |      1097
      6    |       503        15 |       518
      7    |       208        10 |       218
-----------+---------------------+----------
     Total |     10540       162 |     10702



nomodel@
logl 0 sex_l lage21 obl_mn ur_rur @ 

line 1 dct7 @ 

logl 1 ex5@

para 10=0@

fit@

          Iter  Step      Deviance

             0     0    14836.122
             1     0     3495.975
             2     0     2027.741
             3     0     1677.382
             4     0     1609.871
             5     0     1601.451
             6     0     1600.680
             7     0     1600.663
             8     0     1600.662
             9     0     1600.662

Binomial odds regression
Additive excess relative risk T0 * (1 + T1 + T2 + ...)

Using (non_nofnb==0 and non_yesfnb==0 and nod_sz2==2) or thnod_prev==0

thnod_prev is used for cases
Bernoulli trials


                            Parameter Summary Table

 # Name                            Estimate     Std.Err.  Test Stat.  P value
-- ----------------------------   ----------   ---------  ----------  --------
Log-linear term 0
 1 %CON.....................         -5.258      0.3053     -17.23    < 0.001
 3 SEX_L_1..................         0.6949      0.1681      4.133    < 0.001
 5 obl_mn_2.................        0.07611      0.2245      0.339      > 0.5
 6 obl_mn_3.................         0.1632      0.3017     0.5411      > 0.5
 8 UR_RUR_1.................      -0.001688      0.1721  -0.009807      > 0.5
 9 lage21...................          3.195      0.6991       4.57    < 0.001

Linear term 1
10 dct7_1...................          0.000       Fixed     -0.7138      0.475
11 dct7_2...................         0.3912      0.5608     0.6977      0.485
12 dct7_3...................          1.067       0.816      1.308      0.191
13 dct7_4...................         0.3532      0.5795     0.6096      > 0.5
14 dct7_5...................          2.886       1.618      1.784     0.0745
15 dct7_6...................          5.088       2.695      1.888     0.0591
16 dct7_7...................          8.912       4.982      1.789     0.0736

Log-linear term 1
17 ex5......................        -0.2348     0.07191     -3.265    0.00109

            Records used        10702

                Deviance     1600.662
                     AIC     1626.662
            Pearson Chi2     10465.48      Degrees of freedom   10689




bounds 11@

      Profile likelihood bounds for parameter 11 (dct7_2)

                  MLE     0.3912

               97.5% lower bound     -0.3536
               97.5% upper bound       2.433


bounds 12@  

      Profile likelihood bounds for parameter 12 (dct7_3)

                  MLE      1.067

               97.5% lower bound    -0.07514
               97.5% upper bound       3.846


bounds 13@

      Profile likelihood bounds for parameter 13 (dct7_4)

                  MLE     0.3532

               97.5% lower bound      -0.377
               97.5% upper bound        2.29


bounds 14@

      Profile likelihood bounds for parameter 14 (dct7_5)

                  MLE      2.886

               97.5% lower bound      0.6339
               97.5% upper bound       7.983


bounds 15@

      Profile likelihood bounds for parameter 15 (dct7_6)

                  MLE      5.088

               97.5% lower bound        1.08
               97.5% upper bound          14


bounds 16@

      Profile likelihood bounds for parameter 16 (dct7_7)

                  MLE      8.912

               97.5% lower bound       1.718
               97.5% upper bound       26.99



!categorical dose response p-value
nomodel@
logl 0 sex_l lage21 obl_mn ur_rur @

logl 1 ex5 @

fit@ 
          Iter  Step      Deviance

             0     0    23290.118
             1     0     2889.398
             2     0     1894.437
             3     0     1675.363
             4     0     1643.761
             5     0     1641.957
             6     0     1641.930
             7     0     1641.874
             8     0     1641.530
             9     1     1640.883
            10     1     1640.005
            11     0     1639.057
            12     0     1638.388
            13     0     1638.387
            14     0     1638.387

Binomial odds regression
Additive excess relative risk T0 * (1 + T1 + T2 + ...)

Using (non_nofnb==0 and non_yesfnb==0 and nod_sz2==2) or thnod_prev==0

thnod_prev is used for cases
Bernoulli trials


                            Parameter Summary Table

 # Name                            Estimate     Std.Err.  Test Stat.  P value
-- ----------------------------   ----------   ---------  ----------  --------
Log-linear term 0
 1 %CON.....................         -5.252      0.2544     -20.65    < 0.001
 3 SEX_L_1..................         0.6652      0.1676       3.97    < 0.001
 5 obl_mn_2.................         0.2955      0.2181      1.355      0.176
 6 obl_mn_3.................         0.2487      0.2994     0.8306      0.406
 8 UR_RUR_1.................        -0.1719       0.168     -1.023      0.306
 9 lage21...................          2.981      0.4877      6.112    < 0.001

Log-linear term 1
10 ex5......................        -0.3047      0.1009     -3.019    0.00253

            Records used        10702

                Deviance     1638.387
                     AIC     1652.387
            Pearson Chi2     10714.51      Degrees of freedom   10695



null@
line 1 +dct7num@ 

fit@ 
          Iter  Step      Deviance

             0     0     1683.111
             1     0     1652.935
             2     0     1629.700
             3     0     1617.133
             4     0     1616.776
             5     0     1616.502
             6     0     1616.498
             7     0     1616.498
             8     0     1616.498

Binomial odds regression
Additive excess relative risk T0 * (1 + T1 + T2 + ...)

Using (non_nofnb==0 and non_yesfnb==0 and nod_sz2==2) or thnod_prev==0

thnod_prev is used for cases
Bernoulli trials


                            Parameter Summary Table

 # Name                            Estimate     Std.Err.  Test Stat.  P value
-- ----------------------------   ----------   ---------  ----------  --------
Log-linear term 0
 1 %CON.....................         -5.576      0.4456     -12.51    < 0.001
 3 SEX_L_1..................         0.6801      0.1677      4.055    < 0.001
 5 obl_mn_2.................         0.1074      0.2218     0.4843      > 0.5
 6 obl_mn_3.................         0.1336      0.3005     0.4445      > 0.5
 8 UR_RUR_1.................       -0.06009      0.1701    -0.3533      > 0.5
 9 lage21...................          3.924       1.071      3.664    < 0.001

Linear term 1
10 dct7num..................         0.8512      0.6619      1.286      0.198

Log-linear term 1
11 ex5......................        -0.2590     0.07284     -3.556    < 0.001

            Records used        10702

                Deviance     1616.498
                     AIC     1632.498
            Pearson Chi2     10116.63      Degrees of freedom   10694



lrt@


!!!!!!!!!!!!!!!!!!!!!!!!!
!                       !
! Neoplastic, small     !
!                       !
!!!!!!!!!!!!!!!!!!!!!!!!!


             LR statistic       21.89      Degrees of freedom      1
                  P value     < 0.001

select (nod_neo==1 and nod_sz2==1) or thnod_prev==0@

10569 records to be used



freq dct7 thnod_prev @

Entries:
         count

Using (nod_neo==1 and nod_sz2==1) or thnod_prev==0

             thnod_prev
dct7       |         0         1 |  Total
-----------+---------------------+----------
      1    |      2972         2 |      2974
      2    |      2138         4 |      2142
      3    |      1961         5 |      1966
      4    |      1682         7 |      1689
      5    |      1076         6 |      1082
      6    |       503         1 |       504
      7    |       208         4 |       212
-----------+---------------------+----------
     Total |     10540        29 |     10569



nomodel@
logl 0 sex_l lage21 obl_mn ur_rur @ 

line 1 dct7 @ 

logl 1 ex5@

para 10=0@

fit@

          Iter  Step      Deviance

             0     0    14651.745
             1     0     2825.293
             2     0     1111.846
             3     0      585.220
             4     0      423.883
             5     0      380.207
             6     0      371.148
             7     0      369.831
             8     0      369.623
             9     0      369.601
            10     0      369.601
            11     0      369.601
            12     0      369.601
            13     0      369.601
            14     0      369.601
            15     0      369.601
            16     0      369.601
            17     0      369.601
            18     0      369.601
            19     0      369.601
            20     0      369.601
            21     0      369.601

Binomial odds regression
Additive excess relative risk T0 * (1 + T1 + T2 + ...)

Using (nod_neo==1 and nod_sz2==1) or thnod_prev==0

thnod_prev is used for cases
Bernoulli trials


                            Parameter Summary Table

 # Name                            Estimate     Std.Err.  Test Stat.  P value
-- ----------------------------   ----------   ---------  ----------  --------
Log-linear term 0
 1 %CON.....................         -6.090           0          0      > 0.5
 3 SEX_L_1..................         0.5434      0.3545      1.533      0.125
 5 obl_mn_2.................        -0.7145      0.3942     -1.812     0.0699
 6 obl_mn_3.................        -0.9851         0.8     -1.231      0.218
 8 UR_RUR_1.................        -0.7869         0.4     -1.967     0.0491
 9 lage21...................          2.354       1.506      1.563      0.118

Linear term 1
10 dct7_1...................          0.000       Fixed     -0.2657      > 0.5
11 dct7_2...................        -0.1768       3.102     -0.057      > 0.5
12 dct7_3...................          1.245       1.516     0.8218      0.411
13 dct7_4...................          2.762         2.5      1.105      0.269
14 dct7_5...................          4.411           0          0      > 0.5
15 dct7_6...................          1.388       2.052     0.6764      0.499
16 dct7_7...................          12.55       10.79      1.163      0.245

Log-linear term 1
17 ex5......................        -0.4236      0.1704     -2.486     0.0129

            Records used        10569

                Deviance      369.601
                     AIC      391.601
            Pearson Chi2       9570.6      Degrees of freedom   10558



 *** WARNING: The total score at the last iteration is 0.702374

 *** WARNING: Parameter dct7_3 changed by 55.3% MLE may be infinite or may not exist


bounds 11@

      Profile likelihood bounds for parameter 11 (dct7_2)

                  MLE    -0.1768

               97.5% lower bound not found last estimate     -1.493 Deviance    354.79
               97.5% upper bound       2.689


bounds 12@  

      Profile likelihood bounds for parameter 12 (dct7_3)

                  MLE      1.245

               97.5% lower bound not found last estimate     0.9234 Deviance   369.693
               97.5% upper bound not found last estimate      1.567 Deviance   369.674


 *** WARNING: Parameter dct7_6 changed by 17.7% MLE may be infinite or may not exist


bounds 13@

      Profile likelihood bounds for parameter 13 (dct7_4)

                  MLE      2.762

               97.5% lower bound not found last estimate      2.231 Deviance   369.759
               97.5% upper bound not found last estimate      3.293 Deviance   369.723


 *** WARNING: Parameter dct7_3 changed by 7.6% MLE may be infinite or may not exist


bounds 14@

 ***   ERROR: Parameter 14 (dct7_5) is fixed or aliased

bounds 15@

      Profile likelihood bounds for parameter 15 (dct7_6)

                  MLE      1.388

               97.5% lower bound not found last estimate     0.9519 Deviance   369.696
               97.5% upper bound not found last estimate      1.824 Deviance   369.665


 *** WARNING: Parameter dct7_4 changed by 30.6% MLE may be infinite or may not exist


bounds 16@

      Profile likelihood bounds for parameter 16 (dct7_7)

                  MLE      12.55

               97.5% lower bound not found last estimate      10.26 Deviance   369.759
               97.5% upper bound       45.97


 *** WARNING: Parameter dct7_6 changed by 42.5% MLE may be infinite or may not exist



!categorical dose response p-value
nomodel@
logl 0 sex_l lage21 obl_mn ur_rur @

logl 1 ex5 @

fit@ 
          Iter  Step      Deviance

             0     0    23182.264
             1     0     2163.182
             2     0      914.454
             3     0      529.447
             4     0      417.520
             5     0      390.259
             6     0      385.526
             7     0      385.252
             8     0      385.250
             9     0      385.250

Binomial odds regression
Additive excess relative risk T0 * (1 + T1 + T2 + ...)

Using (nod_neo==1 and nod_sz2==1) or thnod_prev==0

thnod_prev is used for cases
Bernoulli trials


                            Parameter Summary Table

 # Name                            Estimate     Std.Err.  Test Stat.  P value
-- ----------------------------   ----------   ---------  ----------  --------
Log-linear term 0
 1 %CON.....................         -6.820      0.6784     -10.05    < 0.001
 3 SEX_L_1..................         0.5469      0.3842      1.423      0.155
 5 obl_mn_2.................        -0.3532       0.466    -0.7579      0.449
 6 obl_mn_3.................        -0.8343      0.8162     -1.022      0.307
 8 UR_RUR_1.................         -1.034      0.4223     -2.449     0.0143
 9 lage21...................         -4.026       1.632     -2.468     0.0136

Log-linear term 1
10 ex5......................         0.2451      0.1153      2.125     0.0336

            Records used        10569

                Deviance       385.25
                     AIC       399.25
            Pearson Chi2      10117.4      Degrees of freedom   10562



null@
line 1 +dct7num@ 

fit@ 
          Iter  Step      Deviance

             0     0      417.046
             1     0      384.186
             2     0      380.026
             3     1      379.729
             4     2      379.591
             5     2      379.464
             6     2      379.345
             7     2      379.237
             8     2      379.137

Binomial odds regression
Additive excess relative risk T0 * (1 + T1 + T2 + ...)

Using (nod_neo==1 and nod_sz2==1) or thnod_prev==0

thnod_prev is used for cases
Bernoulli trials


                            Parameter Summary Table

 # Name                            Estimate     Std.Err.  Test Stat.  P value
-- ----------------------------   ----------   ---------  ----------  --------
Log-linear term 0
 1 %CON.....................         -8.044       3.155      -2.55     0.0108
 3 SEX_L_1..................         0.5660      0.4183      1.353      0.176
 5 obl_mn_2.................        -0.6040      0.5076      -1.19      0.234
 6 obl_mn_3.................        -0.9028      0.8889     -1.016       0.31
 8 UR_RUR_1.................        -0.7829      0.4631      -1.69     0.0909
 9 lage21...................         -2.789       2.617     -1.066      0.287

Linear term 1
10 dct7num..................          2.494        8.95     0.2786      > 0.5

Log-linear term 1
11 ex5......................         0.1015      0.1617     0.6275      > 0.5

            Records used        10569

                Deviance      379.137
                     AIC      395.137
            Pearson Chi2      11845.7      Degrees of freedom   10561



 ***   ERROR: No convergence: Too much step halving

 *** WARNING: Parameter dct7num changed by 10.4% MLE may be infinite or may not exist

lrt@


!!!!!!!!!!!!!!!!!!!!!!!!!
!                       !
! Neoplastic, large     !
!                       !
!!!!!!!!!!!!!!!!!!!!!!!!!


             LR statistic       6.113      Degrees of freedom      1
                  P value      0.0134

select (nod_neo==1 and nod_sz2==2) or thnod_prev==0@

10612 records to be used



freq dct7 thnod_prev @

Entries:
         count

Using (nod_neo==1 and nod_sz2==2) or thnod_prev==0

             thnod_prev
dct7       |         0         1 |  Total
-----------+---------------------+----------
      1    |      2972        10 |      2982
      2    |      2138        11 |      2149
      3    |      1961        12 |      1973
      4    |      1682        13 |      1695
      5    |      1076        12 |      1088
      6    |       503         8 |       511
      7    |       208         6 |       214
-----------+---------------------+----------
     Total |     10540        72 |     10612



nomodel@
logl 0 sex_l lage21 obl_mn ur_rur @ 

line 1 dct7 @ 

logl 1 ex5@

para 10=0@

fit@

          Iter  Step      Deviance

             0     0    14711.356
             1     0     3045.353
             2     0     1414.583
             3     0      962.174
             4     0      850.657
             5     0      832.644
             6     0      830.690
             7     0      830.413
             8     0      830.411
             9     0      830.411
            10     0      830.411

Binomial odds regression
Additive excess relative risk T0 * (1 + T1 + T2 + ...)

Using (nod_neo==1 and nod_sz2==2) or thnod_prev==0

thnod_prev is used for cases
Bernoulli trials


                            Parameter Summary Table

 # Name                            Estimate     Std.Err.  Test Stat.  P value
-- ----------------------------   ----------   ---------  ----------  --------
Log-linear term 0
 1 %CON.....................         -5.600      0.4587     -12.21    < 0.001
 3 SEX_L_1..................         0.2816      0.2394      1.176       0.24
 5 obl_mn_2.................        -0.1858      0.3281    -0.5662      > 0.5
 6 obl_mn_3.................        -0.2506      0.4773     -0.525      > 0.5
 8 UR_RUR_1.................        -0.3175        0.26     -1.221      0.222
 9 lage21...................          2.447       1.105      2.213     0.0269

Linear term 1
10 dct7_1...................          0.000       Fixed      -1.121      0.262
11 dct7_2...................         0.8219       1.117     0.7359      0.462
12 dct7_3...................         0.9722        1.23     0.7904      0.429
13 dct7_4...................          1.847       1.733      1.066      0.287
14 dct7_5...................          4.245       3.186      1.332      0.183
15 dct7_6...................          7.042       5.121      1.375      0.169
16 dct7_7...................          12.76       9.616      1.327      0.185

Log-linear term 1
17 ex5......................        -0.1587     0.09091     -1.746     0.0808

            Records used        10612

                Deviance      830.411
                     AIC      856.411
            Pearson Chi2      10006.2      Degrees of freedom   10599




bounds 11@

      Profile likelihood bounds for parameter 11 (dct7_2)

                  MLE     0.8219

               97.5% lower bound not found last estimate    -0.7766 Deviance   821.709
               97.5% upper bound       5.489


bounds 12@  

      Profile likelihood bounds for parameter 12 (dct7_3)

                  MLE     0.9722

               97.5% lower bound not found last estimate    -0.5928 Deviance    821.46
               97.5% upper bound       6.094


bounds 13@

      Profile likelihood bounds for parameter 13 (dct7_4)

                  MLE      1.847

               97.5% lower bound not found last estimate    -0.8743 Deviance   803.275
               97.5% upper bound       8.881


 *** WARNING: Parameter lage21 changed by 406.0% MLE may be infinite or may not exist


bounds 14@

      Profile likelihood bounds for parameter 14 (dct7_5)

                  MLE      4.245

               97.5% lower bound not found last estimate    -0.7875 Deviance   799.696
               97.5% upper bound       16.81


 *** WARNING: Parameter dct7_7 changed by 34.1% MLE may be infinite or may not exist


bounds 15@

      Profile likelihood bounds for parameter 15 (dct7_6)

                  MLE      7.042

               97.5% lower bound not found last estimate    -0.8618 Deviance   789.585
               97.5% upper bound       27.35


 *** WARNING: Parameter dct7_4 changed by 1.0% MLE may be infinite or may not exist


bounds 16@

      Profile likelihood bounds for parameter 16 (dct7_7)

                  MLE      12.76

               97.5% lower bound       1.718
               97.5% upper bound       55.25


 *** WARNING: Parameter dct7_5 changed by 6.8% MLE may be infinite or may not exist



!categorical dose response p-value
nomodel@
logl 0 sex_l lage21 obl_mn ur_rur @

logl 1 ex5 @

fit@ 
          Iter  Step      Deviance

             0     0    23217.134
             1     0     2401.670
             2     0     1243.587
             3     0      928.422
             4     0      861.168
             5     0      853.293
             6     0      853.030
             7     0      853.029
             8     0      853.029

Binomial odds regression
Additive excess relative risk T0 * (1 + T1 + T2 + ...)

Using (nod_neo==1 and nod_sz2==2) or thnod_prev==0

thnod_prev is used for cases
Bernoulli trials


                            Parameter Summary Table

 # Name                            Estimate     Std.Err.  Test Stat.  P value
-- ----------------------------   ----------   ---------  ----------  --------
Log-linear term 0
 1 %CON.....................         -5.898      0.4364     -13.52    < 0.001
 3 SEX_L_1..................         0.2415      0.2386      1.012      0.311
 5 obl_mn_2.................         0.1434      0.3186     0.4502      > 0.5
 6 obl_mn_3.................        -0.1036       0.475    -0.2181      > 0.5
 8 UR_RUR_1.................        -0.5507      0.2551     -2.159     0.0308
 9 lage21...................         -1.185       1.251    -0.9476      0.343

Log-linear term 1
10 ex5......................         0.1323     0.08855      1.494      0.135

            Records used        10612

                Deviance      853.029
                     AIC      867.029
            Pearson Chi2      10521.5      Degrees of freedom   10605



null@
line 1 +dct7num@ 

fit@ 
          Iter  Step      Deviance

             0     0      912.158
             1     0      844.417
             2     1      841.581
             3     1      839.955
             4     1      839.089
             5     1      838.509
             6     1      838.010
             7     0      837.330
             8     1      837.269
             9     0      837.179
            10     1      837.165
            11     0      837.156
            12     1      837.154
            13     0      837.153
            14     1      837.152
            15     0      837.152

Binomial odds regression
Additive excess relative risk T0 * (1 + T1 + T2 + ...)

Using (nod_neo==1 and nod_sz2==2) or thnod_prev==0

thnod_prev is used for cases
Bernoulli trials


                            Parameter Summary Table

 # Name                            Estimate     Std.Err.  Test Stat.  P value
-- ----------------------------   ----------   ---------  ----------  --------
Log-linear term 0
 1 %CON.....................         -6.674       1.338     -4.986    < 0.001
 3 SEX_L_1..................         0.2858      0.2394      1.194      0.232
 5 obl_mn_2.................        -0.1550      0.3253    -0.4763      > 0.5
 6 obl_mn_3.................        -0.2545      0.4747    -0.5361      > 0.5
 8 UR_RUR_1.................        -0.3483       0.257     -1.355      0.175
 9 lage21...................          1.436       1.869     0.7679      0.443

Linear term 1
10 dct7num..................          2.191       3.682     0.5951      > 0.5

Log-linear term 1
11 ex5......................       -0.04345      0.1094    -0.3973      > 0.5

            Records used        10612

                Deviance      837.152
                     AIC      853.152
            Pearson Chi2       9958.7      Degrees of freedom   10604




 *** WARNING: Parameter dct7num changed by 3.0% MLE may be infinite or may not exist

lrt@

!!!!!!!!!!!!!!!!!!!!!!!!!
!                       !
! Single                !
!                       !
!!!!!!!!!!!!!!!!!!!!!!!!!


             LR statistic       15.88      Degrees of freedom      1
                  P value     < 0.001

select (mult==1 or thnod_prev==0) @

11188 records to be used



freq dct7 thnod_prev @

Entries:
         count

Using (mult==1 or thnod_prev==0) 

             thnod_prev
dct7       |         0         1 |  Total
-----------+---------------------+----------
      1    |      2972       167 |      3139
      2    |      2138       125 |      2263
      3    |      1961       112 |      2073
      4    |      1682       101 |      1783
      5    |      1076        81 |      1157
      6    |       503        29 |       532
      7    |       208        33 |       241
-----------+---------------------+----------
     Total |     10540       648 |     11188



nomodel@
logl 0 sex_l lage21 obl_mn ur_rur @ 

line 1 dct7 @ 

logl 1 ex5@

para 10=0@

fit@

          Iter  Step      Deviance

             0     0    15509.861
             1     0     5762.669
             2     0     4900.796
             3     0     4789.694
             4     0     4781.099
             5     0     4780.822
             6     0     4780.794
             7     0     4780.792
             8     0     4780.792

Binomial odds regression
Additive excess relative risk T0 * (1 + T1 + T2 + ...)

Using (mult==1 or thnod_prev==0) 

thnod_prev is used for cases
Bernoulli trials


                            Parameter Summary Table

 # Name                            Estimate     Std.Err.  Test Stat.  P value
-- ----------------------------   ----------   ---------  ----------  --------
Log-linear term 0
 1 %CON.....................         -3.518      0.1444     -24.36    < 0.001
 3 SEX_L_1..................         0.4843     0.08392      5.771    < 0.001
 5 obl_mn_2.................        0.03785      0.1103     0.3433      > 0.5
 6 obl_mn_3.................        -0.1022      0.1601    -0.6384      > 0.5
 8 UR_RUR_1.................         0.1355     0.09027      1.501      0.133
 9 lage21...................          2.379      0.3181      7.478    < 0.001

Linear term 1
10 dct7_1...................          0.000       Fixed     -0.3055      > 0.5
11 dct7_2...................         0.1805      0.2152     0.8388      0.402
12 dct7_3...................         0.3284      0.2481      1.324      0.186
13 dct7_4...................         0.5330      0.2928       1.82     0.0687
14 dct7_5...................          1.502      0.5022      2.991    0.00278
15 dct7_6...................          1.028      0.5077      2.025     0.0428
16 dct7_7...................          4.836        1.52      3.183    0.00146

Log-linear term 1
17 ex5......................        -0.1845     0.05017     -3.678    < 0.001

            Records used        11188

                Deviance     4780.792
                     AIC     4806.792
            Pearson Chi2     11061.48      Degrees of freedom   11175




bounds 11@

      Profile likelihood bounds for parameter 11 (dct7_2)

                  MLE     0.1805

               97.5% lower bound     -0.1796
               97.5% upper bound      0.7282


bounds 12@  

      Profile likelihood bounds for parameter 12 (dct7_3)

                  MLE     0.3284

               97.5% lower bound    -0.06741
               97.5% upper bound      0.9336


bounds 13@

      Profile likelihood bounds for parameter 13 (dct7_4)

                  MLE      0.533

               97.5% lower bound     0.05281
               97.5% upper bound       1.266


bounds 14@

      Profile likelihood bounds for parameter 14 (dct7_5)

                  MLE      1.502

               97.5% lower bound      0.6824
               97.5% upper bound       2.729


bounds 15@

      Profile likelihood bounds for parameter 15 (dct7_6)

                  MLE      1.028

               97.5% lower bound      0.2693
               97.5% upper bound        2.28


bounds 16@

      Profile likelihood bounds for parameter 16 (dct7_7)

                  MLE      4.836

               97.5% lower bound       2.399
               97.5% upper bound       8.724



!categorical dose response p-value
nomodel@
logl 0 sex_l lage21 obl_mn ur_rur @

logl 1 ex5 @

fit@ 
          Iter  Step      Deviance

             0     0    23684.230
             1     0     5333.347
             2     0     4886.890
             3     0     4847.475
             4     0     4846.554
             5     0     4846.517
             6     0     4846.489
             7     0     4846.457
             8     0     4846.408
             9     0     4846.306
            10     0     4846.080
            11     0     4845.771
            12     0     4845.631
            13     0     4845.617
            14     0     4845.617
            15     0     4845.616

Binomial odds regression
Additive excess relative risk T0 * (1 + T1 + T2 + ...)

Using (mult==1 or thnod_prev==0) 

thnod_prev is used for cases
Bernoulli trials


                            Parameter Summary Table

 # Name                            Estimate     Std.Err.  Test Stat.  P value
-- ----------------------------   ----------   ---------  ----------  --------
Log-linear term 0
 1 %CON.....................         -3.754      0.1298     -28.91    < 0.001
 3 SEX_L_1..................         0.4608     0.08356      5.514    < 0.001
 5 obl_mn_2.................         0.1933      0.1048      1.844     0.0651
 6 obl_mn_3.................       -0.04209       0.158    -0.2664      > 0.5
 8 UR_RUR_1.................        0.01414     0.08772     0.1612      > 0.5
 9 lage21...................          2.433      0.3852      6.315    < 0.001

Log-linear term 1
10 ex5......................        -0.1572     0.06836       -2.3     0.0214

            Records used        11188

                Deviance     4845.616
                     AIC     4859.616
            Pearson Chi2     11238.55      Degrees of freedom   11181



null@
line 1 +dct7num@ 

fit@ 
          Iter  Step      Deviance

             0     0     4987.633
             1     0     4846.613
             2     0     4808.589
             3     0     4803.188
             4     0     4803.159
             5     0     4803.157
             6     0     4803.157

Binomial odds regression
Additive excess relative risk T0 * (1 + T1 + T2 + ...)

Using (mult==1 or thnod_prev==0) 

thnod_prev is used for cases
Bernoulli trials


                            Parameter Summary Table

 # Name                            Estimate     Std.Err.  Test Stat.  P value
-- ----------------------------   ----------   ---------  ----------  --------
Log-linear term 0
 1 %CON.....................         -3.798       0.199     -19.09    < 0.001
 3 SEX_L_1..................         0.4799     0.08376       5.73    < 0.001
 5 obl_mn_2.................        0.02448      0.1086     0.2253      > 0.5
 6 obl_mn_3.................        -0.1411      0.1591    -0.8866      0.375
 8 UR_RUR_1.................         0.1120     0.08943      1.252       0.21
 9 lage21...................          3.024      0.4692      6.444    < 0.001

Linear term 1
10 dct7num..................         0.4548      0.1831      2.484      0.013

Log-linear term 1
11 ex5......................        -0.1982     0.04432     -4.472    < 0.001

            Records used        11188

                Deviance     4803.157
                     AIC     4819.157
            Pearson Chi2     10969.59      Degrees of freedom   11180



lrt@


!!!!!!!!!!!!!!!!!!!!!!!!!
!                       !
! Multiple              !
!                       !
!!!!!!!!!!!!!!!!!!!!!!!!!


             LR statistic       42.46      Degrees of freedom      1
                  P value     < 0.001

select (mult==2 or thnod_prev==0)@

10773 records to be used



freq dct7 thnod_prev @

Entries:
         count

Using (mult==2 or thnod_prev==0)

             thnod_prev
dct7       |         0         1 |  Total
-----------+---------------------+----------
      1    |      2972        64 |      3036
      2    |      2138        44 |      2182
      3    |      1961        46 |      2007
      4    |      1682        28 |      1710
      5    |      1076        29 |      1105
      6    |       503        11 |       514
      7    |       208        11 |       219
-----------+---------------------+----------
     Total |     10540       233 |     10773



nomodel@
logl 0 sex_l lage21 obl_mn ur_rur @ 

line 1 dct7 @ 

logl 1 ex5@

para 10=0@

fit@

          Iter  Step      Deviance

             0     0    14934.549
             1     0     3843.262
             2     0     2486.878
             3     0     2194.163
             4     0     2142.435
             5     0     2136.248
             6     0     2135.882
             7     0     2135.876
             8     0     2135.876
             9     0     2135.875
            10     0     2135.875

Binomial odds regression
Additive excess relative risk T0 * (1 + T1 + T2 + ...)

Using (mult==2 or thnod_prev==0)

thnod_prev is used for cases
Bernoulli trials


                            Parameter Summary Table

 # Name                            Estimate     Std.Err.  Test Stat.  P value
-- ----------------------------   ----------   ---------  ----------  --------
Log-linear term 0
 1 %CON.....................         -4.627      0.2293     -20.18    < 0.001
 3 SEX_L_1..................         0.2801      0.1349      2.076     0.0379
 5 obl_mn_2.................       -0.08082      0.1703    -0.4747      > 0.5
 6 obl_mn_3.................        -0.3055      0.2651     -1.152      0.249
 8 UR_RUR_1.................         0.4443      0.1521      2.921    0.00349
 9 lage21...................          3.452      0.5177      6.667    < 0.001

Linear term 1
10 dct7_1...................          0.000       Fixed      0.4682      > 0.5
11 dct7_2...................        -0.2743      0.1606     -1.709     0.0875
12 dct7_3...................         0.6803      0.5134      1.325      0.185
13 dct7_4...................         0.3273      0.4312     0.7591      0.448
14 dct7_5...................          1.800      0.9487      1.897     0.0578
15 dct7_6...................          1.775        1.14      1.557      0.119
16 dct7_7...................          6.151       3.071      2.003     0.0452

Log-linear term 1
17 ex5......................        -0.2556     0.07795     -3.279    0.00104

            Records used        10773

                Deviance     2135.875
                     AIC     2161.875
            Pearson Chi2     10398.58      Degrees of freedom   10760




bounds 11@

      Profile likelihood bounds for parameter 11 (dct7_2)

                  MLE    -0.2743

               97.5% lower bound not found last estimate    -0.7469 Deviance  2122.706
               97.5% upper bound       0.431


 *** WARNING: Parameter dct7_7 changed by 16.1% MLE may be infinite or may not exist


bounds 12@  

      Profile likelihood bounds for parameter 12 (dct7_3)

                  MLE     0.6803

               97.5% lower bound     -0.0434
               97.5% upper bound        2.14


bounds 13@

      Profile likelihood bounds for parameter 13 (dct7_4)

                  MLE     0.3273

               97.5% lower bound     -0.2615
               97.5% upper bound       1.588


bounds 14@

      Profile likelihood bounds for parameter 14 (dct7_5)

                  MLE        1.8

               97.5% lower bound      0.3736
               97.5% upper bound        4.56


 *** WARNING: Parameter dct7_7 changed by 1.3% MLE may be infinite or may not exist


bounds 15@

      Profile likelihood bounds for parameter 15 (dct7_6)

                  MLE      1.775

               97.5% lower bound      0.3491
               97.5% upper bound       4.983


bounds 16@

      Profile likelihood bounds for parameter 16 (dct7_7)

                  MLE      6.151

               97.5% lower bound not found last estimate    -0.6438 Deviance  2083.519
               97.5% upper bound       16.09


 *** WARNING: Parameter dct7_5 changed by 4.5% MLE may be infinite or may not exist



!categorical dose response p-value
nomodel@
logl 0 sex_l lage21 obl_mn ur_rur @

logl 1 ex5 @

fit@ 
          Iter  Step      Deviance

             0     0    23347.694
             1     0     3262.754
             2     0     2372.622
             3     0     2196.133
             4     0     2181.939
             5     0     2168.276
             6     0     2168.105
             7     0     2168.105
             8     0     2168.105

Binomial odds regression
Additive excess relative risk T0 * (1 + T1 + T2 + ...)

Using (mult==2 or thnod_prev==0)

thnod_prev is used for cases
Bernoulli trials


                            Parameter Summary Table

 # Name                            Estimate     Std.Err.  Test Stat.  P value
-- ----------------------------   ----------   ---------  ----------  --------
Log-linear term 0
 1 %CON.....................         -4.805      0.2014     -23.86    < 0.001
 3 SEX_L_1..................         0.2657      0.1346      1.975     0.0483
 5 obl_mn_2.................        0.04557      0.1652     0.2759      > 0.5
 6 obl_mn_3.................        -0.2624      0.2634    -0.9963      0.319
 8 UR_RUR_1.................         0.3180      0.1491      2.133     0.0329
 9 lage21...................          3.834      0.4113      9.321    < 0.001

Log-linear term 1
10 ex5......................        -0.2859     0.09258     -3.088    0.00201

            Records used        10773

                Deviance     2168.105
                     AIC     2182.105
            Pearson Chi2     10420.81      Degrees of freedom   10766



null@
line 1 +dct7num@ 

fit@ 
          Iter  Step      Deviance

             0     0     2214.922
             1     0     2168.747
             2     0     2152.676
             3     0     2150.375
             4     0     2150.313
             5     0     2150.303
             6     0     2150.301
             7     0     2150.301
             8     0     2150.301

Binomial odds regression
Additive excess relative risk T0 * (1 + T1 + T2 + ...)

Using (mult==2 or thnod_prev==0)

thnod_prev is used for cases
Bernoulli trials


                            Parameter Summary Table

 # Name                            Estimate     Std.Err.  Test Stat.  P value
-- ----------------------------   ----------   ---------  ----------  --------
Log-linear term 0
 1 %CON.....................         -4.964      0.3443     -14.42    < 0.001
 3 SEX_L_1..................         0.2782      0.1348      2.064     0.0391
 5 obl_mn_2.................        -0.1032      0.1699    -0.6073      > 0.5
 6 obl_mn_3.................        -0.3563      0.2648     -1.345      0.179
 8 UR_RUR_1.................         0.4064      0.1511      2.689    0.00716
 9 lage21...................          4.353      0.8263      5.268    < 0.001

Linear term 1
10 dct7num..................         0.5891      0.3994      1.475       0.14

Log-linear term 1
11 ex5......................        -0.2562     0.06913     -3.706    < 0.001

            Records used        10773

                Deviance     2150.301
                     AIC     2166.301
            Pearson Chi2     10146.67      Degrees of freedom   10765



lrt@

             LR statistic       17.80      Degrees of freedom      1
                  P value     < 0.001

