! Table S2 Points for Figure 2 
! 4-level categorical age at exposure
! remember to add 1 to estimate and lower and upper cis

new @


names 
IDN	byear AGE_EXM AGE_EXP	YEAR_EXM SEX_L	
OBL_M	OBL_86	UR_RUR	ur_rur86
thnod_prev	max_size bigestnodule 
nod_sz2 thcount mult
non_nofnb non_yesfnb sus_fnb nod_neo type_neo
tc	prevcases FA_PREV 	
DOSE_GYAV_S	IODINE	tvolume TSH	TG	atg 
SMOKE_F	VITAM_F		
AIT_TOTF goiter_df_pal cyst NDG_RELF ANY_FHF1
surg_per surg_ref fnb_per fnb_ref concl_cyt
NewDiagnosisRN2
@


skip 1 @

input 'E:\NCI\IR_Nod_Prev_BelAm\Data\dose_tnprev_belam_exclude2.csv' @

Input from E:\NCI\IR_Nod_Prev_BelAm\Data\dose_tnprev_belam_exclude2.csv

       11422 records read       11421 records used
                                    1 records rejected

45 variables defined  At least 500 additional variables can be created.



tran dgy=dose_gyav_s;
     dgy1=dose_gyav_s-1;
     dgysq=dgy*dgy;
     ex2=(age_exp-2);
     ex4=(age_exp-4);
     ex5=(age_exp-5);
     ex8=(age_exp-8);
     ex8sq=ex8*ex8;
     age21=(age_exm-21);
     age21sq=age21*age21;
     lage21 = log(age_exm/21) ;
     lage21sq = lage21^2 ;
     tvol13=(tvolume-13);
     tvol13sq=tvol13*tvol13;
     yob1983=(byear-1983);

     if any_fhf1==-1 then any_fhf1=2 !2 recoded to missing
     endif; 

     if smoke_f==-1 then smoke_f=2
     endif;
     
     if ismiss(goiter_df_pal)==1 then goiter_df_pal=2
     endif;


     if obl_m==1 then obl_mn=2 !Gomel
     elif obl_m==2 or obl_m==4 then obl_mn=1 !Minsk
     else obl_mn=3 !Mogilev and others
     endif;

     if obl_86==1 then obl_86n=2 !Gomel
     elif obl_86==2 or obl_86==4 then obl_86n=1 !Minsk
     else obl_86n=3 !Mogilev and others
     endif;

     if ur_rur86==1 then ur_rur86n=1 !Rural
     elif ur_rur86==2 or ur_rur86==3 or ur_rur86==4 then ur_rur86n=2 !Urban
     endif;

     if tvolume>=18 and sex_l==1 then tvlarge=1 !Thyroid enlargement for women
     elif tvolume>=25 and sex_l==0 then tvlarge=1  !Thyroid enlargement for men
     else tvlarge=0 !Normal thyroid
     endif;

     iod100=(iodine-100);
     iod60=(iodine-60);
     iodinen=iodine;
     if ismiss(iodine)==1 then iodinen=9999
     endif; 


@

 
levels   

SEX_L	
OBL_M	OBL_86 obl_mn obl_86n 	UR_RUR ur_rur86n	ur_rur86 ur_rur86n
thnod_prev	nod_sz2 mult
non_nofnb non_yesfnb sus_fnb nod_neo type_neo
tc	prevcases FA_PREV 	
SMOKE_F	VITAM_F		
AIT_TOTF goiter_df_pal cyst NDG_RELF ANY_FHF1
surg_per surg_ref fnb_per fnb_ref concl_cyt
NewDiagnosisRN2
tvlarge


@

SEX_L has 2 levels from 0 to 1
OBL_M has 5 levels from 1 to 5
OBL_86 has 8 levels from 1 to 8
obl_mn has 3 levels from 1 to 3
obl_86n has 3 levels from 1 to 3
UR_RUR has 2 levels from 0 to 1
ur_rur86n has 2 levels from 1 to 2
ur_rur86 has 4 levels from 1 to 4
ur_rur86n has 2 levels from 1 to 2
thnod_prev has 2 levels from 0 to 1
nod_sz2 has 3 levels from 0 to 2
mult has 3 levels from 0 to 2
non_nofnb has 2 levels from 0 to 1
non_yesfnb has 2 levels from 0 to 1
sus_fnb has 2 levels from 0 to 1
nod_neo has 2 levels from 0 to 1
type_neo has 4 levels from 0 to 3
tc has 4 levels from 0 to 3
prevcases has 2 levels from 0 to 1
FA_PREV has 2 levels from 0 to 1
SMOKE_F has 3 levels from 0 to 2
VITAM_F has 2 levels from 0 to 1
AIT_TOTF has 3 levels from -1 to 1
goiter_df_pal has 3 levels from 0 to 2
cyst has 2 levels from 0 to 1
NDG_RELF has 10 levels from 0 to 9
ANY_FHF1 has 3 levels from 0 to 2
surg_per has 2 levels from 0 to 1
surg_ref has 2 levels from 0 to 1
fnb_per has 2 levels from 0 to 1
fnb_ref has 2 levels from 0 to 1
concl_cyt has 4 levels from 0 to 3
NewDiagnosisRN2 has 1 levels from 1 to 1
tvlarge has 2 levels from 0 to 1

categ byear as dobyrct </1973/ 1978/ 1983/ 1987/ > @

dobyrct has 5 levels from 1 to 5

categ age_exm as agect </ 18/ 25/ > @

agect has 3 levels from 1 to 3

categ age_exp as exct </2/5/ > @ 

exct has 3 levels from 1 to 3

categ year_exm as yearexmct </ 1998/ 1999/ 2000/ 2001/> @

yearexmct has 5 levels from 1 to 5

categ tvolume as tvct </ 8/ 10/ 14/ > @

tvct has 4 levels from 1 to 4

categ iodinen as iodct </20/9998> @

iodct has 3 levels from 1 to 3

categ dgy as dct6  </ 0.1000/ 0.2500/ 0.500/ 1.000/ 2.000/> @

dct6 has 6 levels from 1 to 6

categ dgy as dct7  </ 0.1000/ 0.2500/ 0.500/ 1.000/ 2.000/ 4.000/> @

dct7 has 7 levels from 1 to 7

categ dgy as dct8  </ 0.1000/ 0.2500/ 0.500/ 1.000/ 2.000/ 4.000/6.000> @

dct8 has 8 levels from 1 to 8


cases thnod_prev@

!!!!!!!!!!!!!!!!!!!!!!!!!
!                       !
! All nodules           !
!                       !
!!!!!!!!!!!!!!!!!!!!!!!!!
noselect@


11421 records to be used

freq  thnod_prev @


  FOR: thnod_prev
  Level     Freq     %      Cum %
      0       10540   92.29    92.29
      1         881    7.71   100.00
  Total       11421




nomodel@
logl 0 sex_l lage21  ur_rur obl_mn goiter_df_pal ANY_FHF1 tvlarge@

line 1 dgy*exct@

fit@

          Iter  Step      Deviance

             0     0    15832.868
             1     0     6612.562
             2     0     5818.030
             3     0     5722.946
             4     0     5718.573
             5     0     5718.497
             6     0     5718.496

Binomial odds regression
Additive excess relative risk T0 * (1 + T1 + T2 + ...)

thnod_prev is used for cases
Bernoulli trials


                            Parameter Summary Table

 # Name                            Estimate     Std.Err.  Test Stat.  P value
-- ----------------------------   ----------   ---------  ----------  --------
Log-linear term 0
 1 %CON.....................         -3.466      0.1193     -29.05    < 0.001
 3 SEX_L_1..................         0.2819     0.07457      3.781    < 0.001
 5 UR_RUR_1.................         0.2206     0.07989      2.762    0.00575
 7 obl_mn_2.................        0.09982     0.09304      1.073      0.283
 8 obl_mn_3.................        -0.1882      0.1399     -1.346      0.178
10 goiter_df_pal_1..........          1.016     0.08437      12.04    < 0.001
11 goiter_df_pal_2..........        -0.5165       1.028    -0.5023      > 0.5
13 ANY_FHF1_1...............         0.5063      0.1102      4.596    < 0.001
14 ANY_FHF1_2...............         0.2818      0.2407      1.171      0.242
16 tvlarge_1................         0.6450      0.1167      5.529    < 0.001
17 lage21...................          2.477      0.2085      11.88    < 0.001

Linear term 1
18 exct_1 * dgy.............          1.246       0.331      3.765    < 0.001
19 exct_2 * dgy.............         0.6168      0.1987      3.103    0.00191
20 exct_3 * dgy.............         0.1586     0.07599      2.088     0.0368

            Records used        11421

                Deviance     5718.496
                     AIC     5746.496
            Pearson Chi2     11317.63      Degrees of freedom   11407




bounds 18@

      Profile likelihood bounds for parameter 18 (exct_1 * dgy)

                  MLE      1.246

               97.5% lower bound      0.7223
               97.5% upper bound       2.032


bounds 19@

      Profile likelihood bounds for parameter 19 (exct_2 * dgy)

                  MLE     0.6168

               97.5% lower bound      0.2901
               97.5% upper bound       1.103


bounds 20@  

      Profile likelihood bounds for parameter 20 (exct_3 * dgy)

                  MLE     0.1586

               97.5% lower bound     0.03126
               97.5% upper bound      0.3281



!!!!!!!!!!!!!!!!!!!!!!!!!
!                       !
! Non-neoplastic        !
!                       !
!!!!!!!!!!!!!!!!!!!!!!!!!

select (non_nofnb==1 or non_yesfnb==1 or thnod_prev==0)@

11116 records to be used



freq thnod_prev @


Using (non_nofnb==1 or non_yesfnb==1 or thnod_prev==0)

  FOR: thnod_prev
  Level     Freq     %      Cum %
      0       10540   94.82    94.82
      1         576    5.18   100.00
  Total       11116



!Check
nomodel@
logl 0 sex_l lage21  ur_rur obl_mn goiter_df_pal ANY_FHF1 tvlarge @

line 1 dgy*exct@

logl 1 dgy@

fit@

          Iter  Step      Deviance

             0     0    15410.048
             1     0     5379.733
             2     0     4384.480
             3     0     4225.846
             4     0     4214.861
             5     0     4214.753
             6     0     4214.753
             7     0     4214.753

Binomial odds regression
Additive excess relative risk T0 * (1 + T1 + T2 + ...)

Using (non_nofnb==1 or non_yesfnb==1 or thnod_prev==0)

thnod_prev is used for cases
Bernoulli trials


                            Parameter Summary Table

 # Name                            Estimate     Std.Err.  Test Stat.  P value
-- ----------------------------   ----------   ---------  ----------  --------
Log-linear term 0
 1 %CON.....................         -3.738       0.139      -26.9    < 0.001
 3 SEX_L_1..................         0.1920     0.08979      2.139     0.0325
 5 UR_RUR_1.................         0.3377     0.09843      3.431    < 0.001
 7 obl_mn_2.................        0.05297       0.109     0.4861      > 0.5
 8 obl_mn_3.................        -0.1795      0.1655     -1.085      0.278
10 goiter_df_pal_1..........         0.9917      0.1029      9.642    < 0.001
11 goiter_df_pal_2..........       -0.06114       1.028    -0.0595      > 0.5
13 ANY_FHF1_1...............         0.3429      0.1405       2.44     0.0147
14 ANY_FHF1_2...............         0.2493      0.2975     0.8381      0.402
16 tvlarge_1................         0.6108      0.1406      4.344    < 0.001
17 lage21...................          2.251      0.2244      10.03    < 0.001

Linear term 1
18 exct_1 * dgy.............         0.2519      0.1633      1.542      0.123
19 exct_2 * dgy.............        0.07547     0.07265      1.039      0.299
20 exct_3 * dgy.............        0.05894     0.04929      1.196      0.232

Log-linear term 1
21 dgy......................         0.1162     0.04172      2.785    0.00536

            Records used        11116

                Deviance     4214.753
                     AIC     4244.753
            Pearson Chi2     10957.58      Degrees of freedom   11101




bounds 18@

      Profile likelihood bounds for parameter 18 (exct_1 * dgy)

                  MLE     0.2519

               97.5% lower bound not found last estimate    -0.0363 Deviance  4203.245
               97.5% upper bound      0.7522


 *** WARNING: Parameter lage21 changed by 6.5% MLE may be infinite or may not exist


bounds 19@

      Profile likelihood bounds for parameter 19 (exct_2 * dgy)

                  MLE    0.07547

               97.5% lower bound    0.003299
               97.5% upper bound      0.3392


bounds 20@

      Profile likelihood bounds for parameter 20 (exct_3 * dgy)

                  MLE    0.05894

               97.5% lower bound    -0.01266
               97.5% upper bound      0.1967




nomodel@
logl 0 sex_l lage21  ur_rur obl_mn goiter_df_pal ANY_FHF1 tvlarge @

line 1 dgy*exct@

logl 1 dgy1@

fit@

          Iter  Step      Deviance

             0     0    15410.048
             1     0     5379.733
             2     0     4383.805
             3     0     4225.880
             4     0     4214.862
             5     0     4214.753
             6     0     4214.753
             7     0     4214.753

Binomial odds regression
Additive excess relative risk T0 * (1 + T1 + T2 + ...)

Using (non_nofnb==1 or non_yesfnb==1 or thnod_prev==0)

thnod_prev is used for cases
Bernoulli trials


                            Parameter Summary Table

 # Name                            Estimate     Std.Err.  Test Stat.  P value
-- ----------------------------   ----------   ---------  ----------  --------
Log-linear term 0
 1 %CON.....................         -3.738       0.139      -26.9    < 0.001
 3 SEX_L_1..................         0.1920     0.08979      2.139     0.0325
 5 UR_RUR_1.................         0.3377     0.09843      3.431    < 0.001
 7 obl_mn_2.................        0.05297       0.109     0.4861      > 0.5
 8 obl_mn_3.................        -0.1795      0.1655     -1.085      0.278
10 goiter_df_pal_1..........         0.9917      0.1029      9.642    < 0.001
11 goiter_df_pal_2..........       -0.06114       1.028    -0.0595      > 0.5
13 ANY_FHF1_1...............         0.3429      0.1405       2.44     0.0147
14 ANY_FHF1_2...............         0.2493      0.2975     0.8381      0.402
16 tvlarge_1................         0.6108      0.1406      4.344    < 0.001
17 lage21...................          2.251      0.2244      10.03    < 0.001

Linear term 1
18 exct_1 * dgy.............         0.2829      0.1748      1.618      0.106
19 exct_2 * dgy.............        0.08477     0.07946      1.067      0.286
20 exct_3 * dgy.............        0.06620     0.05427       1.22      0.223

Log-linear term 1
21 dgy1.....................         0.1162     0.04172      2.785    0.00536

            Records used        11116

                Deviance     4214.753
                     AIC     4244.753
            Pearson Chi2     10957.58      Degrees of freedom   11101




bounds 18@

      Profile likelihood bounds for parameter 18 (exct_1 * dgy)

                  MLE     0.2829

               97.5% lower bound not found last estimate   -0.03577 Deviance  4201.856
               97.5% upper bound      0.8017


 *** WARNING: Parameter lage21 changed by 5.6% MLE may be infinite or may not exist


bounds 19@

      Profile likelihood bounds for parameter 19 (exct_2 * dgy)

                  MLE    0.08477

               97.5% lower bound    0.003927
               97.5% upper bound      0.3631


bounds 20@  

      Profile likelihood bounds for parameter 20 (exct_3 * dgy)

                  MLE     0.0662

               97.5% lower bound    -0.01424
               97.5% upper bound      0.2135




!!!!!!!!!!!!!!!!!!!!!!!!!
!                       !
! Neoplastic            !
!                       !
!!!!!!!!!!!!!!!!!!!!!!!!!

select (nod_neo==1 or thnod_prev==0)@

10641 records to be used



freq thnod_prev @


Using (nod_neo==1 or thnod_prev==0)

  FOR: thnod_prev
  Level     Freq     %      Cum %
      0       10540   99.05    99.05
      1         101    0.95   100.00
  Total       10641



nomodel@
logl 0 sex_l lage21  ur_rur obl_mn goiter_df_pal ANY_FHF1 tvlarge @

line 1 dgy*exct@

fit@

          Iter  Step      Deviance

             0     0    14751.558
             1     0     3185.311
             2     0     1599.597
             3     0     1164.750
             4     0     1052.791
             5     0     1030.689
             6     0     1026.872
             7     0     1025.713
             8     0     1025.547
             9     0     1025.535
            10     0     1025.533
            11     0     1025.533
            12     0     1025.533

Binomial odds regression
Additive excess relative risk T0 * (1 + T1 + T2 + ...)

Using (nod_neo==1 or thnod_prev==0)

thnod_prev is used for cases
Bernoulli trials


                            Parameter Summary Table

 # Name                            Estimate     Std.Err.  Test Stat.  P value
-- ----------------------------   ----------   ---------  ----------  --------
Log-linear term 0
 1 %CON.....................         -5.635      0.3618     -15.57    < 0.001
 3 SEX_L_1..................         0.1716      0.2089     0.8217      0.411
 5 UR_RUR_1.................        -0.4188      0.2229     -1.879     0.0603
 7 obl_mn_2.................        -0.2206      0.2688    -0.8206      0.412
 8 obl_mn_3.................        -0.5260      0.4096     -1.284      0.199
10 goiter_df_pal_1..........          1.511      0.2198      6.871    < 0.001
11 goiter_df_pal_2..........         -8.169       149.1   -0.05479      > 0.5
13 ANY_FHF1_1...............         0.8623      0.2656      3.246    0.00117
14 ANY_FHF1_2...............         0.4172      0.6031     0.6918      0.489
16 tvlarge_1................         0.5307       0.322      1.648     0.0993
17 lage21...................          2.614      0.7107      3.679    < 0.001

Linear term 1
18 exct_1 * dgy.............          5.268       3.142      1.677     0.0936
19 exct_2 * dgy.............          3.911       2.077      1.883     0.0597
20 exct_3 * dgy.............         0.5661      0.3786      1.495      0.135

            Records used        10641

                Deviance     1025.533
                     AIC     1053.533
            Pearson Chi2     10537.85      Degrees of freedom   10627




 *** WARNING: Parameter goiter_df_pal_2 changed by 13.9% MLE may be infinite or may not exist


bounds 18@

      Profile likelihood bounds for parameter 18 (exct_1 * dgy)

                  MLE      5.268

               97.5% lower bound       1.528
               97.5% upper bound       17.79


 *** WARNING: Parameter goiter_df_pal_2 changed by 4.1% MLE may be infinite or may not exist


bounds 19@

      Profile likelihood bounds for parameter 19 (exct_2 * dgy)

                  MLE      3.911

               97.5% lower bound       1.079
               97.5% upper bound       12.04


 *** WARNING: Parameter goiter_df_pal_2 changed by 4.3% MLE may be infinite or may not exist


bounds 20@  

      Profile likelihood bounds for parameter 20 (exct_3 * dgy)

                  MLE     0.5661

               97.5% lower bound      0.0175
               97.5% upper bound       1.854


 *** WARNING: Parameter goiter_df_pal_2 changed by 4.1% MLE may be infinite or may not exist



!!!!!!!!!!!!!!!!!!!!!!!!!
!                       !
! Small                 !
!                       !
!!!!!!!!!!!!!!!!!!!!!!!!!


select (nod_sz2==1 or thnod_prev==0)@

11150 records to be used



freq thnod_prev @


Using (nod_sz2==1 or thnod_prev==0)

  FOR: thnod_prev
  Level     Freq     %      Cum %
      0       10540   94.53    94.53
      1         610    5.47   100.00
  Total       11150



nomodel@
logl 0 sex_l lage21  ur_rur obl_mn goiter_df_pal ANY_FHF1 tvlarge @

line 1 dgy*exct@

fit@

          Iter  Step      Deviance

             0     0    15457.182
             1     0     5548.317
             2     0     4597.315
             3     0     4458.417
             4     0     4449.530
             5     0     4449.411
             6     0     4449.411

Binomial odds regression
Additive excess relative risk T0 * (1 + T1 + T2 + ...)

Using (nod_sz2==1 or thnod_prev==0)

thnod_prev is used for cases
Bernoulli trials


                            Parameter Summary Table

 # Name                            Estimate     Std.Err.  Test Stat.  P value
-- ----------------------------   ----------   ---------  ----------  --------
Log-linear term 0
 1 %CON.....................         -3.727      0.1385     -26.91    < 0.001
 3 SEX_L_1..................         0.2088     0.08697      2.401     0.0164
 5 UR_RUR_1.................         0.3159     0.09523      3.317    < 0.001
 7 obl_mn_2.................         0.1267      0.1076      1.178      0.239
 8 obl_mn_3.................        -0.3556      0.1742     -2.041     0.0412
10 goiter_df_pal_1..........         0.8161      0.1032      7.909    < 0.001
11 goiter_df_pal_2..........        -0.2191       1.028    -0.2131      > 0.5
13 ANY_FHF1_1...............         0.5382       0.128      4.206    < 0.001
14 ANY_FHF1_2...............         0.4008      0.2728      1.469      0.142
16 tvlarge_1................         0.5100      0.1442      3.535    < 0.001
17 lage21...................          2.440      0.2366      10.31    < 0.001

Linear term 1
18 exct_1 * dgy.............         0.7771      0.2919      2.663    0.00776
19 exct_2 * dgy.............         0.4276      0.1927       2.22     0.0265
20 exct_3 * dgy.............         0.1002     0.07954       1.26      0.208

            Records used        11150

                Deviance     4449.411
                     AIC     4477.411
            Pearson Chi2     10981.12      Degrees of freedom   11136




bounds 18@

      Profile likelihood bounds for parameter 18 (exct_1 * dgy)

                  MLE     0.7771

               97.5% lower bound      0.3291
               97.5% upper bound        1.51


bounds 19@

      Profile likelihood bounds for parameter 19 (exct_2 * dgy)

                  MLE     0.4276

               97.5% lower bound       0.134
               97.5% upper bound      0.9092


bounds 20@  

      Profile likelihood bounds for parameter 20 (exct_3 * dgy)

                  MLE     0.1002

               97.5% lower bound    -0.02362
               97.5% upper bound      0.2768



!!!!!!!!!!!!!!!!!!!!!!!!!
!                       !
! Large                 !
!                       !
!!!!!!!!!!!!!!!!!!!!!!!!!

select (nod_sz2==2 or thnod_prev==0)@

10811 records to be used



freq thnod_prev @


Using (nod_sz2==2 or thnod_prev==0)

  FOR: thnod_prev
  Level     Freq     %      Cum %
      0       10540   97.49    97.49
      1         271    2.51   100.00
  Total       10811




nomodel@
logl 0 sex_l lage21  ur_rur obl_mn goiter_df_pal ANY_FHF1 tvlarge @

line 1 dgy*exct@

fit@

          Iter  Step      Deviance

             0     0    14987.228
             1     0     3978.565
             2     0     2620.470
             3     0     2306.342
             4     0     2252.201
             5     0     2247.697
             6     0     2247.385
             7     0     2247.360
             8     0     2247.351
             9     0     2247.348
            10     0     2247.347
            11     0     2247.346
            12     0     2247.346

Binomial odds regression
Additive excess relative risk T0 * (1 + T1 + T2 + ...)

Using (nod_sz2==2 or thnod_prev==0)

thnod_prev is used for cases
Bernoulli trials


                            Parameter Summary Table

 # Name                            Estimate     Std.Err.  Test Stat.  P value
-- ----------------------------   ----------   ---------  ----------  --------
Log-linear term 0
 1 %CON.....................         -4.950      0.2192     -22.58    < 0.001
 3 SEX_L_1..................         0.4606      0.1343      3.431    < 0.001
 5 UR_RUR_1.................      -0.003073      0.1361   -0.02257      > 0.5
 7 obl_mn_2.................        0.01044      0.1688    0.06183      > 0.5
 8 obl_mn_3.................        0.08950      0.2246     0.3985      > 0.5
10 goiter_df_pal_1..........          1.420      0.1375      10.33    < 0.001
11 goiter_df_pal_2..........         -9.028       146.7   -0.06152      > 0.5
13 ANY_FHF1_1...............         0.4365      0.1913      2.282     0.0225
14 ANY_FHF1_2...............        0.09938      0.4334     0.2293      > 0.5
16 tvlarge_1................         0.8442      0.1776      4.755    < 0.001
17 lage21...................          2.587      0.3954      6.543    < 0.001

Linear term 1
18 exct_1 * dgy.............          2.853       1.094      2.609    0.00908
19 exct_2 * dgy.............          1.251       0.546      2.292     0.0219
20 exct_3 * dgy.............         0.3704      0.1787      2.073     0.0382

            Records used        10811

                Deviance     2247.346
                     AIC     2275.346
            Pearson Chi2      11149.2      Degrees of freedom   10797




 *** WARNING: Parameter goiter_df_pal_2 changed by 12.4% MLE may be infinite or may not exist


bounds 18@

      Profile likelihood bounds for parameter 18 (exct_1 * dgy)

                  MLE      2.853

               97.5% lower bound       1.326
               97.5% upper bound       5.902


 *** WARNING: Parameter goiter_df_pal_2 changed by 4.5% MLE may be infinite or may not exist


bounds 19@

      Profile likelihood bounds for parameter 19 (exct_2 * dgy)

                  MLE      1.251

               97.5% lower bound      0.4358
               97.5% upper bound       2.805


 *** WARNING: Parameter goiter_df_pal_2 changed by 5.0% MLE may be infinite or may not exist


bounds 20@  

      Profile likelihood bounds for parameter 20 (exct_3 * dgy)

                  MLE     0.3704

               97.5% lower bound     0.08094
               97.5% upper bound      0.8236


 *** WARNING: Parameter goiter_df_pal_2 changed by 5.0% MLE may be infinite or may not exist



!!!!!!!!!!!!!!!!!!!!!!!!!
!                       !
! Single                !
!                       !
!!!!!!!!!!!!!!!!!!!!!!!!!


select (mult==1 or thnod_prev==0)@

11188 records to be used



freq thnod_prev @


Using (mult==1 or thnod_prev==0)

  FOR: thnod_prev
  Level     Freq     %      Cum %
      0       10540   94.21    94.21
      1         648    5.79   100.00
  Total       11188




nomodel@
logl 0 sex_l lage21  ur_rur obl_mn goiter_df_pal ANY_FHF1 tvlarge @

line 1 dgy*exct@

fit@

          Iter  Step      Deviance

             0     0    15509.861
             1     0     5703.430
             2     0     4782.246
             3     0     4655.198
             4     0     4647.772
             5     0     4647.604
             6     0     4647.600
             7     0     4647.600

Binomial odds regression
Additive excess relative risk T0 * (1 + T1 + T2 + ...)

Using (mult==1 or thnod_prev==0)

thnod_prev is used for cases
Bernoulli trials


                            Parameter Summary Table

 # Name                            Estimate     Std.Err.  Test Stat.  P value
-- ----------------------------   ----------   ---------  ----------  --------
Log-linear term 0
 1 %CON.....................         -3.704      0.1365     -27.13    < 0.001
 3 SEX_L_1..................         0.3578     0.08564      4.178    < 0.001
 5 UR_RUR_1.................         0.1301     0.09063      1.436      0.151
 7 obl_mn_2.................         0.1271      0.1074      1.184      0.236
 8 obl_mn_3.................        -0.1147      0.1593    -0.7199      0.472
10 goiter_df_pal_1..........         0.9734     0.09643      10.09    < 0.001
11 goiter_df_pal_2..........        -0.2292       1.026    -0.2233      > 0.5
13 ANY_FHF1_1...............         0.4580      0.1267      3.614    < 0.001
14 ANY_FHF1_2...............         0.2427      0.2813      0.863      0.388
16 tvlarge_1................         0.4318      0.1404      3.076     0.0021
17 lage21...................          2.169      0.2319      9.353    < 0.001

Linear term 1
18 exct_1 * dgy.............          1.028      0.3172      3.242    0.00119
19 exct_2 * dgy.............         0.4771      0.1922      2.482     0.0131
20 exct_3 * dgy.............         0.1796     0.08939      2.009     0.0446

            Records used        11188

                Deviance       4647.6
                     AIC       4675.6
            Pearson Chi2     11097.86      Degrees of freedom   11174




bounds 18@

      Profile likelihood bounds for parameter 18 (exct_1 * dgy)

                  MLE      1.028

               97.5% lower bound      0.5434
               97.5% upper bound       1.792


bounds 19@

      Profile likelihood bounds for parameter 19 (exct_2 * dgy)

                  MLE     0.4771

               97.5% lower bound      0.1542
               97.5% upper bound       0.985


bounds 20@  

      Profile likelihood bounds for parameter 20 (exct_3 * dgy)

                  MLE     0.1796

               97.5% lower bound     0.03158
               97.5% upper bound      0.3831



!!!!!!!!!!!!!!!!!!!!!!!!!
!                       !
! Multiple              !
!                       !
!!!!!!!!!!!!!!!!!!!!!!!!!


select (mult==2 or thnod_prev==0)@

10773 records to be used



freq thnod_prev @


Using (mult==2 or thnod_prev==0)

  FOR: thnod_prev
  Level     Freq     %      Cum %
      0       10540   97.84    97.84
      1         233    2.16   100.00
  Total       10773



!Check
nomodel@
logl 0 sex_l lage21  ur_rur obl_mn goiter_df_pal ANY_FHF1 tvlarge @

line 1 dgy*exct@

logl 1 dgy@

fit@

          Iter  Step      Deviance

             0     0    14934.549
             1     0     3811.707
             2     0     2416.452
             3     0     2073.751
             4     0     2007.766
             5     0     2000.717
             6     0     1999.876
             7     0     1999.755
             8     0     1999.740
             9     0     1999.736
            10     0     1999.735
            11     0     1999.734
            12     0     1999.734

Binomial odds regression
Additive excess relative risk T0 * (1 + T1 + T2 + ...)

Using (mult==2 or thnod_prev==0)

thnod_prev is used for cases
Bernoulli trials


                            Parameter Summary Table

 # Name                            Estimate     Std.Err.  Test Stat.  P value
-- ----------------------------   ----------   ---------  ----------  --------
Log-linear term 0
 1 %CON.....................         -5.008      0.2244     -22.32    < 0.001
 3 SEX_L_1..................        0.07424      0.1397     0.5315      > 0.5
 5 UR_RUR_1.................         0.4919      0.1551      3.171    0.00152
 7 obl_mn_2.................        0.02716      0.1695     0.1602      > 0.5
 8 obl_mn_3.................        -0.3786      0.2667     -1.419      0.156
10 goiter_df_pal_1..........          1.131      0.1554      7.278    < 0.001
11 goiter_df_pal_2..........         -8.916       143.4   -0.06216      > 0.5
13 ANY_FHF1_1...............         0.6623      0.1969      3.363    < 0.001
14 ANY_FHF1_2...............         0.4768      0.4065      1.173      0.241
16 tvlarge_1................          1.068      0.1878       5.69    < 0.001
17 lage21...................          3.220      0.4067      7.918    < 0.001

Linear term 1
18 exct_1 * dgy.............          1.067      0.6661      1.601      0.109
19 exct_2 * dgy.............         0.5310      0.3626      1.464      0.143
20 exct_3 * dgy.............        0.06450     0.08189     0.7877      0.431

Log-linear term 1
21 dgy......................        0.09575     0.03949      2.425     0.0153

            Records used        10773

                Deviance     1999.734
                     AIC     2029.734
            Pearson Chi2     10698.85      Degrees of freedom   10758




 *** WARNING: Parameter goiter_df_pal_2 changed by 12.6% MLE may be infinite or may not exist




nomodel@
logl 0 sex_l lage21  ur_rur obl_mn goiter_df_pal ANY_FHF1 tvlarge @

line 1 dgy*exct@

logl 1 dgy1@

fit@

          Iter  Step      Deviance

             0     0    14934.549
             1     0     3811.707
             2     0     2415.963
             3     0     2073.850
             4     0     2007.799
             5     0     2000.735
             6     0     1999.877
             7     0     1999.755
             8     0     1999.740
             9     0     1999.736
            10     0     1999.735
            11     0     1999.734
            12     0     1999.734

Binomial odds regression
Additive excess relative risk T0 * (1 + T1 + T2 + ...)

Using (mult==2 or thnod_prev==0)

thnod_prev is used for cases
Bernoulli trials


                            Parameter Summary Table

 # Name                            Estimate     Std.Err.  Test Stat.  P value
-- ----------------------------   ----------   ---------  ----------  --------
Log-linear term 0
 1 %CON.....................         -5.008      0.2244     -22.32    < 0.001
 3 SEX_L_1..................        0.07424      0.1397     0.5315      > 0.5
 5 UR_RUR_1.................         0.4919      0.1551      3.171    0.00152
 7 obl_mn_2.................        0.02716      0.1695     0.1602      > 0.5
 8 obl_mn_3.................        -0.3786      0.2667     -1.419      0.156
10 goiter_df_pal_1..........          1.131      0.1554      7.278    < 0.001
11 goiter_df_pal_2..........         -8.916       143.4   -0.06218      > 0.5
13 ANY_FHF1_1...............         0.6623      0.1969      3.363    < 0.001
14 ANY_FHF1_2...............         0.4768      0.4065      1.173      0.241
16 tvlarge_1................          1.068      0.1878       5.69    < 0.001
17 lage21...................          3.220      0.4067      7.918    < 0.001

Linear term 1
18 exct_1 * dgy.............          1.174      0.7059      1.663     0.0964
19 exct_2 * dgy.............         0.5844      0.3864      1.512      0.131
20 exct_3 * dgy.............        0.07099     0.08948     0.7933      0.428

Log-linear term 1
21 dgy1.....................        0.09575     0.03949      2.425     0.0153

            Records used        10773

                Deviance     1999.734
                     AIC     2029.734
            Pearson Chi2     10698.85      Degrees of freedom   10758




 *** WARNING: Parameter goiter_df_pal_2 changed by 12.6% MLE may be infinite or may not exist


bounds 18@

      Profile likelihood bounds for parameter 18 (exct_1 * dgy)

                  MLE      1.174

               97.5% lower bound      0.1858
               97.5% upper bound       3.699


 *** WARNING: Parameter goiter_df_pal_2 changed by 4.7% MLE may be infinite or may not exist


bounds 19@

      Profile likelihood bounds for parameter 19 (exct_2 * dgy)

                  MLE     0.5844

               97.5% lower bound not found last estimate      0.125 Deviance  2003.572
               97.5% upper bound       1.806


 *** WARNING: Parameter goiter_df_pal_2 changed by 4.0% MLE may be infinite or may not exist


bounds 20@  

      Profile likelihood bounds for parameter 20 (exct_3 * dgy)

                  MLE    0.07099

               97.5% lower bound not found last estimate   -0.03157 Deviance  2001.851
               97.5% upper bound      0.3373


 *** WARNING: Parameter goiter_df_pal_2 changed by 5.0% MLE may be infinite or may not exist



