! Fig 1 categorical dose response ORs, need to add 1

new@


names 
IDN	byear AGE_EXM AGE_EXP	YEAR_EXM SEX_L	
OBL_M	OBL_86	UR_RUR	ur_rur86
thnod_prev	max_size bigestnodule 
nod_sz2 thcount mult
non_nofnb non_yesfnb sus_fnb nod_neo type_neo
tc	prevcases FA_PREV 	
DOSE_GYAV_S	IODINE	tvolume TSH	TG	atg 
SMOKE_F	VITAM_F		
AIT_TOTF goiter_df_pal cyst NDG_RELF ANY_FHF1
surg_per surg_ref fnb_per fnb_ref concl_cyt
NewDiagnosisRN2
@


skip 1 @

input 'E:\NCI\IR_Nod_Prev_BelAm\Data\dose_tnprev_belam_exclude2.csv' @

Input from E:\NCI\IR_Nod_Prev_BelAm\Data\dose_tnprev_belam_exclude2.csv

       11422 records read       11421 records used
                                    1 records rejected

45 variables defined  At least 500 additional variables can be created.



tran dgy=dose_gyav_s;
     dgysq=dgy*dgy;
     ex2=(age_exp-2);
     ex4=(age_exp-4);
     ex5=(age_exp-5);
     ex8=(age_exp-8);
     ex8sq=ex8*ex8;
     age21=(age_exm-21);
     age21sq=age21*age21;
     lage21 = log(age_exm/21) ;
     lage21sq = lage21^2 ;
     tvol13=(tvolume-13);
     tvol13sq=tvol13*tvol13;
     yob1983=(byear-1983);

     if any_fhf1==-1 then any_fhf1=2 !2 recoded to missing
     endif; 

     if smoke_f==-1 then smoke_f=2
     endif;
     
     if ismiss(goiter_df_pal)==1 then goiter_df_pal=2
     endif;


     if obl_m==1 then obl_mn=2 !Gomel
     elif obl_m==2 or obl_m==4 then obl_mn=1 !Minsk
     else obl_mn=3 !Mogilev and others
     endif;

     if obl_86==1 then obl_86n=2 !Gomel
     elif obl_86==2 or obl_86==4 then obl_86n=1 !Minsk
     else obl_86n=3 !Mogilev and others
     endif;

     if ur_rur86==1 then ur_rur86n=1 !Rural
     elif ur_rur86==2 or ur_rur86==3 or ur_rur86==4 then ur_rur86n=2 !Urban
     endif;

     if tvolume>=18 and sex_l==1 then tvlarge=1 !Thyroid enlargement for women
     elif tvolume>=25 and sex_l==0 then tvlarge=1  !Thyroid enlargement for men
     else tvlarge=0 !Normal thyroid
     endif;

     iod100=(iodine-100);
     iod60=(iodine-60);
     iodinen=iodine;
     if ismiss(iodine)==1 then iodinen=9999
     endif; 


@

 
levels   

SEX_L	
OBL_M	OBL_86 obl_mn obl_86n 	UR_RUR ur_rur86n	ur_rur86 ur_rur86n
thnod_prev	nod_sz2 mult
non_nofnb non_yesfnb sus_fnb nod_neo type_neo
tc	prevcases FA_PREV 	
SMOKE_F	VITAM_F		
AIT_TOTF goiter_df_pal cyst NDG_RELF ANY_FHF1
surg_per surg_ref fnb_per fnb_ref concl_cyt
NewDiagnosisRN2
tvlarge


@

SEX_L has 2 levels from 0 to 1
OBL_M has 5 levels from 1 to 5
OBL_86 has 8 levels from 1 to 8
obl_mn has 3 levels from 1 to 3
obl_86n has 3 levels from 1 to 3
UR_RUR has 2 levels from 0 to 1
ur_rur86n has 2 levels from 1 to 2
ur_rur86 has 4 levels from 1 to 4
ur_rur86n has 2 levels from 1 to 2
thnod_prev has 2 levels from 0 to 1
nod_sz2 has 3 levels from 0 to 2
mult has 3 levels from 0 to 2
non_nofnb has 2 levels from 0 to 1
non_yesfnb has 2 levels from 0 to 1
sus_fnb has 2 levels from 0 to 1
nod_neo has 2 levels from 0 to 1
type_neo has 4 levels from 0 to 3
tc has 4 levels from 0 to 3
prevcases has 2 levels from 0 to 1
FA_PREV has 2 levels from 0 to 1
SMOKE_F has 3 levels from 0 to 2
VITAM_F has 2 levels from 0 to 1
AIT_TOTF has 3 levels from -1 to 1
goiter_df_pal has 3 levels from 0 to 2
cyst has 2 levels from 0 to 1
NDG_RELF has 10 levels from 0 to 9
ANY_FHF1 has 3 levels from 0 to 2
surg_per has 2 levels from 0 to 1
surg_ref has 2 levels from 0 to 1
fnb_per has 2 levels from 0 to 1
fnb_ref has 2 levels from 0 to 1
concl_cyt has 4 levels from 0 to 3
NewDiagnosisRN2 has 1 levels from 1 to 1
tvlarge has 2 levels from 0 to 1

categ byear as dobyrct </1973/ 1978/ 1983/ 1987/ > @

dobyrct has 5 levels from 1 to 5

categ age_exm as agect </ 18/ 25/ > @

agect has 3 levels from 1 to 3

categ age_exp as exct </2/5/ > @ 

exct has 3 levels from 1 to 3

categ year_exm as yearexmct </ 1998/ 1999/ 2000/ 2001/> @

yearexmct has 5 levels from 1 to 5

categ tvolume as tvct </ 8/ 10/ 14/ > @

tvct has 4 levels from 1 to 4

categ iodinen as iodct </20/9998> @

iodct has 3 levels from 1 to 3

categ dgy as dct6  </ 0.1000/ 0.2500/ 0.500/ 1.000/ 2.000/> @

dct6 has 6 levels from 1 to 6

categ dgy as dct7  </ 0.1000/ 0.2500/ 0.500/ 1.000/ 2.000/ 5.000/> @

dct7 has 7 levels from 1 to 7

categ dgy as dct8  </ 0.1000/ 0.2500/ 0.500/ 1.000/ 2.000/ 4.000/6.000> @

dct8 has 8 levels from 1 to 8


tran 
if        dct7==1 then dct7num=1
     elif dct7==2 then dct7num=2
     elif dct7==3 then dct7num=3
     elif dct7==4 then dct7num=4
     elif dct7==5 then dct7num=5
     elif dct7==6 then dct7num=6
     else              dct7num=7
     endif;

@


cases thnod_prev@
freq thnod_prev @


  FOR: thnod_prev
  Level     Freq     %      Cum %
      0       10540   92.29    92.29
      1         881    7.71   100.00
  Total       11421


select dgy<5@

11246 records to be used


quantile dgy; by dct7@

  Variable: dgy

Using dgy<5

For dct7 = 1


  Minimum     0.00054
      25%     0.01816
      50%     0.03882
    Mean    0.0433073
      75%      0.0677
  Maximum     0.09995

  Using 3203 records 


Using dgy<5

For dct7 = 2


  Minimum     0.10006
      25%      0.1286
      50%     0.16196
    Mean     0.166737
      75%     0.20269
  Maximum     0.24998

  Using 2307 records 


Using dgy<5

For dct7 = 3


  Minimum        0.25
      25%     0.30182
      50%     0.35704
    Mean     0.363574
      75%     0.42299
  Maximum     0.49963

  Using 2119 records 


Using dgy<5

For dct7 = 4


  Minimum     0.50035
      25%     0.58603
      50%     0.68807
    Mean      0.70744
      75%     0.81741
  Maximum      0.9998

  Using 1811 records 


Using dgy<5

For dct7 = 5


  Minimum     1.00055
      25%     1.16248
      50%      1.3371
    Mean      1.39185
      75%     1.59323
  Maximum     1.99976

  Using 1186 records 


Using dgy<5

For dct7 = 6


  Minimum     2.00424
      25%     2.33656
      50%     2.73208
    Mean      2.96272
      75%     3.51423
  Maximum     4.99373

  Using 620 records 


Using dgy<5

For dct7 = 7


 *** No useable records ***


!!!!!!!!!!!!!!!!!!!!!!!!!
!                       !
! All nodules           !
!                       !
!!!!!!!!!!!!!!!!!!!!!!!!!

freq dct7 thnod_prev @

Entries:
         count

Using dgy<5

             thnod_prev
dct7       |         0         1 |  Total
-----------+---------------------+----------
      1    |      2972       231 |      3203
      2    |      2138       169 |      2307
      3    |      1961       158 |      2119
      4    |      1682       129 |      1811
      5    |      1076       110 |      1186
      6    |       565        55 |       620
      7    |         0         0 |         0
-----------+---------------------+----------
     Total |     10394       852 |     11246



nomodel@
logl 0 sex_l lage21 ur_rur obl_mn goiter_df_pal tvlarge any_fhf1@ 

line 1 dct7 @ 

logl 1 ex5@

para 18=0@

fit@

          Iter  Step      Deviance

             0     0    15590.266
             1     0     6476.776
             2     0     5703.165
             3     0     5579.670
             4     0     5573.868
             5     0     5573.767
             6     0     5573.766
             7     0     5573.766

Binomial odds regression
Additive excess relative risk T0 * (1 + T1 + T2 + ...)

Using dgy<5

thnod_prev is used for cases
Bernoulli trials


                            Parameter Summary Table

 # Name                            Estimate     Std.Err.  Test Stat.  P value
-- ----------------------------   ----------   ---------  ----------  --------
Log-linear term 0
 1 %CON.....................         -3.533      0.1297     -27.23    < 0.001
 3 SEX_L_1..................         0.2720     0.07558      3.598    < 0.001
 5 UR_RUR_1.................         0.2398     0.08135      2.948     0.0032
 7 obl_mn_2.................        0.07224     0.09623     0.7506      0.453
 8 obl_mn_3.................        -0.2224      0.1426      -1.56      0.119
10 goiter_df_pal_1..........          1.024     0.08595      11.91    < 0.001
11 goiter_df_pal_2..........        -0.5580       1.029    -0.5423      > 0.5
13 tvlarge_1................         0.6627      0.1171      5.661    < 0.001
15 ANY_FHF1_1...............         0.4904      0.1125      4.359    < 0.001
16 ANY_FHF1_2...............         0.2978      0.2448      1.217      0.224
17 lage21...................          2.866      0.2885      9.933    < 0.001

Linear term 1
18 dct7_1...................          0.000       Fixed      0.9744       0.33
19 dct7_2...................         0.1174      0.1719     0.6828      0.495
20 dct7_3...................         0.3689      0.2208      1.671     0.0948
21 dct7_4...................         0.4565      0.2476      1.843     0.0653
22 dct7_5...................          1.448      0.4694      3.084    0.00204
23 dct7_6...................          1.427      0.5337      2.674     0.0075
24 dct7_7...................          0.000     Aliased

Log-linear term 1
25 ex5......................        -0.2587     0.05767     -4.485    < 0.001

            Records used        11246

                Deviance     5573.766
                     AIC     5607.766
            Pearson Chi2     11134.59      Degrees of freedom   11229




bounds 19@  

      Profile likelihood bounds for parameter 19 (dct7_2)

                  MLE     0.1174

               97.5% lower bound     -0.1663
               97.5% upper bound      0.6076


bounds 20@

      Profile likelihood bounds for parameter 20 (dct7_3)

                  MLE     0.3689

               97.5% lower bound     0.02417
               97.5% upper bound      0.9281


bounds 21@

      Profile likelihood bounds for parameter 21 (dct7_4)

                  MLE     0.4565

               97.5% lower bound     0.06309
               97.5% upper bound       1.085


bounds 22@

      Profile likelihood bounds for parameter 22 (dct7_5)

                  MLE      1.448

               97.5% lower bound      0.6014
               97.5% upper bound       2.599


bounds 23@

      Profile likelihood bounds for parameter 23 (dct7_6)

                  MLE      1.427

               97.5% lower bound      0.5726
               97.5% upper bound       2.751



!!!!!!!!!!!!!!!!!!!!!!!!!
!                       !
! Non-neoplastic        !
!                       !
!!!!!!!!!!!!!!!!!!!!!!!!!

select (non_nofnb==1 or non_yesfnb==1 or thnod_prev==0) and dgy<5 @

10953 records to be used



freq dct7 thnod_prev @

Entries:
         count

Using (non_nofnb==1 or non_yesfnb==1 or thnod_prev==0) and dgy<5 

             thnod_prev
dct7       |         0         1 |  Total
-----------+---------------------+----------
      1    |      2972       174 |      3146
      2    |      2138       114 |      2252
      3    |      1961        99 |      2060
      4    |      1682        77 |      1759
      5    |      1076        71 |      1147
      6    |       565        24 |       589
      7    |         0         0 |         0
-----------+---------------------+----------
     Total |     10394       559 |     10953



nomodel@
logl 0 sex_l lage21 ur_rur obl_mn goiter_df_pal tvlarge any_fhf1@ 

line 1 dct7 @ 

logl 1 ex5@

para 18=0@

fit@

          Iter  Step      Deviance

             0     0    15184.082
             1     0     5280.001
             2     0     4296.940
             3     0     4144.052
             4     0     4132.255
             5     0     4131.241
             6     0     4130.796
             7     0     4130.653
             8     0     4130.597
             9     0     4130.576
            10     0     4130.562
            11     0     4130.556
            12     0     4130.552
            13     0     4130.550
            14     0     4130.548
            15     0     4130.547
            16     0     4130.547
            17     0     4130.547
            18     0     4130.546

Binomial odds regression
Additive excess relative risk T0 * (1 + T1 + T2 + ...)

Using (non_nofnb==1 or non_yesfnb==1 or thnod_prev==0) and dgy<5 

thnod_prev is used for cases
Bernoulli trials


                            Parameter Summary Table

 # Name                            Estimate     Std.Err.  Test Stat.  P value
-- ----------------------------   ----------   ---------  ----------  --------
Log-linear term 0
 1 %CON.....................         -3.770      0.1514      -24.9    < 0.001
 3 SEX_L_1..................         0.1715     0.09076       1.89     0.0588
 5 UR_RUR_1.................         0.3616      0.1004      3.601    < 0.001
 7 obl_mn_2.................        0.03506      0.1144     0.3064      > 0.5
 8 obl_mn_3.................        -0.1845      0.1685     -1.095      0.274
10 goiter_df_pal_1..........         0.9682      0.1049      9.231    < 0.001
11 goiter_df_pal_2..........        -0.1058       1.028    -0.1029      > 0.5
13 tvlarge_1................         0.6375       0.141      4.522    < 0.001
15 ANY_FHF1_1...............         0.3472      0.1421      2.443     0.0146
16 ANY_FHF1_2...............         0.2968       0.299     0.9924      0.321
17 lage21...................          2.431      0.3234      7.517    < 0.001

Linear term 1
18 dct7_1...................          0.000       Fixed       1.556       0.12
19 dct7_2...................       -0.06390      0.1705    -0.3747      > 0.5
20 dct7_3...................         0.1413      0.2133     0.6624      > 0.5
21 dct7_4...................        0.09037      0.2143     0.4216      > 0.5
22 dct7_5...................         0.8389      0.4018      2.088     0.0368
23 dct7_6...................         0.4657      0.3812      1.222      0.222
24 dct7_7...................          0.000     Aliased

Log-linear term 1
25 ex5......................        -0.1952      0.0953     -2.048     0.0405

            Records used        10953

                Deviance     4130.546
                     AIC     4164.546
            Pearson Chi2     10753.62      Degrees of freedom   10936




bounds 19@  

      Profile likelihood bounds for parameter 19 (dct7_2)

                  MLE    -0.0639

               97.5% lower bound     -0.3505
               97.5% upper bound      0.4068


bounds 20@

      Profile likelihood bounds for parameter 20 (dct7_3)

                  MLE     0.1413

               97.5% lower bound     -0.2231
               97.5% upper bound      0.6371


bounds 21@

      Profile likelihood bounds for parameter 21 (dct7_4)

                  MLE    0.09037

               97.5% lower bound       -0.27
               97.5% upper bound      0.6488


bounds 22@

      Profile likelihood bounds for parameter 22 (dct7_5)

                  MLE     0.8389

               97.5% lower bound not found last estimate    -0.2084 Deviance    4100.7
               97.5% upper bound       1.864


bounds 23@

      Profile likelihood bounds for parameter 23 (dct7_6)

                  MLE     0.4657

               97.5% lower bound    -0.09654
               97.5% upper bound       1.398





!!!!!!!!!!!!!!!!!!!!!!!!!
!                       !
! Suspicous             !
!                       !
!!!!!!!!!!!!!!!!!!!!!!!!!

select (sus_fnb==1 or thnod_prev==0) and dgy<5 @

10591 records to be used



freq dct7 thnod_prev @

Entries:
         count

Using (sus_fnb==1 or thnod_prev==0) and dgy<5 

             thnod_prev
dct7       |         0         1 |  Total
-----------+---------------------+----------
      1    |      2972        45 |      3017
      2    |      2138        40 |      2178
      3    |      1961        42 |      2003
      4    |      1682        32 |      1714
      5    |      1076        21 |      1097
      6    |       565        17 |       582
      7    |         0         0 |         0
-----------+---------------------+----------
     Total |     10394       197 |     10591



nomodel@
logl 0 sex_l lage21 ur_rur obl_mn goiter_df_pal tvlarge any_fhf1@ 

line 1 dct7 @ 

logl 1 ex5@

para 18=0@

fit@

          Iter  Step      Deviance

             0     0    14682.244
             1     0     3620.877
             2     0     2215.217
             3     0     1872.623
             4     0     1800.095
             5     0     1791.946
             6     0     1790.324
             7     0     1790.125
             8     0     1790.095
             9     0     1790.090
            10     0     1790.088
            11     0     1790.088
            12     0     1790.087

Binomial odds regression
Additive excess relative risk T0 * (1 + T1 + T2 + ...)

Using (sus_fnb==1 or thnod_prev==0) and dgy<5 

thnod_prev is used for cases
Bernoulli trials


                            Parameter Summary Table

 # Name                            Estimate     Std.Err.  Test Stat.  P value
-- ----------------------------   ----------   ---------  ----------  --------
Log-linear term 0
 1 %CON.....................         -5.972       0.318     -18.78    < 0.001
 3 SEX_L_1..................         0.6608      0.1588       4.16    < 0.001
 5 UR_RUR_1.................         0.2785       0.159      1.752     0.0799
 7 obl_mn_2.................         0.2664      0.2053      1.297      0.194
 8 obl_mn_3.................        -0.2013      0.3031     -0.664      > 0.5
10 goiter_df_pal_1..........         0.8923      0.1737      5.136    < 0.001
11 goiter_df_pal_2..........         -9.203       150.2   -0.06128      > 0.5
13 tvlarge_1................         0.7298      0.2179       3.35    < 0.001
15 ANY_FHF1_1...............         0.7053      0.2044      3.451    < 0.001
16 ANY_FHF1_2...............         0.3334      0.4694     0.7102      0.478
17 lage21...................          4.586      0.7495      6.118    < 0.001

Linear term 1
18 dct7_1...................          0.000       Fixed      0.5621      > 0.5
19 dct7_2...................          1.624       1.121      1.448      0.148
20 dct7_3...................          2.599       1.493      1.741     0.0817
21 dct7_4...................          2.280       1.459      1.563      0.118
22 dct7_5...................          4.452       2.459       1.81     0.0702
23 dct7_6...................          6.285       3.509      1.791     0.0733
24 dct7_7...................          0.000     Aliased

Log-linear term 1
25 ex5......................        -0.2663     0.06405     -4.157    < 0.001

            Records used        10591

                Deviance     1790.087
                     AIC     1824.087
            Pearson Chi2     10052.82      Degrees of freedom   10574




 *** WARNING: Parameter goiter_df_pal_2 changed by 12.1% MLE may be infinite or may not exist


bounds 19@  

      Profile likelihood bounds for parameter 19 (dct7_2)

                  MLE      1.624

               97.5% lower bound      0.1201
               97.5% upper bound       5.415


 *** WARNING: Parameter goiter_df_pal_2 changed by 3.9% MLE may be infinite or may not exist


bounds 20@

      Profile likelihood bounds for parameter 20 (dct7_3)

                  MLE      2.599

               97.5% lower bound      0.4051
               97.5% upper bound       7.834


 *** WARNING: Parameter goiter_df_pal_2 changed by 3.9% MLE may be infinite or may not exist


bounds 21@

      Profile likelihood bounds for parameter 21 (dct7_4)

                  MLE       2.28

               97.5% lower bound      0.3209
               97.5% upper bound       7.395


 *** WARNING: Parameter goiter_df_pal_2 changed by 3.9% MLE may be infinite or may not exist


bounds 22@

      Profile likelihood bounds for parameter 22 (dct7_5)

                  MLE      4.452

               97.5% lower bound       1.377
               97.5% upper bound        12.3


 *** WARNING: Parameter goiter_df_pal_2 changed by 3.3% MLE may be infinite or may not exist


bounds 23@

      Profile likelihood bounds for parameter 23 (dct7_6)

                  MLE      6.285

               97.5% lower bound        1.53
               97.5% upper bound        18.9


 *** WARNING: Parameter goiter_df_pal_2 changed by 3.9% MLE may be infinite or may not exist




!!!!!!!!!!!!!!!!!!!!!!!!!
!                       !
! Neoplastic            !
!                       !
!!!!!!!!!!!!!!!!!!!!!!!!!

select (nod_neo==1 or thnod_prev==0) and dgy<5 @

10490 records to be used



freq dct7 thnod_prev @

Entries:
         count

Using (nod_neo==1 or thnod_prev==0) and dgy<5 

             thnod_prev
dct7       |         0         1 |  Total
-----------+---------------------+----------
      1    |      2972        12 |      2984
      2    |      2138        15 |      2153
      3    |      1961        17 |      1978
      4    |      1682        20 |      1702
      5    |      1076        18 |      1094
      6    |       565        14 |       579
      7    |         0         0 |         0
-----------+---------------------+----------
     Total |     10394        96 |     10490



nomodel@
logl 0 sex_l lage21 ur_rur obl_mn goiter_df_pal tvlarge any_fhf1@ 

line 1 dct7 @ 

logl 1 ex5@

para 18=0@

fit@

          Iter  Step      Deviance

             0     0    14542.228
             1     0     3125.134
             2     0     1559.962
             3     0     1122.743
             4     0     1009.071
             5     0      987.284
             6     0      984.787
             7     0      984.499
             8     0      984.491
             9     0      984.487
            10     0      984.486
            11     0      984.486
            12     0      984.486

Binomial odds regression
Additive excess relative risk T0 * (1 + T1 + T2 + ...)

Using (nod_neo==1 or thnod_prev==0) and dgy<5 

thnod_prev is used for cases
Bernoulli trials


                            Parameter Summary Table

 # Name                            Estimate     Std.Err.  Test Stat.  P value
-- ----------------------------   ----------   ---------  ----------  --------
Log-linear term 0
 1 %CON.....................         -5.680      0.3956     -14.36    < 0.001
 3 SEX_L_1..................         0.1223      0.2127      0.575      > 0.5
 5 UR_RUR_1.................        -0.4611      0.2257     -2.043      0.041
 7 obl_mn_2.................        -0.1920      0.2736    -0.7016      0.483
 8 obl_mn_3.................        -0.5672      0.4155     -1.365      0.172
10 goiter_df_pal_1..........          1.599      0.2252      7.099    < 0.001
11 goiter_df_pal_2..........         -8.429         153   -0.05509      > 0.5
13 tvlarge_1................         0.5251      0.3231      1.625      0.104
15 ANY_FHF1_1...............         0.7458      0.2827      2.638    0.00834
16 ANY_FHF1_2...............         0.4720      0.6037     0.7818      0.434
17 lage21...................          3.385      0.9624      3.518    < 0.001

Linear term 1
18 dct7_1...................          0.000       Fixed     -0.3521      > 0.5
19 dct7_2...................         0.5162      0.7817     0.6604      > 0.5
20 dct7_3...................          1.018        1.04     0.9792      0.327
21 dct7_4...................          2.405       1.805      1.333      0.183
22 dct7_5...................          4.894       3.232      1.514       0.13
23 dct7_6...................          6.723       4.535      1.483      0.138
24 dct7_7...................          0.000     Aliased

Log-linear term 1
25 ex5......................        -0.3402     0.08936     -3.808    < 0.001

            Records used        10490

                Deviance      984.486
                     AIC      1018.49
            Pearson Chi2        10023      Degrees of freedom   10473




 *** WARNING: Parameter goiter_df_pal_2 changed by 13.4% MLE may be infinite or may not exist


bounds 19@  

      Profile likelihood bounds for parameter 19 (dct7_2)

                  MLE     0.5162

               97.5% lower bound not found last estimate     -1.559 Deviance   950.829
               97.5% upper bound       5.827


 *** WARNING: Parameter goiter_df_pal_2 changed by 3.6% MLE may be infinite or may not exist


bounds 20@

      Profile likelihood bounds for parameter 20 (dct7_3)

                  MLE      1.018

               97.5% lower bound not found last estimate     -3.645 Deviance   896.539
               97.5% upper bound        6.43


 *** WARNING: Parameter goiter_df_pal_2 changed by 2.9% MLE may be infinite or may not exist


bounds 21@

      Profile likelihood bounds for parameter 21 (dct7_4)

                  MLE      2.405

               97.5% lower bound not found last estimate    -0.5395 Deviance    915.57
               97.5% upper bound       10.77


 *** WARNING: Parameter goiter_df_pal_2 changed by 3.0% MLE may be infinite or may not exist


bounds 22@

      Profile likelihood bounds for parameter 22 (dct7_5)

                  MLE      4.894

               97.5% lower bound not found last estimate       -2.1 Deviance   885.364
               97.5% upper bound       19.83


 *** WARNING: Parameter goiter_df_pal_2 changed by 2.9% MLE may be infinite or may not exist


bounds 23@

      Profile likelihood bounds for parameter 23 (dct7_6)

                  MLE      6.723

               97.5% lower bound not found last estimate      -6.04 Deviance   891.336
               97.5% upper bound       29.51


 *** WARNING: Parameter goiter_df_pal_2 changed by 3.1% MLE may be infinite or may not exist



!!!!!!!!!!!!!!!!!!!!!!!!!
!                       !
! Small                 !
!                       !
!!!!!!!!!!!!!!!!!!!!!!!!!


select (nod_sz2==1 or thnod_prev==0) and dgy<5  @

10980 records to be used



freq dct7 thnod_prev @

Entries:
         count

Using (nod_sz2==1 or thnod_prev==0) and dgy<5  

             thnod_prev
dct7       |         0         1 |  Total
-----------+---------------------+----------
      1    |      2972       170 |      3142
      2    |      2138       129 |      2267
      3    |      1961        98 |      2059
      4    |      1682        94 |      1776
      5    |      1076        70 |      1146
      6    |       565        25 |       590
      7    |         0         0 |         0
-----------+---------------------+----------
     Total |     10394       586 |     10980



nomodel@
logl 0 sex_l lage21 ur_rur obl_mn goiter_df_pal tvlarge any_fhf1@ 

line 1 dct7 @ 

logl 1 ex5@

para 18=0@

fit@

          Iter  Step      Deviance

             0     0    15221.512
             1     0     5410.665
             2     0     4462.742
             3     0     4315.903
             4     0     4305.361
             5     0     4305.068
             6     0     4305.041
             7     0     4305.036
             8     0     4305.035
             9     0     4305.034
            10     0     4305.034

Binomial odds regression
Additive excess relative risk T0 * (1 + T1 + T2 + ...)

Using (nod_sz2==1 or thnod_prev==0) and dgy<5  

thnod_prev is used for cases
Bernoulli trials


                            Parameter Summary Table

 # Name                            Estimate     Std.Err.  Test Stat.  P value
-- ----------------------------   ----------   ---------  ----------  --------
Log-linear term 0
 1 %CON.....................         -3.779      0.1499     -25.22    < 0.001
 3 SEX_L_1..................         0.1992     0.08847      2.252     0.0243
 5 UR_RUR_1.................         0.3361     0.09744       3.45    < 0.001
 7 obl_mn_2.................        0.09885      0.1121     0.8818      0.378
 8 obl_mn_3.................        -0.3871       0.178     -2.175     0.0296
10 goiter_df_pal_1..........         0.8160      0.1059      7.709    < 0.001
11 goiter_df_pal_2..........        -0.2499       1.029    -0.2429      > 0.5
13 tvlarge_1................         0.5408      0.1449      3.731    < 0.001
15 ANY_FHF1_1...............         0.5188      0.1315      3.946    < 0.001
16 ANY_FHF1_2...............         0.4071      0.2803      1.452      0.146
17 lage21...................          2.703      0.3284      8.231    < 0.001

Linear term 1
18 dct7_1...................          0.000       Fixed      0.7627      0.446
19 dct7_2...................        0.08782      0.1834     0.4787      > 0.5
20 dct7_3...................         0.1714       0.208      0.824       0.41
21 dct7_4...................         0.4395      0.2908      1.511      0.131
22 dct7_5...................         0.8861      0.4569      1.939     0.0525
23 dct7_6...................         0.4732      0.3771      1.255       0.21
24 dct7_7...................          0.000     Aliased

Log-linear term 1
25 ex5......................        -0.2729      0.1022      -2.67    0.00758

            Records used        10980

                Deviance     4305.034
                     AIC     4339.034
            Pearson Chi2     10829.89      Degrees of freedom   10963




bounds 19@  

      Profile likelihood bounds for parameter 19 (dct7_2)

                  MLE    0.08782

               97.5% lower bound     -0.2033
               97.5% upper bound      0.7033


bounds 20@

      Profile likelihood bounds for parameter 20 (dct7_3)

                  MLE     0.1714

               97.5% lower bound     -0.1283
               97.5% upper bound      0.7306


bounds 21@

      Profile likelihood bounds for parameter 21 (dct7_4)

                  MLE     0.4395

               97.5% lower bound not found last estimate    -0.1277 Deviance  4228.944
               97.5% upper bound       1.237


bounds 22@

      Profile likelihood bounds for parameter 22 (dct7_5)

                  MLE     0.8861

               97.5% lower bound not found last estimate    -0.2994 Deviance  4203.104
               97.5% upper bound       2.057


bounds 23@

      Profile likelihood bounds for parameter 23 (dct7_6)

                  MLE     0.4732

               97.5% lower bound not found last estimate     -0.289 Deviance  4232.641
               97.5% upper bound       1.484


 *** WARNING: Parameter lage21 changed by 115.6% MLE may be infinite or may not exist



!!!!!!!!!!!!!!!!!!!!!!!!!
!                       !
! Large                 !
!                       !
!!!!!!!!!!!!!!!!!!!!!!!!!

select (nod_sz2==2 or thnod_prev==0) and dgy<5 @

10660 records to be used



freq dct7 thnod_prev @

Entries:
         count

Using (nod_sz2==2 or thnod_prev==0) and dgy<5 

             thnod_prev
dct7       |         0         1 |  Total
-----------+---------------------+----------
      1    |      2972        61 |      3033
      2    |      2138        40 |      2178
      3    |      1961        60 |      2021
      4    |      1682        35 |      1717
      5    |      1076        40 |      1116
      6    |       565        30 |       595
      7    |         0         0 |         0
-----------+---------------------+----------
     Total |     10394       266 |     10660




nomodel@
logl 0 sex_l lage21 ur_rur obl_mn goiter_df_pal tvlarge any_fhf1@ 

line 1 dct7 @ 

logl 1 ex5@

para 18=0@

fit@

          Iter  Step      Deviance

             0     0    14777.898
             1     0     3930.600
             2     0     2596.064
             3     0     2281.692
             4     0     2222.570
             5     0     2217.073
             6     0     2216.597
             7     0     2216.572
             8     0     2216.563
             9     0     2216.560
            10     0     2216.559
            11     0     2216.558
            12     0     2216.558

Binomial odds regression
Additive excess relative risk T0 * (1 + T1 + T2 + ...)

Using (nod_sz2==2 or thnod_prev==0) and dgy<5 

thnod_prev is used for cases
Bernoulli trials


                            Parameter Summary Table

 # Name                            Estimate     Std.Err.  Test Stat.  P value
-- ----------------------------   ----------   ---------  ----------  --------
Log-linear term 0
 1 %CON.....................         -5.085      0.2442     -20.82    < 0.001
 3 SEX_L_1..................         0.4464      0.1351      3.303    < 0.001
 5 UR_RUR_1.................        0.03690      0.1376     0.2682      > 0.5
 7 obl_mn_2.................      -0.009521      0.1712   -0.05561      > 0.5
 8 obl_mn_3.................        0.04091      0.2281     0.1793      > 0.5
10 goiter_df_pal_1..........          1.431      0.1389       10.3    < 0.001
11 goiter_df_pal_2..........         -9.134       147.7   -0.06185      > 0.5
13 tvlarge_1................         0.8408      0.1775      4.736    < 0.001
15 ANY_FHF1_1...............         0.4184      0.1939      2.158     0.0309
16 ANY_FHF1_2...............         0.1079      0.4336     0.2488      > 0.5
17 lage21...................          3.311      0.5642      5.869    < 0.001

Linear term 1
18 dct7_1...................          0.000       Fixed      0.7904      0.429
19 dct7_2...................         0.2142      0.4048      0.529      > 0.5
20 dct7_3...................          1.280      0.7065      1.812       0.07
21 dct7_4...................         0.5491      0.5364      1.024      0.306
22 dct7_5...................          3.553       1.481        2.4     0.0164
23 dct7_6...................          5.431       2.238      2.427     0.0152
24 dct7_7...................          0.000     Aliased

Log-linear term 1
25 ex5......................        -0.2315     0.05597     -4.136    < 0.001

            Records used        10660

                Deviance     2216.558
                     AIC     2250.558
            Pearson Chi2     11076.38      Degrees of freedom   10643




 *** WARNING: Parameter goiter_df_pal_2 changed by 12.2% MLE may be infinite or may not exist


bounds 19@  

      Profile likelihood bounds for parameter 19 (dct7_2)

                  MLE     0.2142

               97.5% lower bound     -0.3305
               97.5% upper bound       1.449


 *** WARNING: Parameter goiter_df_pal_2 changed by 4.5% MLE may be infinite or may not exist


bounds 20@

      Profile likelihood bounds for parameter 20 (dct7_3)

                  MLE       1.28

               97.5% lower bound       0.242
               97.5% upper bound       3.355


 *** WARNING: Parameter goiter_df_pal_2 changed by 4.3% MLE may be infinite or may not exist


bounds 21@

      Profile likelihood bounds for parameter 21 (dct7_4)

                  MLE     0.5491

               97.5% lower bound     -0.1734
               97.5% upper bound       2.082


 *** WARNING: Parameter goiter_df_pal_2 changed by 3.9% MLE may be infinite or may not exist


bounds 22@

      Profile likelihood bounds for parameter 22 (dct7_5)

                  MLE      3.553

               97.5% lower bound       1.442
               97.5% upper bound       7.718


 *** WARNING: Parameter goiter_df_pal_2 changed by 3.9% MLE may be infinite or may not exist


bounds 23@

      Profile likelihood bounds for parameter 23 (dct7_6)

                  MLE      5.431

               97.5% lower bound       2.232
               97.5% upper bound       11.94


 *** WARNING: Parameter goiter_df_pal_2 changed by 4.3% MLE may be infinite or may not exist



!!!!!!!!!!!!!!!!!!!!!!!!!
!                       !
! Single                !
!                       !
!!!!!!!!!!!!!!!!!!!!!!!!!

select (mult==1 or thnod_prev==0)  and dgy<5 @

11021 records to be used



freq dct7 thnod_prev @

Entries:
         count

Using (mult==1 or thnod_prev==0)  and dgy<5 

             thnod_prev
dct7       |         0         1 |  Total
-----------+---------------------+----------
      1    |      2972       167 |      3139
      2    |      2138       125 |      2263
      3    |      1961       112 |      2073
      4    |      1682       101 |      1783
      5    |      1076        81 |      1157
      6    |       565        41 |       606
      7    |         0         0 |         0
-----------+---------------------+----------
     Total |     10394       627 |     11021


nomodel@
logl 0 sex_l lage21 ur_rur obl_mn goiter_df_pal tvlarge any_fhf1@ 

line 1 dct7 @ 

logl 1 ex5@

para 18=0@

fit@

          Iter  Step      Deviance

             0     0    15278.350
             1     0     5586.153
             2     0     4692.441
             3     0     4535.561
             4     0     4525.584
             5     0     4525.296
             6     0     4525.240
             7     0     4525.234
             8     0     4525.233
             9     0     4525.233

Binomial odds regression
Additive excess relative risk T0 * (1 + T1 + T2 + ...)

Using (mult==1 or thnod_prev==0)  and dgy<5 

thnod_prev is used for cases
Bernoulli trials


                            Parameter Summary Table

 # Name                            Estimate     Std.Err.  Test Stat.  P value
-- ----------------------------   ----------   ---------  ----------  --------
Log-linear term 0
 1 %CON.....................         -3.804      0.1508     -25.22    < 0.001
 3 SEX_L_1..................         0.3427     0.08681      3.948    < 0.001
 5 UR_RUR_1.................         0.1593     0.09245      1.723     0.0849
 7 obl_mn_2.................        0.08920      0.1117     0.7984      0.425
 8 obl_mn_3.................        -0.1649       0.163     -1.012      0.312
10 goiter_df_pal_1..........         0.9971     0.09816      10.16    < 0.001
11 goiter_df_pal_2..........        -0.2759       1.027    -0.2685      > 0.5
13 tvlarge_1................         0.4481      0.1409      3.181    0.00147
15 ANY_FHF1_1...............         0.4301      0.1301      3.306    < 0.001
16 ANY_FHF1_2...............         0.2499      0.2881     0.8672      0.386
17 lage21...................          2.678      0.3338      8.022    < 0.001

Linear term 1
18 dct7_1...................          0.000       Fixed       1.042      0.297
19 dct7_2...................         0.2629       0.235      1.118      0.263
20 dct7_3...................         0.3468       0.255       1.36      0.174
21 dct7_4...................         0.5514      0.3071      1.796     0.0726
22 dct7_5...................          1.504       0.536      2.806    0.00502
23 dct7_6...................          1.472      0.6089      2.417     0.0156
24 dct7_7...................          0.000     Aliased

Log-linear term 1
25 ex5......................        -0.2267     0.06006     -3.774    < 0.001

            Records used        11021

                Deviance     4525.233
                     AIC     4559.233
            Pearson Chi2     10915.29      Degrees of freedom   11004




bounds 19@  

      Profile likelihood bounds for parameter 19 (dct7_2)

                  MLE     0.2629

               97.5% lower bound     -0.1255
               97.5% upper bound      0.8959


bounds 20@

      Profile likelihood bounds for parameter 20 (dct7_3)

                  MLE     0.3468

               97.5% lower bound    -0.04466
               97.5% upper bound      0.9925


bounds 21@

      Profile likelihood bounds for parameter 21 (dct7_4)

                  MLE     0.5514

               97.5% lower bound      0.0639
               97.5% upper bound        1.34


bounds 22@

      Profile likelihood bounds for parameter 22 (dct7_5)

                  MLE      1.504

               97.5% lower bound      0.6081
               97.5% upper bound       2.829


bounds 23@

      Profile likelihood bounds for parameter 23 (dct7_6)

                  MLE      1.472

               97.5% lower bound      0.5411
               97.5% upper bound       2.998




!!!!!!!!!!!!!!!!!!!!!!!!!
!                       !
! Multiple              !
!                       !
!!!!!!!!!!!!!!!!!!!!!!!!!

select (mult==2 or thnod_prev==0) and dgy<5 @

10619 records to be used



freq dct7 thnod_prev @

Entries:
         count

Using (mult==2 or thnod_prev==0) and dgy<5 

             thnod_prev
dct7       |         0         1 |  Total
-----------+---------------------+----------
      1    |      2972        64 |      3036
      2    |      2138        44 |      2182
      3    |      1961        46 |      2007
      4    |      1682        28 |      1710
      5    |      1076        29 |      1105
      6    |       565        14 |       579
      7    |         0         0 |         0
-----------+---------------------+----------
     Total |     10394       225 |     10619


nomodel@
logl 0 sex_l lage21 ur_rur obl_mn goiter_df_pal tvlarge any_fhf1@ 

line 1 dct7 @ 

logl 1 ex5@

para 18=0@

fit@

          Iter  Step      Deviance

             0     0    14721.060
             1     0     3744.464
             2     0     2363.623
             3     0     2032.199
             4     0     1963.048
             5     0     1955.505
             6     0     1955.146
             7     0     1955.106
             8     0     1955.092
             9     0     1955.092
            10     0     1955.092

Binomial odds regression
Additive excess relative risk T0 * (1 + T1 + T2 + ...)

Using (mult==2 or thnod_prev==0) and dgy<5 

thnod_prev is used for cases
Bernoulli trials


                            Parameter Summary Table

 # Name                            Estimate     Std.Err.  Test Stat.  P value
-- ----------------------------   ----------   ---------  ----------  --------
Log-linear term 0
 1 %CON.....................         -5.010      0.2343     -21.38    < 0.001
 3 SEX_L_1..................        0.07077      0.1414     0.5007      > 0.5
 5 UR_RUR_1.................         0.4721      0.1565      3.018    0.00255
 7 obl_mn_2.................       0.005437      0.1721    0.03159      > 0.5
 8 obl_mn_3.................        -0.3977      0.2688      -1.48      0.139
10 goiter_df_pal_1..........          1.093      0.1588      6.882    < 0.001
11 goiter_df_pal_2..........         -4.988       19.36    -0.2577      > 0.5
13 tvlarge_1................          1.092      0.1884      5.798    < 0.001
15 ANY_FHF1_1...............         0.6670      0.1987      3.357    < 0.001
16 ANY_FHF1_2...............         0.5215      0.4075       1.28      0.201
17 lage21...................          3.418      0.5138      6.653    < 0.001

Linear term 1
18 dct7_1...................          0.000       Fixed      0.5623      > 0.5
19 dct7_2...................        -0.1855      0.1437     -1.291      0.197
20 dct7_3...................         0.4323      0.4081      1.059      0.289
21 dct7_4...................         0.2544      0.3539     0.7188      0.472
22 dct7_5...................          1.263      0.8603      1.468      0.142
23 dct7_6...................          1.271      0.9709      1.309      0.191
24 dct7_7...................          0.000     Aliased

Log-linear term 1
25 ex5......................        -0.3702      0.1381      -2.68    0.00735

            Records used        10619

                Deviance     1955.092
                     AIC     1989.092
            Pearson Chi2     10425.04      Degrees of freedom   10602




 *** WARNING: Parameter goiter_df_pal_2 changed by 20.0% MLE may be infinite or may not exist


bounds 19@  

      Profile likelihood bounds for parameter 19 (dct7_2)

                  MLE    -0.1855

               97.5% lower bound not found last estimate    -0.5591 Deviance  1941.172
               97.5% upper bound      0.3894


 *** WARNING: Parameter goiter_df_pal_2 changed by 4.3% MLE may be infinite or may not exist


bounds 20@

      Profile likelihood bounds for parameter 20 (dct7_3)

                  MLE     0.4323

               97.5% lower bound     -0.0625
               97.5% upper bound       1.817


 *** WARNING: Parameter goiter_df_pal_2 changed by 4.7% MLE may be infinite or may not exist


bounds 21@

      Profile likelihood bounds for parameter 21 (dct7_4)

                  MLE     0.2544

               97.5% lower bound not found last estimate    -0.3396 Deviance   1934.38
               97.5% upper bound        1.43


 *** WARNING: Parameter goiter_df_pal_2 changed by 4.7% MLE may be infinite or may not exist


bounds 22@

      Profile likelihood bounds for parameter 22 (dct7_5)

                  MLE      1.263

               97.5% lower bound not found last estimate    -0.4131 Deviance  1934.991
               97.5% upper bound       3.953


 *** WARNING: Parameter goiter_df_pal_2 changed by 4.5% MLE may be infinite or may not exist


bounds 23@

      Profile likelihood bounds for parameter 23 (dct7_6)

                  MLE      1.271

               97.5% lower bound not found last estimate     0.2302 Deviance  1961.047
               97.5% upper bound       4.375


 *** WARNING: Parameter goiter_df_pal_2 changed by 4.7% MLE may be infinite or may not exist




